Start
Set parameter TimeLimit to value 7200
Set parameter CrossoverBasis to value 0
Set parameter NodefileDir to value ""
Set parameter NonConvex to value 2
Set parameter PreSOS2BigM to value 0
Set parameter TuneTrials to value 3
Gurobi Optimizer version 10.0.1 build v10.0.1rc0 (win64)

CPU model: Intel(R) Core(TM) i7-9700 CPU @ 3.00GHz, instruction set [SSE2|AVX|AVX2]
Thread count: 8 physical cores, 8 logical processors, using up to 8 threads

Optimize a model with 561 rows, 1683 columns and 17323 nonzeros
Model fingerprint: 0x16e9a94c
Model has 18690 quadratic constraints
Variable types: 19 continuous, 1664 integer (1664 binary)
Coefficient statistics:
  Matrix range     [1e+00, 1e+02]
  QMatrix range    [1e+02, 1e+02]
  QLMatrix range   [1e+00, 1e+00]
  Objective range  [1e+00, 1e+00]
  Bounds range     [1e+00, 1e+00]
  RHS range        [1e+00, 1e+02]
  QRHS range       [1e+02, 1e+02]
Presolve removed 1650 rows and 30 columns (presolve time = 11s) ...
Presolve added 0 rows and 1 columns
Presolve removed 59 rows and 0 columns
Presolve time: 10.69s
Presolved: 34762 rows, 18814 columns, 112531 nonzeros
Variable types: 17 continuous, 18797 integer (18797 binary)
Deterministic concurrent LP optimizer: primal and dual simplex
Showing first log only...


Root simplex log...

Iteration    Objective       Primal Inf.    Dual Inf.      Time
       0    0.0000000e+00   7.208750e+01   1.103180e+08     12s
Concurrent spin time: 0.08s

Solved with dual simplex

Root relaxation: objective 0.000000e+00, 673 iterations, 0.38 seconds (0.27 work units)
Total elapsed time = 12.16s

    Nodes    |    Current Node    |     Objective Bounds      |     Work
 Expl Unexpl |  Obj  Depth IntInf | Incumbent    BestBd   Gap | It/Node Time

     0     0    0.00000    0   50          -    0.00000      -     -   13s
     0     0    0.00000    0   97          -    0.00000      -     -   16s
     0     0    0.00000    0   61          -    0.00000      -     -   17s
     0     0    0.41837    0   87          -    0.41837      -     -   20s
     0     0    2.56047    0  149          -    2.56047      -     -   21s
     0     0    2.56047    0   94          -    2.56047      -     -   25s
     0     0    2.56047    0   65          -    2.56047      -     -   27s
     0     0    2.96668    0  127          -    2.96668      -     -   28s
     0     0    2.96668    0  142          -    2.96668      -     -   29s
H    0     0                      83.0000000    2.96668  96.4%     -   29s
H    0     0                      66.2500000    2.96668  95.5%     -   32s
     0     0    5.17406    0  139   66.25000    5.17406  92.2%     -   32s
     0     0    5.33523    0  124   66.25000    5.33523  91.9%     -   33s
     0     0    5.68371    0  180   66.25000    5.68371  91.4%     -   34s
     0     0    5.68371    0  125   66.25000    5.68371  91.4%     -   34s
     0     0    6.25087    0  213   66.25000    6.25087  90.6%     -   39s
     0     0    6.25087    0  167   66.25000    6.25087  90.6%     -   39s
     0     0    7.13136    0  164   66.25000    7.13136  89.2%     -   43s
     0     0    7.13136    0  139   66.25000    7.13136  89.2%     -   43s
     0     0    7.30414    0  185   66.25000    7.30414  89.0%     -   45s
H    0     0                      65.1500000    7.30414  88.8%     -   45s
     0     0    7.30414    0  158   65.15000    7.30414  88.8%     -   45s
     0     0    8.00227    0  149   65.15000    8.00227  87.7%     -   47s
     0     0    8.05004    0  121   65.15000    8.05004  87.6%     -   48s
     0     0    8.05004    0  163   65.15000    8.05004  87.6%     -   49s
     0     0    8.05004    0  105   65.15000    8.05004  87.6%     -   50s
     0     2    8.05004    0   91   65.15000    8.05004  87.6%     -   52s
    15    22    9.79763    4  186   65.15000    9.79763  85.0%   372   55s
    94   102   12.75000   13  138   65.15000   12.10000  81.4%   153   60s
   147   160   12.75000   18  119   65.15000   12.10000  81.4%   124   65s
   214   179   12.75000   19   90   65.15000   12.10000  81.4%   101   70s
H  238   179                      64.3000000   12.10000  81.2%  91.6   71s
   351   439   12.75000   25  107   64.30000   12.10000  81.2%  80.7   81s
   568   835   12.75000   31   68   64.30000   12.10000  81.2%  61.3   90s
  1128  1147   12.75000   48  105   64.30000   12.10000  81.2%  42.7  100s
  1620  1148   24.22820   47 9379   64.30000   12.10000  81.2%  40.6  112s
  1622  1149   25.50000  126  132   64.30000   17.90000  72.2%  40.6  129s
  1623  1150   17.90000   88   98   64.30000   17.90000  72.2%  40.5  130s
  1624  1151   17.90000   51  101   64.30000   17.90000  72.2%  40.5  137s
  1625  1151   18.10176   43   71   64.30000   18.10176  71.8%  40.5  143s
  1626  1152   18.73338   69  102   64.30000   18.73338  70.9%  40.5  152s
  1627  1153   19.10326   17   72   64.30000   19.10326  70.3%  40.4  162s
  1628  1153   30.07436   46   76   64.30000   19.56414  69.6%  40.4  168s
  1630  1155   21.03008   47  107   64.30000   21.03008  67.3%  40.4  172s
  1632  1156   25.50000   70   96   64.30000   21.36920  66.8%  40.3  178s
  1634  1157   22.46592  103  128   64.30000   22.46592  65.1%  40.3  183s
  1636  1159   22.78880   65  131   64.30000   22.78880  64.6%  40.2  187s
  1639  1161   25.50000  102  119   64.30000   25.09908  61.0%  40.1  191s
  1642  1163   25.09908   52  114   64.30000   25.09908  61.0%  40.1  195s
  1648  1167   25.09908   10  118   64.30000   25.09908  61.0%  39.9  200s
  1651  1169   25.09908   29  120   64.30000   25.09908  61.0%  39.8  206s
  1654  1171   25.14488  116  142   64.30000   25.14488  60.9%  39.8  213s
  1656  1172   31.45000   22  109   64.30000   25.51747  60.3%  39.7  216s
  1658  1173   25.60788   12   84   64.30000   25.60788  60.2%  39.7  220s
  1663  1177   26.23045   62   84   64.30000   26.23045  59.2%  39.6  225s
  1666  1179   26.23045   53   66   64.30000   26.23045  59.2%  39.5  230s
  1669  1181   26.39235   64   93   64.30000   26.39235  59.0%  39.4  238s
  1670  1181   28.20000   45   87   64.30000   26.39235  59.0%  39.4  240s
  1675  1185   26.86013   60  122   64.30000   26.86013  58.2%  39.3  245s
  1678  1187   26.89956  123  121   64.30000   26.89956  58.2%  39.2  250s
  1685  1191   27.75350   61  103   64.30000   27.75350  56.8%  39.0  255s
  1689  1194   28.37872   68  100   64.30000   28.37872  55.9%  38.9  261s
  1694  1197   28.44968   97   95   64.30000   28.44968  55.8%  38.8  265s
  1700  1201   28.89662   23   67   64.30000   28.89662  55.1%  38.7  270s
  1702  1203   28.90000   39   45   64.30000   28.90000  55.1%  38.7  275s
  1706  1205   28.90001   74  115   64.30000   28.90001  55.1%  38.6  281s
  1707  1206   28.90001  103  115   64.30000   28.90001  55.1%  38.5  285s
  1722  1220   28.90001   18   50   64.30000   28.90001  55.1%  66.6  290s
  1754  1237   28.90001   20   68   64.30000   28.90001  55.1%  69.9  295s
  1770  1246   28.90001   21   46   64.30000   28.90001  55.1%  70.0  303s
  1778  1248   28.90001   22   55   64.30000   28.90001  55.1%  70.2  308s
H 1786  1184                      64.3000000   28.90001  55.1%  70.4  308s
  1801  1196   28.90001   23   57   64.30000   28.90001  55.1%  70.4  310s
H 1816  1137                      64.3000000   28.90001  55.1%  72.1  314s
  1823  1155 infeasible   24        64.30000   28.90001  55.1%  72.2  317s
  1856  1158   28.90001   27   53   64.30000   28.90001  55.1%  73.5  323s
  1878  1195 infeasible   27        64.30000   28.90001  55.1%  73.4  327s
  1949  1241   45.90000   29   44   64.30000   28.90001  55.1%  72.7  333s
  2061  1222   28.90001   33   42   64.30000   28.90001  55.1%  71.8  339s
  2107  1304 infeasible   33        64.30000   28.90001  55.1%  71.9  346s
  2235  1475   50.25000   36   35   64.30000   28.90001  55.1%  72.1  360s
  2552  1592   28.90005   65   78   64.30000   28.90001  55.1%  72.6  379s
H 2656  1491                      61.3000000   28.90001  52.9%  72.1  379s
H 2870  1590                      60.7500000   28.90001  52.4%  73.1  420s
  3209  2278   35.25252   38   43   60.75000   28.90001  52.4%  74.4  453s
H 3211  2228                      60.7500000   28.90001  52.4%  74.3  453s
  4246  2898   28.90038   48   87   60.75000   28.90001  52.4%  69.2  483s
  5698  3042 infeasible  126        60.75000   28.90001  52.4%  60.5  499s
  6038  3176   28.90030   51   50   60.75000   28.90001  52.4%  61.4  530s
  6286  3348   28.90036  106   87   60.75000   28.90001  52.4%  63.0  551s
  6600  3926   42.20496   71   63   60.75000   28.90001  52.4%  65.0  574s
  7367  4997   36.90092  166   63   60.75000   28.90001  52.4%  64.6  601s
H 8177  4982                      59.9000000   28.90001  51.8%  61.1  601s
  8802  5412   30.78657   53   38   59.90000   28.90001  51.8%  59.0  618s
  9441  5608 infeasible   81        59.90000   28.90001  51.8%  57.6  639s
H 9628  5608                      59.9000000   28.90001  51.8%  58.5  639s
  9781  6753   28.90001   35   63   59.90000   28.90001  51.8%  58.9  667s
 11406  6991 infeasible   46        59.90000   28.90001  51.8%  56.7  712s
 11795  7071   37.40000   87   41   59.90000   28.90001  51.8%  58.0  732s
 11960  7420 infeasible   62        59.90000   28.90001  51.8%  58.9  753s
 12537  7560   28.90001   27   96   59.90000   28.90001  51.8%  60.4  778s
 12834  8136   28.90001   46  107   59.90000   28.90001  51.8%  61.6  804s
 13669 10377   50.18277   49   57   59.90000   28.90001  51.8%  62.1  856s
 16893 10378   57.66966  113 8061   59.90000   28.90001  51.8%  56.6  875s
 16895 10379   36.90057   89   54   59.90000   28.90001  51.8%  56.6  880s
 16899 10382   29.23850  118   87   59.90000   29.23850  51.2%  56.6  885s
 16902 10384   32.55152   93   96   59.90000   32.55152  45.7%  56.6  890s
 16907 10387   44.95123   61   77   59.90000   42.46669  29.1%  56.6  895s
 16911 10390   42.52953   75   83   59.90000   42.52953  29.0%  56.6  900s
 16916 10393   43.64656   46  107   59.90000   43.64656  27.1%  56.6  905s
 16921 10397   43.70388   68   79   59.90000   43.70388  27.0%  56.5  911s
 16925 10399   43.78584  131   95   59.90000   43.78584  26.9%  56.5  915s
 16931 10403   54.34936  203   52   59.90000   45.72222  23.7%  56.5  921s
 16935 10406   45.73643   24   92   59.90000   45.73643  23.6%  56.5  926s
 16939 10409   45.76042   95   88   59.90000   45.76042  23.6%  56.5  930s
 16942 10411   45.76042   33   69   59.90000   45.76042  23.6%  56.5  937s
 16943 10411   45.76042   27   83   59.90000   45.76042  23.6%  56.5  940s
 16946 10413   45.84301  186   91   59.90000   45.84301  23.5%  56.5  945s
 16950 10416   45.91852   40  119   59.90000   45.91852  23.3%  56.4  950s
 16954 10419   51.85000   99   90   59.90000   45.92767  23.3%  56.4  955s
 16956 10420   45.92767   77   77   59.90000   45.92767  23.3%  56.4  963s
 16957 10421   51.85000   70   85   59.90000   45.92767  23.3%  56.4  965s
 16959 10422   45.93234   85   85   59.90000   45.93234  23.3%  56.4  970s
 16962 10424   45.97770   76   97   59.90000   45.97770  23.2%  56.4  975s
 16965 10426   46.01482  149  113   59.90000   46.01482  23.2%  56.4  980s
 16969 10429   46.27418  100   94   59.90000   46.27418  22.7%  56.4  986s
 16972 10431   48.45000  138   81   59.90000   46.28543  22.7%  56.4  990s
 16976 10433   46.40426   66  107   59.90000   46.40426  22.5%  56.4  995s
 16980 10436   46.43728   99  110   59.90000   46.43728  22.5%  56.3 1000s
 16984 10439   46.62476  100  113   59.90000   46.62476  22.2%  56.3 1005s
 16989 10442   46.67016   41  120   59.90000   46.67016  22.1%  56.3 1010s
 16992 10444   46.76259   60   92   59.90000   46.76259  21.9%  56.3 1015s
 16996 10447   46.86490   48  105   59.90000   46.86490  21.8%  56.3 1020s
 16998 10448   46.88240   42  106   59.90000   46.88240  21.7%  56.3 1025s
 17001 10450   46.88774  115  109   59.90000   46.88774  21.7%  56.3 1030s
 17003 10451   46.89494  120  141   59.90000   46.89494  21.7%  56.3 1036s
 17005 10453   46.90044   63  114   59.90000   46.90044  21.7%  56.3 1043s
 17006 10453   46.93681   39  130   59.90000   46.93681  21.6%  56.3 1046s
 17008 10455   57.00000   74  128   59.90000   46.96722  21.6%  56.2 1050s
 17010 10456   46.98209   51  122   59.90000   46.98209  21.6%  56.2 1056s
 17011 10457   46.98301   75  162   59.90000   46.98301  21.6%  56.2 1060s
 17013 10458   46.98665  100  188   59.90000   46.98665  21.6%  56.2 1067s
 17014 10459   46.98671   57  190   59.90000   46.98671  21.6%  56.2 1070s
 17016 10460   46.98948   46  171   59.90000   46.98948  21.6%  56.2 1078s
 17017 10461   46.98975   80  186   59.90000   46.98975  21.6%  56.2 1082s
 17018 10461   46.99026  143  176   59.90000   46.99026  21.6%  56.2 1085s
 17020 10463   46.99223  119  178   59.90000   46.99223  21.5%  56.2 1091s
 17021 10463   46.99271   68  150   59.90000   46.99271  21.5%  56.2 1095s
 17024 10465   46.99458  118  159   59.90000   46.99458  21.5%  56.2 1102s
 17026 10467   46.99752   46  156   59.90000   46.99752  21.5%  56.2 1108s
 17027 10467   46.99771   98  191   59.90000   46.99771  21.5%  56.2 1111s
 17029 10469   46.99812   64  163   59.90000   46.99812  21.5%  56.2 1116s
 17031 10470   54.34936  203  178   59.90000   47.00157  21.5%  56.2 1123s
 17032 10471   47.00160   33  189   59.90000   47.00160  21.5%  56.2 1125s
 17034 10472   47.00401   58  168   59.90000   47.00401  21.5%  56.2 1131s
 17035 10473   47.00403   24  194   59.90000   47.00403  21.5%  56.2 1135s
 17037 10474   47.00733   94  172   59.90000   47.00733  21.5%  56.2 1140s
 17039 10475   47.01144   95  176   59.90000   47.01144  21.5%  56.1 1145s
 17040 10476   47.03558  163  155   59.90000   47.03558  21.5%  56.1 1150s
 17042 10477   47.07022   33  173   59.90000   47.07022  21.4%  56.1 1157s
 17043 10478   47.07355   27  175   59.90000   47.07355  21.4%  56.1 1160s
 17045 10479   47.10204   97  193   59.90000   47.10204  21.4%  56.1 1165s
 17047 10481   47.10878   60  231   59.90000   47.10878  21.4%  56.1 1171s
 17049 10482   47.10963  188  202   59.90000   47.10963  21.4%  56.1 1175s
 17052 10484   47.11059   66  222   59.90000   47.11059  21.4%  56.1 1181s
 17055 10486   47.11102   36  263   59.90000   47.11102  21.4%  56.1 1189s
 17056 10487   47.11106   77  250   59.90000   47.11106  21.4%  56.1 1191s
 17059 10491   47.11136   26  170   59.90000   47.11136  21.3%  63.6 1197s
 17064 10496   47.11482   28  167   59.90000   47.11322  21.3%  64.1 1200s
 17086 10511   47.65509   30   54   59.90000   47.13000  21.3%  65.2 1213s
 17102 10519   47.72510   31   86   59.90000   47.13050  21.3%  65.4 1215s
 17126 10526   47.65643   32   79   59.90000   47.13090  21.3%  65.5 1234s
 17135 10531   47.65643   33   84   59.90000   47.13660  21.3%  65.7 1235s
 17193 10539   47.65643   37   67   59.90000   47.13660  21.3%  65.8 1241s
 17241 10538   47.65643   40   71   59.90000   47.13660  21.3%  66.3 1255s
 17267 10554   47.65643   42   64   59.90000   47.13660  21.3%  66.5 1260s
 17341 10564   47.92876   48   64   59.90000   47.13660  21.3%  67.1 1283s
 17353 10569 infeasible   49        59.90000   47.13660  21.3%  67.2 1285s
 17421 10582 infeasible   56        59.90000   47.13660  21.3%  67.6 1290s
 17488 10592   49.17745   61   53   59.90000   47.13660  21.3%  67.7 1296s
 17569 10607   49.17745   66   55   59.90000   47.13660  21.3%  68.1 1302s
 17601 10609   50.08477   68   45   59.90000   47.13660  21.3%  68.5 1306s
 17674 10632 infeasible   75        59.90000   47.13876  21.3%  68.8 1314s
 17720 10641   47.29810   32   99   59.90000   47.13876  21.3%  69.1 1318s
 17762 10644   47.56914   33   66   59.90000   47.13876  21.3%  69.3 1322s
 17809 10646   47.56914   40   55   59.90000   47.13876  21.3%  69.7 1326s
 17851 10647   47.66410   43   69   59.90000   47.13876  21.3%  70.1 1331s
 17896 10639   47.68754   48   76   59.90000   47.13876  21.3%  70.5 1346s
 17923 10646 infeasible   50        59.90000   47.14037  21.3%  70.8 1352s
 17959 10656   47.43050   33   72   59.90000   47.14037  21.3%  71.1 1357s
 18016 10680   47.56885   37   85   59.90000   47.14037  21.3%  71.7 1362s
 18080 10702   48.76914   40   43   59.90000   47.14037  21.3%  71.9 1368s
 18164 10693 infeasible   48        59.90000   47.26608  21.1%  72.1 1374s
 18218 10700   47.57333   35  111   59.90000   47.26608  21.1%  72.7 1379s
 18289 10722   47.57341   40  120   59.90000   47.26608  21.1%  73.1 1385s
 18361 10708   47.90773   49   98   59.90000   47.26608  21.1%  73.4 1390s
 18415 10701   49.14964   54  106   59.90000   47.26608  21.1%  74.1 1396s
 18470 10745   49.14971   59  108   59.90000   47.26608  21.1%  74.8 1403s
 18564 10776   49.14976   65  111   59.90000   47.26608  21.1%  74.9 1409s
 18671 10782   56.01242   65   25   59.90000   47.42067  20.8%  75.3 1416s
 18773 10800   48.98795   47   45   59.90000   47.42067  20.8%  75.8 1424s
 18891 10784 infeasible   51        59.90000   47.52572  20.7%  76.4 1434s
 18980 10786 infeasible   60        59.90000   47.52572  20.7%  77.7 1446s
 19080 10778   54.64952   75   66   59.90000   47.52572  20.7%  78.6 1457s
 19182 10777   57.14332   59   66   59.90000   47.52572  20.7%  79.9 1467s
 19291 10817   49.24797   75   43   59.90000   47.53981  20.6%  81.2 1476s
 19455 10859   49.24797   96   58   59.90000   47.56379  20.6%  82.0 1486s
 19616 10850 infeasible   49        59.90000   47.56421  20.6%  82.7 1495s
 19800 10871   49.32348   44   40   59.90000   47.60404  20.5%  83.8 1504s
 19983 10907 infeasible   59        59.90000   47.60896  20.5%  84.8 1513s
 20141 11039   50.86914   66   37   59.90000   47.60898  20.5%  85.8 1523s
 20378 11147     cutoff   50        59.90000   47.60898  20.5%  86.3 1532s
 20629 11190   48.71778   59   69   59.90000   47.60898  20.5%  86.8 1544s
 20826 11360   50.86914   81   54   59.90000   47.61181  20.5%  87.3 1555s
 21135 11407   49.73020   62   54   59.90000   47.61181  20.5%  87.7 1568s
 21372 11476   48.89747   44   42   59.90000   47.61181  20.5%  88.7 1584s
 21619 11550   48.89747   53   57   59.90000   47.61181  20.5%  89.7 1598s
 21847 11710 infeasible   65        59.90000   47.61181  20.5%  90.1 1611s
 22245 11718   48.76914   85   65   59.90000   47.61181  20.5%  90.7 1623s
 22506 11644   48.87266  115   54   59.90000   47.61181  20.5%  91.9 1663s
 22555 11759 infeasible  118        59.90000   47.61181  20.5%  92.3 1683s
 22774 11936   47.98163   69   48   59.90000   47.62877  20.5%  93.0 1698s
 23198 12000   47.90329   52   56   59.90000   47.63547  20.5%  93.6 1713s
 23559 12005 infeasible   55        59.90000   47.65170  20.4%  94.4 1729s
 23812 12201   47.96321   95   55   59.90000   47.65170  20.4%  95.5 1747s
 24310 12144   51.72852  107   67   59.90000   47.65964  20.4%  96.3 1763s
 24542 12148   50.35691   60   57   59.90000   47.67167  20.4%  97.8 1781s
 24779 12237 infeasible   46        59.90000   47.68019  20.4%   100 1805s
 25154 12179   50.21242   56   42   59.90000   47.69200  20.4%   101 1824s
 25484 12113 infeasible   47        59.90000   47.69995  20.4%   103 1843s
 25679 12105   49.51598   52   73   59.90000   47.71810  20.3%   105 1866s
 25982 12115 infeasible   61        59.90000   47.71880  20.3%   108 1888s
 26240 12162   47.79382   52   66   59.90000   47.71949  20.3%   109 1916s
 26651 12200 infeasible   66        59.90000   47.74170  20.3%   111 1938s
 27102 12060   50.86914   88   37   59.90000   47.77490  20.2%   113 1961s
 27446 12028 infeasible   34        59.90000   47.80669  20.2%   116 1984s
 27833 12186 infeasible   92        59.90000   47.86914  20.1%   118 2011s
 28543 12121   49.22655   51   55   59.90000   47.91467  20.0%   120 2040s
 28992 12020 infeasible   58        59.90000   47.92077  20.0%   122 2068s
 29351 12259   49.83953   63   90   59.90000   47.92512  20.0%   125 2096s
 30008 12155   54.98979   42   56   59.90000   47.94506  20.0%   127 2125s
 30475 12022   57.24974   43   29   59.90000   47.96527  19.9%   130 2154s
 30797 12129     cutoff   53        59.90000   47.98305  19.9%   133 2189s
 31278 12005 infeasible   43        59.90000   48.00251  19.9%   135 2226s
 31710 11862   49.12222   70 6884   59.90000   48.02433  19.8%   138 2251s
 31713 11864   54.72833   76  134   59.90000   48.02433  19.8%   138 2257s
 31714 11865   49.97124   98  173   59.90000   48.02433  19.8%   138 2265s
 31716 11866   49.97222   66  189   59.90000   48.02433  19.8%   138 2272s
 31717 11867   57.23521   60  141   59.90000   48.02433  19.8%   138 2275s
 31719 11868   48.22833  102  117   59.90000   48.02433  19.8%   138 2281s
 31721 11869   49.12222   67  158   59.90000   48.02433  19.8%   138 2285s
 31722 11870   51.22222   57  177   59.90000   48.02433  19.8%   138 2290s
 31724 11871   49.12222  105  126   59.90000   48.02433  19.8%   138 2297s
 31726 11873   50.86914   66  119   59.90000   48.02433  19.8%   138 2302s
 31728 11874   50.86914   61  149   59.90000   48.02433  19.8%   138 2307s
 31730 11875   49.31840  117  165   59.90000   48.02433  19.8%   138 2313s
 31732 11877   48.99786   73  151   59.90000   48.02433  19.8%   138 2317s
 31733 11877   49.37987  131  124   59.90000   48.02433  19.8%   138 2321s
 31734 11878   49.12222   57  149   59.90000   48.02433  19.8%   138 2325s
 31736 11879   48.22222   77  144   59.90000   48.02433  19.8%   138 2331s
 31738 11881   50.86914  100  152   59.90000   48.02433  19.8%   138 2338s
 31739 11881   49.86825   70  160   59.90000   48.02433  19.8%   138 2340s
 31741 11883   48.22222   75  153   59.90000   48.02433  19.8%   138 2348s
 31742 11883   50.07386   75  109   59.90000   48.02433  19.8%   138 2352s
 31744 11885   48.76914   56  151   59.90000   48.02433  19.8%   138 2357s
 31746 11886   49.12222  105  203   59.90000   48.02433  19.8%   138 2362s
 31748 11887   49.12222   79  233   59.90000   48.02433  19.8%   138 2365s
 31750 11889   48.89747   61  190   59.90000   48.02433  19.8%   138 2371s
 31752 11890   54.62222   82   79   59.90000   48.02433  19.8%   138 2380s
 31756 11893   58.28340   68  156   59.90000   48.02433  19.8%   138 2388s
 31758 11894   49.43432   90   89   59.90000   48.02433  19.8%   138 2392s
 31760 11895   48.09526   54  123   59.90000   48.02433  19.8%   138 2397s
 31762 11897   48.89747   72  173   59.90000   48.02433  19.8%   138 2402s
 31764 11898   50.24284   66  178   59.90000   48.02433  19.8%   138 2405s
 31768 11901   55.06440   93  172   59.90000   48.02433  19.8%   138 2412s
 31770 11902   51.67222  108  101   59.90000   48.02433  19.8%   138 2417s
 31772 11903   48.89747   60  153   59.90000   48.02433  19.8%   138 2423s
 31774 11905   50.86914   55  149   59.90000   48.02433  19.8%   138 2427s
 31775 11905   49.12222   79  126   59.90000   48.02433  19.8%   138 2430s
 31777 11907   49.86825   69  170   59.90000   48.02433  19.8%   138 2435s
 31779 11908   55.08435  137  143   59.90000   48.02433  19.8%   138 2440s
 31780 11909   48.62840   50  140   59.90000   48.02433  19.8%   138 2445s
 31782 11910   49.12222   51  177   59.90000   48.02433  19.8%   138 2450s
 31784 11911   52.74676   58  214   59.90000   48.02433  19.8%   138 2455s
 31787 11913   50.86914  104  220   59.90000   48.02433  19.8%   138 2460s
 31789 11915   51.32610   54  188   59.90000   48.02433  19.8%   138 2465s
 31791 11916   48.05955   53  212   59.90000   48.02433  19.8%   138 2471s
 31792 11917   50.12716   67  208   59.90000   48.02433  19.8%   138 2475s
 31794 11918   50.86914   70  197   59.90000   48.02433  19.8%   138 2481s
 31795 11919   54.62222   92  213   59.90000   48.02433  19.8%   138 2486s
 31797 11920   49.12222   69  242   59.90000   48.02433  19.8%   138 2490s
 31800 11922   49.24797   72  208   59.90000   48.02433  19.8%   138 2496s
 31802 11923   57.17543   72  200   59.90000   48.02433  19.8%   138 2500s
 31806 11926   48.97607   45  243   59.90000   48.02433  19.8%   138 2505s
 31808 11927   48.76914   86  231   59.90000   48.02433  19.8%   138 2510s
 31809 11928   50.60617   84  217   59.90000   48.02433  19.8%   138 2515s
 31812 11930   50.17908   62  203   59.90000   48.02433  19.8%   138 2523s
 31813 11931   54.72833   76  215   59.90000   48.02433  19.8%   138 2525s
 31816 11933   49.97222   66  225   59.90000   48.02433  19.8%   138 2532s
 31818 11934   57.14540   63  258   59.90000   48.02433  19.8%   138 2537s
 31819 11935   48.22833  102  237   59.90000   48.02433  19.8%   138 2540s
 31820 11935   48.55382   33  192   59.90000   48.02433  19.8%   138 2545s
 31822 11937   51.22222   57  246   59.90000   48.02433  19.8%   138 2550s
 31824 11938   49.12222  105  177   59.90000   48.02433  19.8%   138 2556s
 31826 11939   50.86914   66  241   59.90000   48.02433  19.8%   138 2562s
 31828 11941   50.86914   61  216   59.90000   48.02433  19.8%   138 2571s
 31830 11942   49.31840  117  259   59.90000   48.02433  19.8%   138 2575s
 31833 11944   49.37987  131  270   59.90000   48.02433  19.8%   138 2580s
 31837 11947   57.16440   58  208   59.90000   48.02433  19.8%   138 2586s
 31840 11949   48.76914   66  193   59.90000   48.02433  19.8%   138 2590s
 31844 11956   48.02433   42  125   59.90000   48.02433  19.8%   143 2597s
 31864 11959   48.02433   45  122   59.90000   48.02433  19.8%   144 2600s
 31888 11969   48.02433   47  126   59.90000   48.02433  19.8%   144 2605s
 31918 11976   48.02433   49  139   59.90000   48.02433  19.8%   144 2610s
 31926 11977   48.25914   49  135   59.90000   48.02433  19.8%   145 2622s
 31952 11983   48.25900   50  129   59.90000   48.02433  19.8%   145 2627s
 31983 12003   48.02433   51  132   59.90000   48.02433  19.8%   145 2630s
 32015 12009   48.02433   52  110   59.90000   48.02433  19.8%   145 2636s
 32064 12004   48.02433   53  147   59.90000   48.02433  19.8%   145 2641s
 32081 12011   48.02433   54  145   59.90000   48.02433  19.8%   145 2652s
 32123 12026   48.02433   56  150   59.90000   48.02433  19.8%   145 2661s
 32161 12039   48.02433   57  150   59.90000   48.02433  19.8%   146 2711s
 32215 12086   48.02433   58  132   59.90000   48.02433  19.8%   146 2717s
 32294 12116   48.02433   60  133   59.90000   48.02433  19.8%   146 2722s
 32330 12127   48.02433   61  131   59.90000   48.02433  19.8%   146 2725s
 32391 12141   48.02433   63  129   59.90000   48.02433  19.8%   146 2730s
 32456 12161   48.02433   65  117   59.90000   48.02433  19.8%   146 2752s
 32486 12171   48.02433   66  111   59.90000   48.02433  19.8%   146 2756s
 32557 12173   48.02433   69  116   59.90000   48.02433  19.8%   146 2764s
 32590 12175   48.09310   70   80   59.90000   48.02433  19.8%   147 2769s
 32628 12186 infeasible   75        59.90000   48.02433  19.8%   147 2773s
 32670 12193   48.02433   55   50   59.90000   48.02433  19.8%   147 2779s
 32706 12197   48.11067   57   48   59.90000   48.02433  19.8%   147 2783s
 32745 12207   48.12305   61   45   59.90000   48.02433  19.8%   147 2788s
 32786 12216   48.12828   68   50   59.90000   48.02433  19.8%   148 2792s
 32825 12212   48.12829   73   52   59.90000   48.02433  19.8%   148 2799s
 32864 12222   48.13183   78   55   59.90000   48.02433  19.8%   148 2805s
 32904 12226   48.19788   81   53   59.90000   48.02433  19.8%   148 2812s
 32951 12238   49.78067   84   74   59.90000   48.02433  19.8%   149 2820s
 33012 12216   48.60347   89   73   59.90000   48.02433  19.8%   149 2828s
 33063 12213   56.81244   91   64   59.90000   48.02433  19.8%   150 2836s
 33115 12206   49.46038   91   70   59.90000   48.02433  19.8%   150 2844s
 33156 12210   49.46039   92   68   59.90000   48.02433  19.8%   151 2852s
 33218 12206   49.46596   98   48   59.90000   48.02433  19.8%   152 2865s
 33255 12202   48.02433   56  128   59.90000   48.02433  19.8%   152 2872s
 33313 12203   48.02433   60   89   59.90000   48.02433  19.8%   153 2880s
 33356 12210 infeasible   62        59.90000   48.02433  19.8%   153 2888s
 33415 12217   48.02433   70   84   59.90000   48.02433  19.8%   153 2903s
 33475 12238   48.38075   77  101   59.90000   48.02433  19.8%   154 2912s
 33541 12238   48.42061   83   94   59.90000   48.02433  19.8%   154 2919s
 33606 12254   49.09749   86   83   59.90000   48.02433  19.8%   155 2947s
 33698 12241   49.11753   93   54   59.90000   48.02433  19.8%   155 2963s
 33764 12238   49.46164  105   40   59.90000   48.02433  19.8%   156 2973s
 33863 12249   48.02433   57  135   59.90000   48.02433  19.8%   157 2987s
 33962 12260   48.02433   63  126   59.90000   48.02433  19.8%   157 3005s
 34091 12236   48.02433   70  101   59.90000   48.02433  19.8%   157 3035s
 34172 12265   48.30511   81   91   59.90000   48.02433  19.8%   158 3053s
 34278 12329   48.40817   82  117   59.90000   48.02433  19.8%   158 3066s
 34441 12338   49.12222   93   42   59.90000   48.02433  19.8%   159 3089s
 34603 12387   49.12222  108   43   59.90000   48.02433  19.8%   160 3104s
 34784 12389   48.02433   67  121   59.90000   48.02433  19.8%   160 3121s
 34933 12379   48.27321   71  101   59.90000   48.02433  19.8%   161 3138s
 35064 12443   48.31964   84   88   59.90000   48.02433  19.8%   163 3166s
 35228 12491   49.12222  100   47   59.90000   48.02433  19.8%   164 3186s
 35410 12551   49.12222  106   47   59.90000   48.02433  19.8%   164 3209s
 35601 12577 infeasible   77        59.90000   48.02433  19.8%   165 3235s
 35775 12628 infeasible   92        59.90000   48.02433  19.8%   166 3259s
 36007 12628   49.46349  106   54   59.90000   48.02433  19.8%   167 3284s
 36237 12738   48.30695   84   75   59.90000   48.02433  19.8%   168 3310s
 36592 12801   48.69702   80   54   59.90000   48.02433  19.8%   170 3333s
 36944 12732 infeasible   88        59.90000   48.02433  19.8%   170 3357s
 37156 12739   48.02433   83   81   59.90000   48.02433  19.8%   172 3380s
 37452 12759 infeasible   72        59.90000   48.02433  19.8%   174 3405s
 37767 12793 infeasible   67        59.90000   48.02433  19.8%   175 3436s
 38013 12823 infeasible   78        59.90000   48.02433  19.8%   175 3466s
 38333 13037   48.26847   70   68   59.90000   48.02433  19.8%   177 3494s
 38930 12951 infeasible   80        59.90000   48.02433  19.8%   178 3522s
 39314 12967   48.34146   80   77   59.90000   48.02433  19.8%   180 3556s
 39699 12940   49.92867  102   61   59.90000   48.02433  19.8%   181 3592s
 40133 13048   55.72222  133   27   59.90000   48.02643  19.8%   183 3629s
 40551 12992 infeasible   67        59.90000   48.02789  19.8%   183 3663s
 40913 12983   48.04460   74  107   59.90000   48.03351  19.8%   185 3701s
 41339 13112 infeasible   94        59.90000   48.03434  19.8%   187 3741s
 41956 12943   48.76504   79   64   59.90000   48.04047  19.8%   187 3777s
 42377 12798 infeasible   60        59.90000   48.04923  19.8%   190 3815s
 42783 12707   48.12018   57   78   59.90000   48.10201  19.7%   194 3861s
 43463 12776   53.28769   75   35   59.90000   48.11948  19.7%   197 3924s
 44940 12263     cutoff   88        59.90000   48.12143  19.7%   198 3975s
 45730 11858 infeasible   78        59.90000   48.14905  19.6%   202 4025s
 46521 11491 infeasible   88        59.90000   48.15689  19.6%   205 4079s
 47295 11571 infeasible   84        59.90000   48.25907  19.4%   208 4129s
 48449 11188   51.22222   80 5800   59.90000   48.27037  19.4%   209 4162s
 48451 11189   48.96427   80   53   59.90000   48.27037  19.4%   209 4167s
 48452 11190   49.58568  123  101   59.90000   48.27037  19.4%   209 4171s
 48453 11191   49.47917   85  106   59.90000   49.47917  17.4%   209 4179s
 48454 11191   49.68675   88  105   59.90000   49.68675  17.1%   209 4190s
 48456 11193   49.78880   84   87   59.90000   49.78880  16.9%   209 4195s
 48459 11195   50.23620  119   72   59.90000   50.23620  16.1%   209 4201s
 48464 11198   50.78255   89  104   59.90000   50.78255  15.2%   209 4205s
 48468 11201   50.91311   96  111   59.90000   50.91311  15.0%   209 4210s
 48473 11204   51.22222   60   79   59.90000   50.97612  14.9%   209 4215s
 48478 11207   51.22222   96   90   59.90000   51.08969  14.7%   209 4220s
 48481 11209   51.12274   80  136   59.90000   51.12274  14.7%   209 4225s
 48483 11211   51.43109  122  136   59.90000   51.43109  14.1%   209 4230s
 48487 11213   51.53561   93  147   59.90000   51.53561  14.0%   209 4236s
 48489 11215   51.54767  117  127   59.90000   51.54767  13.9%   209 4241s
 48490 11215   51.55133   75  165   59.90000   51.55133  13.9%   209 4245s
 48492 11217   51.55392   84  148   59.90000   51.55392  13.9%   209 4250s
 48494 11218   51.62303   79  130   59.90000   51.62303  13.8%   209 4258s
 48495 11219   51.62329   97  174   59.90000   51.62329  13.8%   209 4260s
 48496 11219   51.64900   86  143   59.90000   51.64900  13.8%   209 4265s
 48499 11221   51.66045   76  173   59.90000   51.66045  13.8%   209 4271s
 48500 11222   51.67369   80  133   59.90000   51.67369  13.7%   209 4275s
 48502 11223   51.67878   77  135   59.90000   51.67878  13.7%   209 4280s
 48505 11225   51.70053   69  133   59.90000   51.70053  13.7%   209 4286s
 48507 11227   51.70180   91  168   59.90000   51.70180  13.7%   209 4290s
 48509 11228   51.75816   89  179   59.90000   51.75816  13.6%   209 4295s
 48511 11229   51.92991   81  162   59.90000   51.92991  13.3%   209 4301s
 48513 11231   52.01866   83  138   59.90000   52.01866  13.2%   209 4307s
 48515 11232   53.30000   76  187   59.90000   52.03415  13.1%   209 4311s
 48517 11233   52.20550  145  145   59.90000   52.20550  12.8%   209 4315s
 48520 11235   52.27210   74  166   59.90000   52.27210  12.7%   209 4320s
 48522 11237   52.43801   75  182   59.90000   52.43801  12.5%   209 4326s
 48524 11238   52.49926   85  193   59.90000   52.49926  12.4%   209 4331s
 48525 11239   52.49926   98  184   59.90000   52.49926  12.4%   209 4336s
 48528 11241   52.49926   69  172   59.90000   52.49926  12.4%   209 4341s
 48531 11243   52.53600   84  147   59.90000   52.53600  12.3%   209 4346s
 48533 11244   52.58656  100  172   59.90000   52.58656  12.2%   209 4350s
 48537 11247   52.67572  114  170   59.90000   52.67572  12.1%   209 4356s
 48541 11249   53.88320   86  155   59.90000   53.88320  10.0%   209 4364s
 48542 11250   53.88320   74  188   59.90000   53.88320  10.0%   209 4365s
 48544 11251   55.62570  107  184   59.90000   55.62570  7.14%   209 4370s
 48546 11253   55.72222   83  193   59.90000   55.72222  6.97%   209 4375s
 48549 11255   55.72222   80  183   59.90000   55.72222  6.97%   209 4382s
 48551 11256   55.72222   80  193   59.90000   55.72222  6.97%   209 4386s
 48553 11257   55.72222   85  213   59.90000   55.72222  6.97%   209 4390s
 48556 11259   55.72222   84  179   59.90000   55.72222  6.97%   209 4395s
 48557 11260   55.72222   84  174   59.90000   55.72222  6.97%   209 4400s
H48557 10695                      59.6500000   55.72222  6.58%   209 4402s
 48559 10696   55.72222  119  143   59.65000   55.72222  6.58%   209 4412s
 48561 10698   55.72222   88  187   59.65000   55.72222  6.58%   209 4415s
 48563 10699   55.72222   74  174   59.65000   55.72222  6.58%   209 4421s
 48564 10700   55.72222   89  150   59.65000   55.72222  6.58%   209 4425s
 48566 10701   55.72222  113  214   59.65000   55.72222  6.58%   209 4431s
 48567 10702   55.72222   77  166   59.65000   55.72222  6.58%   209 4437s
 48569 10703   55.72222  102  165   59.65000   55.72222  6.58%   209 4444s
 48571 10704   55.72222   80  189   59.65000   55.72222  6.58%   209 4447s
 48573 10706   55.72222   60  166   59.65000   55.72222  6.58%   209 4450s
 48574 10706   55.72222  108  159   59.65000   55.72222  6.58%   209 4455s
 48576 10708   55.72222  109  130   59.65000   55.72222  6.58%   209 4461s
 48577 10708   55.72222   92  146   59.65000   55.72222  6.58%   209 4465s
 48579 10710   55.72222   74  132   59.65000   55.72222  6.58%   209 4470s
 48581 10711   55.72222   80  164   59.65000   55.72222  6.58%   208 4475s
 48586 10714   55.72222   74  206   59.65000   55.72222  6.58%   208 4480s
 48591 10718   55.72222   88  194   59.65000   55.72222  6.58%   208 4485s
 48596 10721   55.72222   86  230   59.65000   55.72222  6.58%   208 4490s
 48603 10728   55.72222   52  170   59.65000   55.72222  6.58%   212 4495s
 48630 10734   55.72222   55   97   59.65000   55.72222  6.58%   212 4500s
 48657 10745   55.72222   57  172   59.65000   55.72222  6.58%   212 4507s
 48668 10747   59.50184   57   63   59.65000   55.72222  6.58%   212 4518s
 48691 10745   55.72222   58   58   59.65000   55.72222  6.58%   212 4520s
 48767 10743   55.72222   61  142   59.65000   55.72222  6.58%   212 4525s
 48837 10742   55.72222   64  138   59.65000   55.72222  6.58%   212 4530s
 48858 10740   55.72222   65  127   59.65000   55.72222  6.58%   212 4536s
 48915 10758   55.72222   67  126   59.65000   55.72222  6.58%   212 4541s
 48963 10768   55.72222   69  134   59.65000   55.72222  6.58%   212 4545s
 49021 10771   55.72222   71  135   59.65000   55.72222  6.58%   212 4550s
 49105 10779   55.72222   74   65   59.65000   55.72222  6.58%   212 4557s
 49158 10789   55.72222   77   74   59.65000   55.72222  6.58%   212 4561s
 49208 10813 infeasible   79        59.65000   55.72222  6.58%   212 4566s
 49272 10814 infeasible   80        59.65000   55.72222  6.58%   212 4572s
 49308 10810   55.72222   82   56   59.65000   55.72222  6.58%   213 4575s
 49375 10803   55.72222   86   49   59.65000   55.72222  6.58%   213 4580s
 49434 10805   55.72222   90   40   59.65000   55.72222  6.58%   213 4586s
 49467 10816   55.72222   92   53   59.65000   55.72222  6.58%   213 4590s
 49549 10839 infeasible   95        59.65000   55.72222  6.58%   213 4598s
 49588 10839 infeasible   99        59.65000   55.72222  6.58%   213 4602s
 49642 10836 infeasible  104        59.65000   55.72222  6.58%   213 4606s
 49690 10844   55.72222   75   80   59.65000   55.72222  6.58%   213 4611s
 49734 10872   55.72222   80   79   59.65000   55.72222  6.58%   213 4615s
 49796 10893   55.72222   87   96   59.65000   55.72222  6.58%   213 4620s
 49855 10916   55.72222   93   58   59.65000   55.72222  6.58%   213 4625s
 49913 10921   55.72222   98   60   59.65000   55.72222  6.58%   213 4630s
 49976 10935   55.72222  105   61   59.65000   55.72222  6.58%   213 4635s
 50043 10937   55.72222  115   68   59.65000   55.72222  6.58%   213 4648s
 50100 10954   55.72222  124   56   59.65000   55.72222  6.58%   213 4655s
 50195 10944 infeasible  128        59.65000   55.72222  6.58%   213 4662s
 50272 10943 infeasible  130        59.65000   55.72222  6.58%   213 4668s
 50347 10945   55.72222   75   63   59.65000   55.72222  6.58%   213 4674s
 50425 10938   55.72222   88   60   59.65000   55.72222  6.58%   213 4681s
 50505 10970   55.72222   99   55   59.65000   55.72222  6.58%   214 4688s
 50608 10957   55.72222   80   79   59.65000   55.72222  6.58%   214 4701s
 50742 10902 infeasible   90        59.65000   55.72222  6.58%   214 4714s
 50880 10889   55.72222   82   54   59.65000   55.72222  6.58%   215 4726s
 51058 10774 infeasible   96        59.65000   55.72222  6.58%   215 4736s
 51173 10762     cutoff   90        59.65000   55.72222  6.58%   216 4745s
 51264 10791 infeasible   98        59.65000   55.72222  6.58%   216 4755s
 51407 10747 infeasible   70        59.65000   55.72222  6.58%   216 4766s
 51524 10684   55.72222  102  102   59.65000   55.72222  6.58%   217 4779s
 51673 10633 infeasible   78        59.65000   55.72222  6.58%   217 4802s
 51952 10530   55.72222   93   60   59.65000   55.72222  6.58%   218 4821s
 52053 10508 infeasible  117        59.65000   55.72222  6.58%   218 4836s
 52218 10427   55.72222  102   45   59.65000   55.72222  6.58%   219 4852s
 52460 10290 infeasible   94        59.65000   55.72222  6.58%   220 4869s
 52669 10221 infeasible   88        59.65000   55.72222  6.58%   221 4885s
 52900 10157   55.72222   99   62   59.65000   55.72222  6.58%   221 4899s
 53200  9989   55.72222   72   54   59.65000   55.72222  6.58%   222 4913s
 53370  9986 infeasible   92        59.65000   55.72222  6.58%   223 4927s
 53655  9824 infeasible   99        59.65000   55.72222  6.58%   223 4942s
 53847  9601   55.72222  111   79   59.65000   55.72222  6.58%   224 4957s
 54095  9509   55.72222  140   69   59.65000   55.72222  6.58%   225 4974s
 54477  9168 infeasible   84        59.65000   55.72222  6.58%   226 4993s
 54921  9190 infeasible   99        59.65000   55.72222  6.58%   226 5014s
 55354  9054   59.50184  109   47   59.65000   55.72222  6.58%   225 5037s
 55906  8867   59.50184  100   42   59.65000   55.72222  6.58%   225 5060s
 56464  8796   55.72222   67   71   59.65000   55.72222  6.58%   224 5080s
 57040  8731   56.97363   98   53   59.65000   55.72222  6.58%   224 5105s
 57702  8667     cutoff  110        59.65000   55.72222  6.58%   224 5131s
 58645  8363 infeasible  109        59.65000   55.72222  6.58%   223 5159s
 59506  8360 infeasible  124        59.65000   55.72222  6.58%   223 5185s
 60670  7982 infeasible   85        59.65000   56.97363  4.49%   222 5216s
 61786  7934   59.50184  127   33   59.65000   56.97363  4.49%   221 5246s
 62926  7556   59.50184   73 4490   59.65000   56.97363  4.49%   220 5263s
 62928  7557   59.50184   68   55   59.65000   56.97363  4.49%   220 5266s
 62930  7559   59.50184  117  139   59.65000   56.97363  4.49%   220 5273s
 62933  7562   58.82179   88 3773   59.65000   56.97363  4.49%   220 5280s
 62937  7565   59.50184  123  120   59.65000   56.97363  4.49%   220 5285s
 62940  7567   59.50184   65  108   59.65000   56.97363  4.49%   220 5291s
 62945  7570   59.50184  129  135   59.65000   56.97363  4.49%   220 5295s
 62949  7573   59.50184  117   96   59.65000   56.97363  4.49%   220 5301s
 62952  7575   59.50184  169  119   59.65000   56.97363  4.49%   220 5305s
 62957  7578   59.50184   86  128   59.65000   56.97363  4.49%   220 5310s
 62962  7581   59.50184  139  118   59.65000   56.97363  4.49%   220 5315s
 62969  7586   59.50184  137  144   59.65000   56.97363  4.49%   220 5321s
 62973  7589   59.50184  135  137   59.65000   56.97363  4.49%   220 5326s
 62977  7591   59.50184   82  129   59.65000   58.23161  2.38%   220 5330s
 62980  7593   59.54059  191  158   59.65000   59.54059  0.18%   220 5337s
 62981  7594   59.59484  139  190   59.65000   59.59484  0.09%   220 5340s
 62985  7597   59.59484  142  174   59.65000   59.59484  0.09%   220 5346s

Cutting planes:
  Gomory: 5
  Cover: 11
  Implied bound: 35
  Projected implied bound: 8
  Clique: 6
  MIR: 24
  StrongCG: 8
  Flow cover: 293
  GUB cover: 3
  Zero half: 46
  RLT: 72
  Relax-and-lift: 58

Explored 62986 nodes (13937466 simplex iterations) in 5347.31 seconds (4339.33 work units)
Thread count was 8 (of 8 available processors)

Solution count 10: 59.65 59.9 59.9 ... 66.25

Optimal solution found (tolerance 1.00e-04)
Best objective 5.964999999985e+01, best bound 5.964999999379e+01, gap 0.0000%
