Start
Set parameter TimeLimit to value 7200
Set parameter CrossoverBasis to value 0
Set parameter NodefileDir to value ""
Set parameter NonConvex to value 2
Set parameter PreSOS2BigM to value 0
Set parameter TuneTrials to value 3
Gurobi Optimizer version 10.0.1 build v10.0.1rc0 (win64)

CPU model: Intel(R) Core(TM) i7-9700 CPU @ 3.00GHz, instruction set [SSE2|AVX|AVX2]
Thread count: 8 physical cores, 8 logical processors, using up to 8 threads

Optimize a model with 718 rows, 1810 columns and 17603 nonzeros
Model fingerprint: 0x3d77d34f
Model has 18785 quadratic constraints
Variable types: 146 continuous, 1664 integer (1664 binary)
Coefficient statistics:
  Matrix range     [1e+00, 5e+02]
  QMatrix range    [1e+00, 5e+02]
  QLMatrix range   [1e+00, 1e+00]
  Objective range  [8e+00, 3e+02]
  Bounds range     [1e+00, 1e+00]
  RHS range        [1e+00, 5e+02]
  QRHS range       [5e+02, 5e+02]
Presolve removed 143 rows and 32 columns
Presolve time: 0.38s
Presolved: 37970 rows, 23468 columns, 123646 nonzeros
Presolved model has 3040 SOS constraint(s)
Variable types: 3151 continuous, 20317 integer (20317 binary)
Deterministic concurrent LP optimizer: primal and dual simplex
Showing first log only...

Concurrent spin time: 0.00s

Solved with dual simplex

Root relaxation: objective 1.972742e+03, 287 iterations, 0.21 seconds (0.25 work units)

    Nodes    |    Current Node    |     Objective Bounds      |     Work
 Expl Unexpl |  Obj  Depth IntInf | Incumbent    BestBd   Gap | It/Node Time

     0     0 1972.74206    0  159          - 1972.74206      -     -    2s
     0     0 1978.13157    0  120          - 1978.13157      -     -    3s
     0     0 1995.16786    0  233          - 1995.16786      -     -    3s
     0     0 1995.16786    0  224          - 1995.16786      -     -    4s
     0     0 2025.53156    0  334          - 2025.53156      -     -    4s
     0     0 2028.10270    0  324          - 2028.10270      -     -    5s
     0     0 2028.10270    0  308          - 2028.10270      -     -    5s
     0     0 2130.29416    0  257          - 2130.29416      -     -    5s
     0     0 2130.29416    0  245          - 2130.29416      -     -    6s
     0     0 2130.29416    0  131          - 2130.29416      -     -    6s
     0     0 2131.56900    0  205          - 2131.56900      -     -    6s
     0     0 2131.56900    0  156          - 2131.56900      -     -    6s
     0     0 2131.56900    0  251          - 2131.56900      -     -    7s
     0     0 2131.56900    0  177          - 2131.56900      -     -    7s
     0     0 2131.87636    0  258          - 2131.87636      -     -    7s
     0     0 2132.46436    0  256          - 2132.46436      -     -    8s
     0     0 2132.46436    0  306          - 2132.46436      -     -    8s
     0     0 2132.46436    0  235          - 2132.46436      -     -    8s
     0     0 2132.60607    0  285          - 2132.60607      -     -    8s
     0     0 2132.60607    0  246          - 2132.60607      -     -    9s
     0     2 2132.60607    0  246          - 2132.60607      -     -   10s
   149   149 2254.82679   19  185          - 2141.86589      -  44.6   15s
   371   344 2503.11306   33  168          - 2141.86589      -  44.7   20s
   617   548 2637.07884   62  156          - 2141.86589      -  43.5   25s
   825   740 2658.60182   96  115          - 2141.86589      -  42.3   30s
  1185  1030 2677.70343  150  143          - 2141.86589      -  39.0   36s
  1517  1213 2831.05975   58 10155          - 2141.86589      -  37.0   48s
  1519  1214 2649.12815   64  128          - 2215.72430      -  37.0   51s
  1525  1218 2782.87798  124  174          - 2288.43330      -  36.9   55s
  1534  1224 2650.58979   74  219          - 2306.57495      -  36.6   60s
  1540  1228 2309.92518   14  255          - 2309.92518      -  36.5   65s
  1551  1236 2745.36676  145  291          - 2312.91109      -  36.2   70s
H 1557  1177                    3468.7776250 2314.72633  33.3%  36.1   72s
  1559  1178 2707.97525  107  272 3468.77762 2315.69892  33.2%  36.0   76s
  1562  1180 2472.68665   55  337 3468.77762 2316.78897  33.2%  36.0   85s
  1564  1181 2316.96948   24  355 3468.77762 2316.96948  33.2%  35.9   90s
  1566  1183 2388.41498   30  265 3468.77762 2322.53659  33.0%  35.9   99s
  1568  1184 2322.92959   30  293 3468.77762 2322.92959  33.0%  35.8  101s
  1573  1187 2565.57277   94  274 3468.77762 2326.64047  32.9%  35.7  105s
  1577  1190 2327.81896    4  268 3468.77762 2327.81896  32.9%  35.6  110s
H 1577  1129                    3467.4706000 2327.81896  32.9%  35.6  111s
  1580  1131 2581.06419   39  282 3467.47060 2328.15783  32.9%  35.6  117s
  1581  1132 2468.29076   21  214 3467.47060 2328.99342  32.8%  35.5  122s
  1583  1133 2552.22550   38  182 3467.47060 2339.14582  32.5%  35.5  126s
  1584  1134 2339.14582   18  241 3467.47060 2339.14582  32.5%  35.5  130s
  1589  1137 2574.13605   83  183 3467.47060 2340.18508  32.5%  35.4  135s
  1593  1140 2505.00991   47  314 3467.47060 2340.18508  32.5%  35.3  140s
  1603  1146 2641.50569   70  241 3467.47060 2340.18508  32.5%  35.1  147s
  1608  1150 2340.18508   18  274 3467.47060 2340.18508  32.5%  34.9  152s
  1610  1151 2847.94406  114  267 3467.47060 2340.18508  32.5%  34.9  155s
  1612  1152 2340.18508   27  230 3467.47060 2340.18508  32.5%  34.9  161s
H 1613  1094                    3461.2318125 2340.18508  32.4%  34.8  165s
  1614  1095 2634.52542   53  238 3461.23181 2340.18508  32.4%  34.8  172s
  1616  1096 2809.70839   16  246 3461.23181 2340.18508  32.4%  34.8  180s
  1618  1097 2340.72491   21  219 3461.23181 2340.72491  32.4%  34.7  186s
  1621  1099 2634.52542   45  223 3461.23181 2341.58269  32.3%  34.7  194s
  1623  1101 2424.97931   66  254 3461.23181 2341.58318  32.3%  34.6  195s
  1624  1101 2422.27665   67  236 3461.23181 2341.59248  32.3%  34.6  200s
H 1624  1044                    3460.1956125 2341.59248  32.3%  34.6  200s
  1626  1046 2341.61894   33  240 3460.19561 2341.61894  32.3%  34.6  205s
  1629  1048 2408.47126   67  245 3460.19561 2342.07997  32.3%  34.5  215s
  1633  1050 2639.89025   47  218 3460.19561 2346.69952  32.2%  34.4  220s
H 1633   996                    3458.1271375 2346.69952  32.1%  34.4  220s
  1637   999 2654.11509   77  194 3458.12714 2347.39014  32.1%  34.3  225s
  1642  1002 2824.67239  107  194 3458.12714 2347.45910  32.1%  34.2  231s
  1646  1005 2866.20347  107  210 3458.12714 2348.13372  32.1%  34.1  236s
  1649  1007 2683.75211  113  207 3458.12714 2348.66894  32.1%  34.1  240s
H 1652   956                    3373.3235875 2349.22481  30.4%  34.0  244s
  1653   957 2349.22981   33  199 3373.32359 2349.22981  30.4%  34.0  245s
  1655   958 2535.37733    8  203 3373.32359 2349.44430  30.4%  34.0  250s
H 1658   910                    3360.7635875 2351.88111  30.0%  33.9  252s
  1665   915 2650.58979   81  212 3360.76359 2352.05724  30.0%  33.8  255s
  1669   917 2458.37358   33  195 3360.76359 2352.05724  30.0%  33.7  261s
  1672   921 2650.58979   60 9111 3360.76359 2352.05724  30.0%  49.3  267s
  1674   922 2673.74963  137  128 3360.76359 2352.05724  30.0%  49.3  272s
  1675   923 2352.05724   23  110 3360.76359 2352.05724  30.0%  49.3  275s
H 1675   876                    3347.5520375 2352.05724  29.7%  49.3  275s
  1677   877 2352.05724    4  113 3347.55204 2352.05724  29.7%  49.2  281s
  1679   879 2631.00011   48  107 3347.55204 2352.05724  29.7%  49.1  286s
  1680   879 2581.06419   39  137 3347.55204 2352.05724  29.7%  49.1  290s
  1682   881 2552.07955   26  149 3347.55204 2352.05724  29.7%  49.0  295s
  1686   883 2672.05370  108   88 3347.55204 2353.94999  29.7%  48.9  300s
  1690   886 2625.95862  107  129 3347.55204 2384.47827  28.8%  48.8  305s
  1694   889 2385.84351   32  153 3347.55204 2385.84351  28.7%  48.7  312s
  1696   890 2668.03577  121  161 3347.55204 2386.49363  28.7%  48.6  316s
  1699   892 2386.74330   19  154 3347.55204 2386.60763  28.7%  48.6  322s
  1700   893 2679.80558   88  129 3347.55204 2386.64611  28.7%  48.5  327s
  1702   894 2552.22550   33  145 3347.55204 2386.70557  28.7%  48.5  331s
  1703   895 2641.50569   70  144 3347.55204 2386.70557  28.7%  48.4  335s
  1705   896 2387.58878   25  145 3347.55204 2387.58878  28.7%  48.4  341s
  1707   897 2651.13084   37  164 3347.55204 2387.75044  28.7%  48.3  347s
  1709   899 2755.38336  158  170 3347.55204 2389.22237  28.6%  48.3  351s
  1712   901 2389.91958   27  183 3347.55204 2389.91958  28.6%  48.2  356s
  1713   901 2649.58327   95  138 3347.55204 2389.91958  28.6%  48.2  360s
  1715   903 2679.98181  132  139 3347.55204 2389.99607  28.6%  48.1  366s
  1717   904 2831.05975   58  136 3347.55204 2390.15175  28.6%  48.0  371s
  1719   905 2649.12815   64  144 3347.55204 2390.15175  28.6%  48.0  375s
  1720   906 2683.75211  105  126 3347.55204 2390.18225  28.6%  48.0  381s
  1721   907 2634.52542   45  128 3347.55204 2390.18225  28.6%  47.9  386s
  1723   908 2424.97931   66  141 3347.55204 2390.34785  28.6%  47.9  392s
  1726   910 2390.37799   33   15 3347.55204 2390.37799  28.6%  47.8  395s
  1730   913 2726.87415  111   19 3347.55204 2390.37799  28.6%  47.7  401s
H 1731   867                    3302.9483375 2390.37799  27.6%  47.7  403s
  1734   869 2650.58979   74   14 3302.94834 2390.37799  27.6%  47.6  405s
  1741   879 2390.37799   26   38 3302.94834 2390.37799  27.6%  58.6  410s
  1753   887 2397.56616   28  144 3302.94834 2390.37799  27.6%  59.8  415s
  1795   903 2415.73349   30   38 3302.94834 2390.37799  27.6%  61.7  421s
  1853   926 2422.28571   34   58 3302.94834 2390.37799  27.6%  62.9  425s
H 1883   886                    3294.2407250 2390.37799  27.4%  63.9  427s
  1921   893 2482.35530   38  128 3294.24072 2390.37799  27.4%  65.5  430s
  1966   897     cutoff   43      3294.24072 2390.50054  27.4%  67.3  436s
H 1968   853                    3269.9822625 2390.50054  26.9%  67.3  436s
  2015   874 2396.44538   36   77 3269.98226 2390.50054  26.9%  67.6  443s
  2023   883 2396.49949   37  131 3269.98226 2390.50054  26.9%  67.5  445s
  2122   904 2476.46516   45  101 3269.98226 2390.50054  26.9%  69.4  450s
  2204   945 2578.88127   58   79 3269.98226 2390.50054  26.9%  71.3  456s
  2270   978 2582.30974   73   89 3269.98226 2390.50054  26.9%  72.2  461s
  2318   976 infeasible   76      3269.98226 2390.50054  26.9%  72.6  465s
  2397   986 3006.50115   86   62 3269.98226 2390.50054  26.9%  75.0  470s
H 2418   939                    3257.0376125 2390.50054  26.6%  75.7  470s
  2481   964 2420.15500   31   97 3257.03761 2392.08784  26.6%  77.0  475s
H 2489   924                    3253.7680875 2392.08784  26.5%  77.5  475s
  2605   997 2636.69711   37   86 3253.76809 2392.08784  26.5%  78.0  482s
  2720  1034 2974.01175   52   51 3253.76809 2392.08784  26.5%  80.1  487s
  2862  1162 2999.37103   76   95 3253.76809 2392.08784  26.5%  80.3  493s
  3021  1173 3004.40639  105   57 3253.76809 2392.08784  26.5%  80.0  496s
  3229  1327     cutoff  162      3253.76809 2392.08784  26.5%  78.8  503s
  3398  1288 3086.97244  199   42 3253.76809 2392.08784  26.5%  77.6  506s
  3555  1468 2731.24445   42   63 3253.76809 2396.49949  26.3%  76.4  521s
  3803  1445 infeasible   53      3253.76809 2398.24548  26.3%  74.8  525s
  3909  1433 2677.66358   49   88 3253.76809 2398.24548  26.3%  74.9  539s
  3919  1523 2679.82721   50   85 3253.76809 2398.24548  26.3%  74.9  543s
H 4048  1688                    3190.5598875 2398.24548  24.8%  74.3  548s
  4262  1804 2796.69444   39   70 3190.55989 2401.19136  24.7%  73.1  551s
  4420  2123 2412.62013   39   82 3190.55989 2401.19136  24.7%  72.6  557s
  4880  2421 2511.73581   71  142 3190.55989 2401.19136  24.7%  69.7  565s
  5497  2951 2443.26376   52  100 3190.55989 2401.19136  24.7%  66.7  575s
  5982  3189 2948.98939  140   51 3190.55989 2403.28713  24.7%  64.5  582s
  6378  3528 2480.93388   36   33 3190.55989 2408.96090  24.5%  63.4  590s
  7104  4032 2607.81264   51   99 3190.55989 2409.07409  24.5%  63.5  602s
  7693  4461 2415.62751   41   73 3190.55989 2411.14825  24.4%  62.5  609s
  8241  4861 2418.24904   48  107 3190.55989 2411.14825  24.4%  62.2  617s
  8766  5042 2465.20926   81  125 3190.55989 2411.14825  24.4%  61.1  621s
  8977  5621 2537.57904   92   92 3190.55989 2411.14825  24.4%  60.7  629s
  9727  6069 2564.07387  133   59 3190.55989 2411.14864  24.4%  58.7  637s
 10311  6610 2696.08995   67   62 3190.55989 2411.14864  24.4%  59.2  646s
 11088  7389 3070.72061   93   25 3190.55989 2412.96440  24.4%  58.1  656s
 12058  7937 2415.62751   47   72 3190.55989 2412.97107  24.4%  56.2  665s
 12742  8100 2916.34374   75   62 3190.55989 2412.97173  24.4%  55.2  670s
 12941  8683 2648.84945   49  105 3190.55989 2412.97300  24.4%  55.3  680s
 13669  9259 2710.25562   61   68 3190.55989 2414.96603  24.3%  54.4  690s
 14476 10233 2480.14766   46   81 3190.55989 2415.62751  24.3%  53.9  703s
 15796 10411 2664.18292   62   77 3190.55989 2415.62751  24.3%  52.2  713s
 16076 10866 2506.70415   48  104 3190.55989 2415.62751  24.3%  52.1  720s
 16601 11602 2488.05911   39  176 3190.55989 2415.62751  24.3%  51.8  739s
H16720 11518                    3147.1219125 2415.62751  23.2%  51.6  739s
H17558 11391                    3122.2884375 2415.62751  22.6%  50.9  786s
H17570 11226                    3090.9198375 2415.62751  21.8%  51.0  786s
H17578 11165                    3079.3528625 2415.62751  21.6%  51.0  786s
 17580 11422 3024.64770  160   87 3079.35286 2415.62751  21.6%  51.0  793s
 17908 12486 2432.55700   58  123 3079.35286 2415.62751  21.6%  50.9  807s
 19270 13195 2421.13984   64  111 3079.35286 2415.62751  21.6%  50.1  820s
 20256 13305 2415.66941   63   77 3079.35286 2415.62751  21.6%  49.9  827s
H20267 13207                    3068.0763375 2415.62751  21.3%  49.9  827s
H20319 12979                    3047.4759750 2415.62751  20.7%  49.9  827s
 20377 14038 2432.10776   74  112 3047.47597 2415.62751  20.7%  49.9  843s
 21681 14714 2712.75020   86   74 3047.47597 2415.62751  20.7%  49.8  859s
 22646 15213 infeasible   94      3047.47597 2415.62751  20.7%  49.6  869s
 23077 15213     cutoff  156      3047.47597 2415.62751  20.7%  49.5  870s
 23306 16360 2762.38164  109   53 3047.47597 2415.62751  20.7%  49.5  888s
 24917 17183 infeasible   89      3047.47597 2415.62751  20.7%  49.4  905s
 26107 17952 2662.98785   69   89 3047.47597 2415.62751  20.7%  49.1  921s
 27247 18064 2671.45993   43   83 3047.47597 2415.63418  20.7%  48.9  929s
H27273 16875                    2973.2934750 2415.63418  18.8%  49.0  929s
 27449 17648 2540.09632   59   79 2973.29347 2415.63418  18.8%  49.3  945s
 28545 17858 2942.48517  149   97 2973.29347 2415.63418  18.8%  49.6  955s
H28582 17762                    2966.5935000 2415.63418  18.6%  49.8  955s
 28959 18135 2779.41587   56   63 2966.59350 2415.63418  18.6%  50.2  967s
 29620 18355 2454.52275   56  103 2966.59350 2415.63418  18.6%  50.8  977s
 29962 18558 2638.45219   59  110 2966.59350 2415.63418  18.6%  51.1  987s
 30346 19177 2759.94579   73   92 2966.59350 2415.63418  18.6%  51.7 1002s
 31381 19696 2421.41088   64  105 2966.59350 2415.65570  18.6%  52.5 1015s
 32098 20184 2418.15071   69  112 2966.59350 2415.65623  18.6%  52.9 1026s
 32736 20847 2608.54266   73   61 2966.59350 2415.65623  18.6%  53.0 1042s
H33339 20706                    2954.5437500 2415.65623  18.2%  53.3 1042s
 33851 21631 2692.30341  114   41 2954.54375 2415.65985  18.2%  53.5 1059s
H35205 21589                    2946.9037375 2415.66045  18.0%  53.4 1068s
H35240 21530                    2944.4506125 2415.66045  18.0%  53.5 1068s
 35333 21744 2585.60873   81  129 2944.45061 2415.66045  18.0%  53.7 1084s
 35700 22334 2671.23463   73   54 2944.45061 2415.66941  18.0%  54.0 1099s
 36624 22344 2578.64271   85   87 2944.45061 2415.77035  18.0%  54.3 1114s
 36662 22520 2684.08546   91   59 2944.45061 2415.77035  18.0%  54.3 1121s
 36946 22932 2666.33064   80   69 2944.45061 2415.90824  18.0%  54.6 1133s
 37624 22932 2434.11009   82  129 2944.45061 2416.20483  17.9%  54.8 1200s
H37636 22802                    2934.0493625 2416.20483  17.6%  54.9 1200s
 37639 22896 2434.11009   83  127 2934.04936 2416.20483  17.6%  54.9 1209s
H37648 22602                    2915.1740375 2416.20483  17.1%  54.9 1209s
 37795 22748 2512.33078   92   71 2915.17404 2416.21206  17.1%  55.3 1220s
H37917 22667                    2910.5974875 2416.21206  17.0%  55.5 1220s
 38033 22862 2562.47774   72   94 2910.59749 2416.21206  17.0%  55.7 1230s
 38350 23050 2641.72441   70   88 2910.59749 2416.21923  17.0%  56.2 1240s
 38624 24028 2698.20025   92  100 2910.59749 2416.23812  17.0%  56.5 1257s
 40011 24518 infeasible   91      2910.59749 2416.28135  17.0%  56.5 1272s
 40937 24666 2428.58068   62  100 2910.59749 2416.33318  17.0%  56.7 1282s
 41182 25288 2622.84112   55   98 2910.59749 2416.33318  17.0%  57.0 1310s
 42132 25492 2461.15083   59  110 2910.59749 2416.33318  17.0%  57.3 1322s
 42485 26708 infeasible   62      2910.59749 2416.39946  17.0%  57.6 1345s
 44247 27011 infeasible   93      2910.59749 2416.39946  17.0%  57.3 1359s
 44703 27765 2767.06240   57   72 2910.59749 2416.39946  17.0%  57.7 1376s
 45776 27976 2506.26088   92   92 2910.59749 2416.43697  17.0%  58.5 1387s
 46161 28688 2716.93745   69  136 2910.59749 2416.56706  17.0%  58.8 1409s
 47292 29539 2555.63558   74  105 2910.59749 2416.72582  17.0%  58.6 1428s
 48583 29704 2895.14672   83   42 2910.59749 2417.03968  17.0%  58.6 1439s
 48918 30390 2791.12947   91   34 2910.59749 2417.13760  17.0%  58.8 1458s
 50024 30756 2700.75095   77   70 2910.59749 2417.21793  17.0%  59.1 1472s
 50583 31585 2909.22723   69   79 2910.59749 2417.27039  16.9%  59.2 1492s
 51795 31751 2541.94522   71  105 2910.59749 2417.27039  16.9%  59.3 1505s
 52106 32503 2844.98284  106   73 2910.59749 2417.27296  16.9%  59.4 1523s
 53229 33349     cutoff   69      2910.59749 2417.29811  16.9%  59.3 1541s
 54608 33540 infeasible   67      2910.59749 2417.70234  16.9%  59.2 1551s
 54932 34660 2495.41099   72   52 2910.59749 2417.78380  16.9%  59.4 1571s
 56392 35428 2722.90272   93   55 2910.59749 2417.90673  16.9%  59.0 1591s
 57588 36127 2698.92259  114   40 2910.59749 2418.27064  16.9%  58.8 1608s
 58674 36233 2722.04433   85  121 2910.59749 2418.46452  16.9%  58.8 1618s
 58922 36630 2782.64659  121   93 2910.59749 2418.73623  16.9%  59.0 1646s
 59625 36781 infeasible  104      2910.59749 2418.81265  16.9%  59.2 1657s
 59930 36926 2423.79880   70  121 2910.59749 2419.04056  16.9%  59.4 1668s
 60226 37900 2558.17727   92  117 2910.59749 2419.05906  16.9%  59.6 1689s
 61509 38670 2855.62926  123   63 2910.59749 2419.42671  16.9%  59.6 1706s
 62580 38866 2500.51673   54  103 2910.59749 2419.66858  16.9%  59.7 1716s
 62869 39659 2863.22793   89   56 2910.59749 2419.72484  16.9%  59.8 1735s
 64174 40440 2803.10034   94   79 2910.59749 2419.98408  16.9%  59.9 1754s
 65386 41213 infeasible   77      2910.59749 2420.39331  16.8%  59.8 1771s
 66370 41403 2812.24692   68   73 2910.59749 2420.39331  16.8%  59.9 1780s
 66675 42141 2443.23581   63  108 2910.59749 2420.43790  16.8%  59.9 1794s
 67721 43003 2512.32055   73  149 2910.59749 2420.85088  16.8%  59.8 1810s
 68971 43563 infeasible   83      2910.59749 2421.12753  16.8%  59.7 1823s
 69832 43739 infeasible  118      2910.59749 2421.55263  16.8%  59.9 1832s
 70167 44552 2556.16396   93   83 2910.59749 2421.73731  16.8%  60.0 1847s
 71213 45249 2676.01565  143   77 2910.59749 2422.01160  16.8%  60.0 1862s
 72333 45462 infeasible  127      2910.59749 2422.29641  16.8%  60.0 1870s
 72652 46391 2428.82193   67  130 2910.59749 2422.79275  16.8%  60.1 1889s
 73842 47258 2694.19372   86   86 2910.59749 2422.88896  16.8%  59.8 1907s
 75050 47414 2434.69099   54   93 2910.59749 2422.93169  16.8%  59.7 1916s
 75310 48100 2828.91226   83   60 2910.59749 2422.99752  16.8%  59.8 1931s
 76271 48580 2909.88287   76   49 2910.59749 2423.05469  16.8%  59.9 1944s
 77047 48743 infeasible   78      2910.59749 2423.14900  16.7%  60.0 1953s
 77341 49467 infeasible  122      2910.59749 2423.32062  16.7%  60.2 1968s
 78448 49886 infeasible  131      2910.59749 2423.51838  16.7%  60.2 1980s
 79072 50221 2791.74873   81   47 2910.59749 2423.62136  16.7%  60.3 1992s
 79640 50464 2818.03721   80   41 2910.59749 2423.77777  16.7%  60.5 2001s
 80018 51214     cutoff   88      2910.59749 2423.89710  16.7%  60.7 2017s
 81059 51639 2613.10061   63   84 2910.59749 2423.96722  16.7%  60.8 2030s
 81630 52202 2550.02286   53  105 2910.59749 2424.02112  16.7%  61.0 2044s
 82410 52349 2460.99308   59  121 2910.59749 2424.02112  16.7%  61.1 2054s
 82599 53365 2901.37696   81   36 2910.59749 2424.02112  16.7%  61.1 2071s
 83979 54278 2587.91804   86   74 2910.59749 2424.03676  16.7%  60.9 2087s
 85198 54678 2524.89894   85   97 2910.59749 2424.03676  16.7%  60.8 2098s
 85726 55453 2503.68088   52  106 2910.59749 2424.21898  16.7%  60.9 2114s
 86839 55607 2711.28887   78   75 2910.59749 2424.28343  16.7%  60.8 2124s
 87117 56420 2447.39072   51   98 2910.59749 2424.28343  16.7%  60.8 2141s
 88375 57008 2539.87187  122   65 2910.59749 2424.28343  16.7%  60.7 2171s
 89190 57183 infeasible   68      2910.59749 2424.28343  16.7%  60.8 2181s
 89463 57995 2474.85524   59  118 2910.59749 2424.28343  16.7%  60.9 2196s
 90595 59128 2535.56592   72   59 2910.59749 2424.28343  16.7%  60.8 2216s
 92158 59323 2550.85570   56   58 2910.59749 2424.33848  16.7%  60.6 2226s
 92482 59949 infeasible   93      2910.59749 2424.33848  16.7%  60.6 2243s
 93382 60812 2833.01654  103   84 2910.59749 2424.34505  16.7%  60.6 2260s
 94663 61400 2469.41973   65   74 2910.59749 2424.48599  16.7%  60.5 2274s
 95471 61635 2548.87774   78   71 2910.59749 2424.49075  16.7%  60.6 2284s
 95843 62600 2633.78908   81   45 2910.59749 2424.53278  16.7%  60.6 2302s
 97119 63350 2899.90804   73  100 2910.59749 2424.59041  16.7%  60.4 2319s
 98208 64041 2529.38421   63  114 2910.59749 2424.64145  16.7%  60.3 2333s
 99203 64267 2453.44001   87  111 2910.59749 2424.73971  16.7%  60.2 2342s
 99521 65026 2459.91577  109  111 2910.59749 2424.79713  16.7%  60.3 2358s
 100510 66016 2875.05494   86   94 2910.59749 2424.82881  16.7%  60.3 2375s
 101805 66986 2870.31373  156   55 2910.59749 2424.82881  16.7%  60.2 2391s
 103108 67166 2571.43186   63   75 2910.59749 2424.82881  16.7%  60.1 2400s
 103386 68254 2723.70845   68  100 2910.59749 2424.82881  16.7%  60.2 2416s
 104745 68995 2475.23900  100  157 2910.59749 2424.82881  16.7%  60.0 2429s
 105685 69897 2427.68339   75  103 2910.59749 2424.82881  16.7%  60.0 2444s
 106894 70123 2746.83206   85   93 2910.59749 2424.83004  16.7%  59.9 2453s
 107246 70663 2579.75092   83   67 2910.59749 2424.85035  16.7%  60.0 2466s
 108204 71449 2499.47187   63  123 2910.59749 2424.89431  16.7%  60.1 2480s
 109365 71852 2766.36267   65   84 2910.59749 2424.91569  16.7%  60.0 2490s
 109856 72598 2766.36267   69   80 2910.59749 2424.91723  16.7%  60.0 2503s
 110824 72806 2518.45656   75   90 2910.59749 2424.93823  16.7%  59.9 2511s
 111165 73459 2489.01328   63   84 2910.59749 2424.97534  16.7%  60.0 2524s
 112078 74307 2567.82345   76   87 2910.59749 2424.97967  16.7%  60.1 2538s
 113292 74661 2497.14090   59   84 2910.59749 2425.08822  16.7%  60.0 2548s
 113772 75252 2612.70887   68   68 2910.59749 2425.12796  16.7%  60.1 2562s
 114733 75502 2618.30222   39   80 2910.59749 2425.17922  16.7%  60.2 2571s
 115154 76130 2637.63563   49   59 2910.59749 2425.26223  16.7%  60.3 2584s
 116084 76643     cutoff  140      2910.59749 2425.39577  16.7%  60.3 2595s
 116760 77552 2465.67412   64   75 2910.59749 2425.42372  16.7%  60.3 2610s
 117968 77731 2518.84898   86   87 2910.59749 2425.43523  16.7%  60.3 2618s
 118252 78571 2485.89361   68   82 2910.59749 2425.48208  16.7%  60.4 2633s
 119385 79193 2753.76203  129   97 2910.59749 2425.53261  16.7%  60.4 2647s
 120335 79457 2733.59316  103  104 2910.59749 2425.64411  16.7%  60.6 2658s
 120754 80089 infeasible  124      2910.59749 2425.64411  16.7%  60.7 2671s
 121737 80442 2723.38231   73   58 2910.59749 2425.73618  16.7%  60.7 2681s
 122220 81092 2463.20140   89  102 2910.59749 2425.80427  16.7%  60.7 2694s
 123169 81092 2722.41494   55   49 2910.59749 2425.87678  16.7%  60.6 2695s
 123334 81503 2708.24922   76   67 2910.59749 2425.92899  16.7%  60.6 2706s
 124012 81678 2699.04898   77  111 2910.59749 2426.01515  16.6%  60.6 2714s
 124315 82403 2737.07614   71  101 2910.59749 2426.09638  16.6%  60.7 2728s
 125396 83154 infeasible   93      2910.59749 2426.32154  16.6%  60.7 2743s
 126431 83410 2716.77843   88   73 2910.59749 2426.39919  16.6%  60.7 2754s
 126881 83710 2544.28850   51   71 2910.59749 2426.43423  16.6%  60.8 2763s
 127293 84377 2627.87439   60   52 2910.59749 2426.44089  16.6%  60.9 2779s
 128348 85103 2541.15343   53   68 2910.59749 2426.44089  16.6%  61.0 2793s
 129298 85275 2653.23056   65   59 2910.59749 2426.44089  16.6%  61.0 2802s
H129386 84996                    2904.8591375 2426.44089  16.5%  61.1 2802s
H129414 83047                    2881.1815750 2426.44089  15.8%  61.1 2802s
 129525 83667 2473.55662   51   64 2881.18157 2426.44089  15.8%  61.1 2818s
 130492 83873 2483.77819   61   83 2881.18157 2426.44089  15.8%  61.3 2829s
 130834 84729 2642.30344   70   81 2881.18157 2426.56694  15.8%  61.4 2844s
 131952 85085 2814.95083   91   95 2881.18157 2426.61529  15.8%  61.4 2854s
 132432 85954 2552.61913   66  146 2881.18157 2426.65602  15.8%  61.5 2870s
 133613 86600 2463.60999   50  130 2881.18157 2426.70098  15.8%  61.5 2903s
 134509 86793 2521.37009   56  130 2881.18157 2426.76231  15.8%  61.5 2914s
 134823 87471 2676.83943   58   54 2881.18157 2426.81840  15.8%  61.5 2929s
 135848 87594 2519.42357   81   94 2881.18157 2426.88574  15.8%  61.7 2940s
 136107 88501 2585.87212   99   99 2881.18157 2426.89758  15.8%  61.7 2958s
 137452 88841 2536.57446   65   96 2881.18157 2427.03027  15.8%  61.7 2972s
 137952 89064 2456.30492   71  121 2881.18157 2427.03876  15.8%  61.7 2981s
 138260 89993 2518.30236   93   70 2881.18157 2427.08077  15.8%  61.8 2999s
 139764 90609 2438.78359   57  107 2881.18157 2427.09674  15.8%  61.7 3014s
 140636 91489 infeasible  156      2881.18157 2427.14864  15.8%  61.7 3030s
 141890 92217 2611.10338   91   82 2881.18157 2427.25700  15.8%  61.7 3046s
 143079 92354 2712.13288  151   69 2881.18157 2427.41192  15.7%  61.7 3055s
 143301 93132 2462.97632   64  161 2881.18157 2427.41192  15.7%  61.8 3071s
 144506 93654 2465.85668   95  101 2881.18157 2427.59771  15.7%  61.8 3086s
 145402 93856 2646.40176   72   89 2881.18157 2427.62871  15.7%  61.9 3095s
 145755 94761 2586.09161   86   75 2881.18157 2427.65088  15.7%  61.9 3111s
 147087 95447 infeasible   97      2881.18157 2427.75359  15.7%  61.9 3125s
 148202 95621 2616.35903  110   70 2881.18157 2427.84921  15.7%  61.9 3134s
 148460 96251 2445.45728   68   70 2881.18157 2427.87099  15.7%  62.0 3148s
 149380 96931 infeasible   81      2881.18157 2427.93373  15.7%  61.9 3165s
 150519 97490 2709.60829  109   66 2881.18157 2427.98296  15.7%  62.0 3182s
 151470 97617 infeasible  132      2881.18157 2428.05002  15.7%  62.0 3191s
 151729 98381     cutoff   84      2881.18157 2428.09521  15.7%  62.1 3206s
 152870 98808 infeasible   88      2881.18157 2428.17650  15.7%  62.1 3219s
 153436 99207 2604.47530  104   47 2881.18157 2428.17650  15.7%  62.1 3232s
 153985 99526 2642.43628   69   69 2881.18157 2428.17792  15.7%  62.2 3244s
 154476 100205 2806.55228   56   58 2881.18157 2428.26722  15.7%  62.2 3263s
 155582 100823 2536.48512  109   57 2881.18157 2428.34188  15.7%  62.2 3279s
 156574 101006 2533.23045   74  101 2881.18157 2428.36601  15.7%  62.2 3289s
 156870 101892 2447.23931   49  139 2881.18157 2428.39467  15.7%  62.3 3307s
 158124 102298 2685.02970  118   54 2881.18157 2428.42973  15.7%  62.2 3321s
 158724 102803 2678.78392   63   98 2881.18157 2428.45131  15.7%  62.3 3335s
 159473 103049 2825.81107  123   91 2881.18157 2428.46785  15.7%  62.3 3346s
 159825 103889 2468.38128   70  121 2881.18157 2428.46785  15.7%  62.3 3363s
 160963 104537 2812.44345   65   74 2881.18157 2428.57257  15.7%  62.3 3379s
 161940 105273 infeasible  108      2881.18157 2428.69849  15.7%  62.3 3396s
 163117 105476 2433.91562   66  108 2881.18157 2428.79204  15.7%  62.3 3407s
 163423 106178 2543.79532   93  100 2881.18157 2428.82193  15.7%  62.4 3425s
 164538 106817     cutoff   70      2881.18157 2428.90847  15.7%  62.4 3444s
 165568 106994 2803.89201  100   57 2881.18157 2428.95012  15.7%  62.5 3456s
 165940 107752 2458.85002   48   70 2881.18157 2428.98866  15.7%  62.6 3471s
 166874 108286     cutoff  131      2881.18157 2429.01915  15.7%  62.6 3486s
 167634 108585 infeasible  102      2881.18157 2429.01915  15.7%  62.6 3499s
 168165 108915 2615.70019   62   51 2881.18157 2429.01915  15.7%  62.7 3515s
 168707 109130 2450.88842   73  122 2881.18157 2429.01915  15.7%  62.7 3524s
 168973 109869 2693.02314  101   78 2881.18157 2429.01915  15.7%  62.8 3587s
 169969 110148 2676.63746   87   69 2881.18157 2429.16713  15.7%  62.7 3598s
 170364 110904 2643.24264   67   90 2881.18157 2429.27218  15.7%  62.8 3617s
 171648 111801 2567.59284   87   81 2881.18157 2429.40273  15.7%  62.8 3639s
 173146 112648 2705.64824   74  139 2881.18157 2429.47092  15.7%  62.8 3657s
 174426 112881 2657.56537  111   79 2881.18157 2429.53164  15.7%  62.8 3668s
 174795 113877 2524.02066   54   99 2881.18157 2429.58220  15.7%  62.8 3687s
 176250 114766 2646.61434   69   85 2881.18157 2429.64842  15.7%  62.8 3704s
 177216 114766 2693.51480   79   49 2881.18157 2429.69785  15.7%  62.8 3705s
 177557 115624 2595.86078   59   69 2881.18157 2429.76750  15.7%  62.8 3721s
 178703 115926     cutoff  106      2881.18157 2429.84144  15.7%  62.7 3732s
 179141 116691 2445.31635   80   85 2881.18157 2429.91080  15.7%  62.7 3748s
 180281 117444 2789.68439   53   51 2881.18157 2429.98132  15.7%  62.7 3762s
 181320 117683 infeasible  122      2881.18157 2430.08023  15.7%  62.7 3771s
 181707 118638 2821.05301   92   46 2881.18157 2430.08023  15.7%  62.8 3788s
 182992 119566 2847.78620   62   71 2881.18157 2430.25599  15.7%  62.8 3805s
 184403 120308 2701.05412   89   42 2881.18157 2430.25599  15.7%  62.7 3821s
 185523 120427 2452.07093   75   94 2881.18157 2430.25599  15.7%  62.7 3832s
 185915 120495 2709.51895   73   76 2881.18157 2430.25599  15.7%  62.8 3843s
 186288 120681 2723.28329   80   57 2881.18157 2430.25599  15.7%  62.9 3853s
 186680 121308 2494.72376   68   60 2881.18157 2430.25599  15.7%  63.0 3867s
 187667 121403 2847.49534   60   78 2881.18157 2430.25599  15.7%  63.0 3877s
 187828 122201 2862.75987   71   63 2881.18157 2430.25599  15.7%  63.1 3892s
 189011 122355 infeasible   93      2881.18157 2430.45402  15.6%  63.1 3902s
 189334 123220 2783.54719   64   82 2881.18157 2430.52030  15.6%  63.2 3919s
 190681 123509 2574.27934   60   62 2881.18157 2430.52678  15.6%  63.2 3930s
 191186 124347 2617.85558   83   89 2881.18157 2430.58136  15.6%  63.3 3946s
 192426 124533 2604.23989   60   99 2881.18157 2430.70185  15.6%  63.3 3956s
 192786 125093 2738.17382   63  102 2881.18157 2430.75696  15.6%  63.3 3970s
 193743 125748 2526.50817  108  134 2881.18157 2430.80442  15.6%  63.4 3986s
 194850 125927 2722.16865   62   43 2881.18157 2430.87109  15.6%  63.4 3996s
 195207 126751 2706.94136   54   55 2881.18157 2430.87832  15.6%  63.5 4010s
 196382 127488 2778.48178   84   36 2881.18157 2430.96461  15.6%  63.4 4026s
 197543 127602 2564.87162   68   73 2881.18157 2431.02539  15.6%  63.4 4036s
 197754 128242 2505.92975   55   51 2881.18157 2431.08807  15.6%  63.4 4051s
 198903 128385 infeasible   88      2881.18157 2431.18395  15.6%  63.4 4060s
 199194 129034 2627.81036   68  105 2881.18157 2431.24870  15.6%  63.5 4074s
 200323 129586 2859.26594   92   54 2881.18157 2431.42810  15.6%  63.5 4089s
 201217 129761 2465.71594   71  108 2881.18157 2431.46655  15.6%  63.5 4098s
 201498 130486 2501.33287   86  115 2881.18157 2431.48998  15.6%  63.6 4114s
 202651 130915 2864.26840  132   77 2881.18157 2431.66736  15.6%  63.6 4129s
 203359 131171 2818.26008  106   59 2881.18157 2431.66926  15.6%  63.6 4140s
 203851 131763 2554.19354   63   63 2881.18157 2431.66926  15.6%  63.6 4153s
 204824 132354     cutoff   72      2881.18157 2431.80728  15.6%  63.6 4168s
 205831 132521 infeasible  106      2881.18157 2431.85219  15.6%  63.7 4177s
 206107 133381 2612.27770   74   49 2881.18157 2431.94674  15.6%  63.8 4194s
 206758 133381 2447.91008   88  140 2881.18157 2431.96961  15.6%  63.7 4195s
 207402 133757 2675.86696   98  126 2881.18157 2432.05196  15.6%  63.7 4209s
 208000 134111 2571.84637   80   60 2881.18157 2432.08882  15.6%  63.7 4220s
 208568 134760 2596.36008   63   90 2881.18157 2432.12711  15.6%  63.8 4234s
 209597 135477 2445.15503   59  144 2881.18157 2432.26110  15.6%  63.8 4250s
 210621 135631 2726.96913   63   68 2881.18157 2432.31862  15.6%  63.8 4261s
 210912 136441 2461.92941   59   94 2881.18157 2432.33333  15.6%  63.9 4279s
 212147 136640 2795.37765   92   32 2881.18157 2432.43037  15.6%  63.9 4291s
 212504 137247 2801.14555   61   53 2881.18157 2432.48182  15.6%  63.9 4307s
 213420 137397 infeasible   83      2881.18157 2432.48564  15.6%  64.0 4317s
 213677 138158 2588.00771   59   83 2881.18157 2432.49272  15.6%  64.0 4333s
 214840 138721 2620.71310   50   75 2881.18157 2432.57680  15.6%  64.0 4349s
 215726 139034 2485.85887   70   80 2881.18157 2432.71056  15.6%  64.0 4361s
 216202 139491 2647.15360   56   49 2881.18157 2432.79627  15.6%  64.0 4412s
 216932 139625 2446.53509   76  105 2881.18157 2432.81537  15.6%  64.0 4424s
 217164 140027 2504.65776   88  119 2881.18157 2432.82886  15.6%  64.1 4440s
 217897 140404 infeasible   86      2881.18157 2432.89213  15.6%  64.1 4456s
 218522 141299 2619.31893   72   41 2881.18157 2432.93479  15.6%  64.2 4474s
 219220 141299 2793.53803   73   63 2881.18157 2432.96967  15.6%  64.1 4475s
 219799 141455 2880.48640  118   23 2881.18157 2433.08082  15.6%  64.2 4486s
 220119 142160 2631.97446   48   64 2881.18157 2433.14149  15.6%  64.2 4503s
 221203 143067 2464.59877   55  113 2881.18157 2433.19829  15.5%  64.2 4523s
 222627 143270     cutoff  110      2881.18157 2433.35529  15.5%  64.2 4534s
 223001 144009 2497.54179   69   86 2881.18157 2433.45486  15.5%  64.2 4556s
 224228 144796 2601.36493   56   79 2881.18157 2433.53402  15.5%  64.3 4576s
 225534 145021 2828.93755   96   58 2881.18157 2433.66232  15.5%  64.2 4587s
 225940 145548 2448.06828   93  131 2881.18157 2433.71540  15.5%  64.3 4604s
 226736 145804 2625.78101   64   62 2881.18157 2433.80968  15.5%  64.4 4618s
 227209 146523 infeasible   52      2881.18157 2433.89670  15.5%  64.4 4639s
 228409 146749 infeasible   65      2881.18157 2433.94051  15.5%  64.5 4653s
 228793 147542 2464.46789   76   91 2881.18157 2434.03108  15.5%  64.5 4671s
 229995 148304 2494.58809   97   75 2881.18157 2434.11641  15.5%  64.5 4691s
 231259 148532 2487.20248   79   80 2881.18157 2434.23386  15.5%  64.5 4705s
 231682 149095 2649.88432   85   80 2881.18157 2434.27864  15.5%  64.6 4724s
 232545 149539 2596.86144   88   78 2881.18157 2434.34004  15.5%  64.6 4739s
 232818 149539 infeasible  118      2881.18157 2434.35374  15.5%  64.6 4740s
 233195 150466 2593.23506   74   78 2881.18157 2434.38701  15.5%  64.6 4760s
 234697 151113 2472.44601   60  244 2881.18157 2434.48077  15.5%  64.5 4777s
 235732 151308 2478.32468   73  138 2881.18157 2434.59216  15.5%  64.6 4786s
 236023 152113 2487.67647  111  105 2881.18157 2434.59537  15.5%  64.6 4804s
 237260 152886 2495.28498   64  111 2881.18157 2434.59537  15.5%  64.6 4820s
 238477 153576 2517.84134   83  100 2881.18157 2434.79286  15.5%  64.6 4839s
 239594 153708 infeasible   54      2881.18157 2434.81459  15.5%  64.6 4850s
 239929 154533 2546.31473   76   93 2881.18157 2434.86438  15.5%  64.6 4867s
 241122 154804 2537.13389   63   81 2881.18157 2434.90957  15.5%  64.6 4879s
 241575 155587 2690.35000   49   76 2881.18157 2434.90957  15.5%  64.7 4896s
 242721 155838 2574.10696   67   69 2881.18157 2434.90957  15.5%  64.7 4905s
 243055 156502 2789.61880   78   66 2881.18157 2434.90957  15.5%  64.7 4923s
 244024 157515 2649.00858   99   57 2881.18157 2434.90957  15.5%  64.7 4941s
 245374 158327 2459.91661   73  111 2881.18157 2434.90957  15.5%  64.7 4960s
 246469 158549 2463.09024   86  143 2881.18157 2434.90957  15.5%  64.7 4969s
 246765 159359 2711.16310   98   96 2881.18157 2434.90957  15.5%  64.7 4986s
 247910 160151 2510.10766   65   42 2881.18157 2434.90957  15.5%  64.8 5004s
 249013 160988 2760.02768  120  114 2881.18157 2434.90957  15.5%  64.8 5021s
 250184 161371 2448.61799   68   85 2881.18157 2434.90957  15.5%  64.8 5035s
 250849 161601 2855.73327   88  102 2881.18157 2434.90957  15.5%  64.9 5048s
 251328 161870 2434.93111   69   60 2881.18157 2434.90957  15.5%  64.9 5063s
 251729 162457 2688.47659  100   69 2881.18157 2434.93111  15.5%  65.0 5078s
 252694 162602 infeasible  126      2881.18157 2434.93111  15.5%  65.0 5089s
 252980 163361 2455.86195   65   87 2881.18157 2434.94828  15.5%  65.1 5107s
 254025 163654 infeasible   99      2881.18157 2434.99255  15.5%  65.1 5122s
 254619 164283 2742.06359   95   66 2881.18157 2435.06642  15.5%  65.2 5138s
 255637 164424 2683.45008  107   68 2881.18157 2435.15350  15.5%  65.2 5150s
 255988 165294 2531.87363   74   82 2881.18157 2435.19620  15.5%  65.3 5169s
 257346 165689     cutoff   81      2881.18157 2435.25330  15.5%  65.2 5185s
 257975 165926 2536.18084   70  102 2881.18157 2435.34925  15.5%  65.2 5195s
 258370 166549 infeasible   69      2881.18157 2435.40418  15.5%  65.3 5212s
 259346 167380 2576.34291   69  117 2881.18157 2435.44690  15.5%  65.4 5252s
 260617 167598 2460.21494   65  117 2881.18157 2435.52273  15.5%  65.4 5265s
 261025 168263 2672.45840   90   82 2881.18157 2435.55081  15.5%  65.4 5285s
 261970 168795 2663.04798   96   76 2881.18157 2435.58607  15.5%  65.4 5301s
 262761 169056 2536.35002   83   70 2881.18157 2435.66177  15.5%  65.4 5315s
 263273 169973 2710.43681   98  114 2881.18157 2435.72495  15.5%  65.5 5337s
 264667 170157 2750.44213  109   78 2881.18157 2435.77228  15.5%  65.6 5349s
 265045 171108 2467.99890   85  114 2881.18157 2435.84141  15.5%  65.6 5370s
 266350 171560 2823.93311  103   45 2881.18157 2435.86914  15.5%  65.6 5483s
 266898 171720 2608.34924  105   60 2881.18157 2435.89094  15.5%  65.6 5498s
 267228 171973 2453.08093   60   85 2881.18157 2435.90439  15.5%  65.6 5509s
 267620 172947 2730.64869   83   62 2881.18157 2435.90439  15.5%  65.7 5527s
 269092 173660 2720.54072  115   94 2881.18157 2435.94381  15.5%  65.6 5543s
 270244 173879 2685.17647   86   46 2881.18157 2436.07392  15.4%  65.6 5555s
 270678 174590 2809.30244   83   93 2881.18157 2436.13307  15.4%  65.7 5573s
 271908 175566 2471.27980   75   97 2881.18157 2436.20019  15.4%  65.7 5592s
 273327 175937 2673.53702   82   96 2881.18157 2436.22507  15.4%  65.7 5604s
 273861 176717 2668.01969   99   62 2881.18157 2436.29100  15.4%  65.7 5623s
 275061 177599 2441.91517   46   87 2881.18157 2436.38015  15.4%  65.7 5640s
 276390 177784 infeasible  136      2881.18157 2436.44473  15.4%  65.7 5650s
 276683 178552 2645.41844   72   74 2881.18157 2436.44473  15.4%  65.7 5666s
 277890 179421     cutoff   69      2881.18157 2436.53305  15.4%  65.7 5682s
 279228 180181 2721.34037   84   92 2881.18157 2436.65201  15.4%  65.7 5698s
 280474 180339 2688.80516   66   87 2881.18157 2436.72471  15.4%  65.7 5709s
 280817 181054 2692.85563   63   54 2881.18157 2436.76899  15.4%  65.7 5728s
 282126 181493 2458.10317   65  150 2881.18157 2436.86251  15.4%  65.7 5746s
 282771 181697 2605.26725  120   62 2881.18157 2436.86940  15.4%  65.8 5757s
 283120 182466 infeasible   83      2881.18157 2436.89558  15.4%  65.8 5775s
 284198 182981 2615.47064   72   71 2881.18157 2436.94222  15.4%  65.9 5790s
 284982 183231 2519.43736   51   57 2881.18157 2436.95092  15.4%  65.9 5801s
 285354 184219 2559.12920   69   99 2881.18157 2436.95092  15.4%  65.9 5820s
 286668 185077 2537.98678   72  107 2881.18157 2436.95093  15.4%  65.9 5838s
 287875 185932 2644.19167   94   92 2881.18157 2436.95093  15.4%  66.0 5854s
 289078 186212 2859.64966   89   59 2881.18157 2436.95093  15.4%  66.0 5865s
 289449 187056 2604.63731   97  104 2881.18157 2436.95093  15.4%  66.1 5881s
 290590 187894     cutoff  119      2881.18157 2436.95148  15.4%  66.1 5898s
 291797 188076     cutoff   93      2881.18157 2437.02240  15.4%  66.1 5908s
 292070 188846 2500.00401   65  168 2881.18157 2437.04527  15.4%  66.1 5925s
 293261 189638 2785.44676   62   52 2881.18157 2437.10597  15.4%  66.1 5941s
 294534 190246 2694.24428   86   43 2881.18157 2437.12417  15.4%  66.1 5957s
 295478 190486 2776.95047  140   62 2881.18157 2437.20804  15.4%  66.1 5968s
 295867 191077 2765.96706   65   76 2881.18157 2437.22628  15.4%  66.1 5987s
 296836 191864 2587.71652   57  119 2881.18157 2437.28696  15.4%  66.1 6003s
 298009 192028 2511.69064   67   76 2881.18157 2437.32896  15.4%  66.2 6013s
 298282 192724 2777.75898   57  101 2881.18157 2437.33442  15.4%  66.2 6029s
 299370 193470 2484.94229   76   90 2881.18157 2437.41238  15.4%  66.2 6045s
 300411 193577 2656.07760   96   85 2881.18157 2437.43594  15.4%  66.3 6059s
 300612 194271 2822.03598   87  108 2881.18157 2437.45890  15.4%  66.3 6074s
 301641 194553 2438.07407   80  130 2881.18157 2437.51586  15.4%  66.3 6086s
 302079 195229 2860.13820   69   51 2881.18157 2437.56307  15.4%  66.3 6103s
 303203 195530 2803.86663   90   40 2881.18157 2437.60223  15.4%  66.4 6118s
 303867 195746     cutoff   91      2881.18157 2437.62378  15.4%  66.4 6129s
 304234 196380 2556.31090   56   85 2881.18157 2437.66888  15.4%  66.5 6147s
 305430 197071 infeasible   80      2881.18157 2437.75731  15.4%  66.5 6164s
 306520 197262 2796.71443   90   84 2881.18157 2437.85426  15.4%  66.5 6175s
 306913 197717 2734.89487  101   62 2881.18157 2437.91876  15.4%  66.6 6193s
 307655 198305 2468.92186   74   90 2881.18157 2437.95138  15.4%  66.6 6208s
 308653 198498 2512.17594   72  116 2881.18157 2437.99481  15.4%  66.7 6218s
 309014 199296 2727.24202   99   77 2881.18157 2438.01633  15.4%  66.7 6236s
 310284 200005 2553.48695   63   83 2881.18157 2438.10150  15.4%  66.7 6253s
 311409 200160 2825.14064   79   47 2881.18157 2438.15026  15.4%  66.8 6263s
 311727 200925 2522.48660   76  111 2881.18157 2438.23089  15.4%  66.8 6279s
 312917 201598 2555.30789   78   94 2881.18157 2438.33741  15.4%  66.8 6295s
 313995 201744 2455.54470   60  109 2881.18157 2438.40081  15.4%  66.8 6310s
 314221 202438 2691.09005   69   57 2881.18157 2438.41673  15.4%  66.8 6327s
 315398 202674 2857.60973   67  108 2881.18157 2438.53569  15.4%  66.9 6338s
 315783 203303 2502.84829   53   59 2881.18157 2438.58514  15.4%  66.9 6354s
 316943 203790 infeasible  107      2881.18157 2438.60501  15.4%  66.9 6370s
 317895 203949 2504.66269   53   89 2881.18157 2438.68977  15.4%  67.0 6382s
 318229 204633 2474.16206   71   81 2881.18157 2438.72930  15.4%  67.0 6400s
 319407 205005 2510.87616   57   95 2881.18157 2438.82772  15.4%  67.1 6413s
 319999 206047 2580.48293   76   79 2881.18157 2438.84584  15.4%  67.1 6433s
 321394 207144 2749.83648  100   78 2881.18157 2438.84584  15.4%  67.1 6453s
 322912 207650 2658.66999  110   69 2881.18157 2438.84584  15.4%  67.1 6468s
 323580 208316 infeasible  105      2881.18157 2438.84584  15.4%  67.1 6491s
 324663 208561     cutoff  104      2881.18157 2438.84584  15.4%  67.2 6502s
 325020 209654     cutoff  106      2881.18157 2438.84584  15.4%  67.2 6521s
 326497 210413 2790.25433   98   80 2881.18157 2438.84584  15.4%  67.2 6538s
 327602 211182 2526.99836   95  108 2881.18157 2438.84584  15.4%  67.2 6556s
 328812 211401 2731.83967   74   72 2881.18157 2438.84584  15.4%  67.2 6567s
 329122 212209 2489.46920   81   87 2881.18157 2438.84584  15.4%  67.3 6584s
 330320 213093 2809.28026   76  108 2881.18157 2438.90514  15.4%  67.3 6602s
 331577 213496 2458.26825   82   73 2881.18157 2438.95014  15.3%  67.3 6621s
 332165 213727 2460.53838   83   78 2881.18157 2438.98110  15.3%  67.3 6631s
 332483 214552 2466.26587   69   71 2881.18157 2439.01230  15.3%  67.3 6648s
 333780 215383 2687.37213   78   59 2881.18157 2439.04556  15.3%  67.3 6665s
 334981 216006 2548.40843   82   46 2881.18157 2439.08188  15.3%  67.3 6681s
 335987 216186 2538.88213   54  128 2881.18157 2439.13120  15.3%  67.3 6691s
 336300 216781     cutoff  100      2881.18157 2439.14977  15.3%  67.4 6707s
 337383 217224 2564.49958   72  113 2881.18157 2439.18537  15.3%  67.4 6720s
 338038 217781 infeasible  105      2881.18157 2439.23280  15.3%  67.4 6735s
 338866 218035 2535.31425   84   92 2881.18157 2439.28646  15.3%  67.4 6745s
 339250 218765 infeasible   82      2881.18157 2439.31680  15.3%  67.4 6762s
 340503 219377 2814.66460   75   54 2881.18157 2439.38602  15.3%  67.4 6779s
 341530 219954 2530.01146   84   86 2881.18157 2439.44639  15.3%  67.4 6795s
 342484 220130 2622.92817   72   60 2881.18157 2439.48836  15.3%  67.5 6806s
 342847 220984 2724.96406  111   80 2881.18157 2439.53623  15.3%  67.5 6824s
 344076 221488 2603.11905   71   76 2881.18157 2439.55000  15.3%  67.5 6838s
 344776 222204 2557.80771   77   91 2881.18157 2439.58067  15.3%  67.6 6855s
 345841 222431 2480.48560   78   85 2881.18157 2439.61910  15.3%  67.6 6865s
 346189 223247 2742.61866   59   79 2881.18157 2439.65237  15.3%  67.7 6883s
 347416 224030 2492.57170   68   56 2881.18157 2439.68523  15.3%  67.7 6900s
 348518 224785 2589.75033   81   75 2881.18157 2439.71060  15.3%  67.7 6917s
 349596 224991 2748.04557  122   69 2881.18157 2439.71060  15.3%  67.7 6926s
 349889 225887 2664.50394  156   58 2881.18157 2439.71060  15.3%  67.7 6944s
 351146 226609 2785.07564  116  106 2881.18157 2439.85184  15.3%  67.7 6962s
 352325 227311 2787.24378   85  102 2881.18157 2439.87328  15.3%  67.7 6980s
 353549 227457 2729.61141   94   64 2881.18157 2439.92198  15.3%  67.7 6991s
 353891 228313 2690.14860  104   62 2881.18157 2439.95382  15.3%  67.8 7009s
 355163 228869 2474.22807   76   76 2881.18157 2440.00587  15.3%  67.7 7024s
 356056 229037 2584.10042   87   48 2881.18157 2440.01923  15.3%  67.8 7033s
 356322 229712 2843.92132  128   34 2881.18157 2440.04375  15.3%  67.8 7049s
 357393 230441 2530.62785   76   60 2881.18157 2440.12894  15.3%  67.8 7069s
 358515 230581 2546.72440   90   92 2881.18157 2440.19257  15.3%  67.8 7081s
 358764 231132 2711.89909  108  108 2881.18157 2440.19257  15.3%  67.8 7099s
 359698 231890     cutoff   82      2881.18157 2440.23178  15.3%  67.8 7118s
 360850 232103 2841.74976   88   68 2881.18157 2440.32603  15.3%  67.8 7129s
 361211 232930     cutoff   93      2881.18157 2440.33961  15.3%  67.8 7149s
 362486 233485 2650.03503   84   50 2881.18157 2440.38211  15.3%  67.8 7166s
 363376 234163     cutoff  102      2881.18157 2440.44010  15.3%  67.8 7184s
 363830 234163 2556.22042   86  127 2881.18157 2440.44281  15.3%  67.8 7185s
 364466 234341 infeasible   82      2881.18157 2440.48670  15.3%  67.8 7195s
 364768 234481 2563.39856   63   65 2881.18157 2440.48891  15.3%  67.9 7200s

Cutting planes:
  Learned: 3
  Gomory: 14
  Cover: 238
  Implied bound: 1692
  Projected implied bound: 5
  MIR: 82
  StrongCG: 2
  Flow cover: 1105
  Inf proof: 63
  Zero half: 186
  RLT: 169
  Relax-and-lift: 44

Explored 365042 nodes (24772716 simplex iterations) in 7200.36 seconds (3643.11 work units)
Thread count was 8 (of 8 available processors)

Solution count 10: 2881.18 2904.86 2910.6 ... 2973.29

Time limit reached
Best objective 2.881181575000e+03, best bound 2.440488905256e+03, gap 15.2956%
