Start
Set parameter TimeLimit to value 7200
Set parameter CrossoverBasis to value 0
Set parameter NodefileDir to value ""
Set parameter NonConvex to value 2
Set parameter PreSOS2BigM to value 0
Set parameter TuneTrials to value 3
Gurobi Optimizer version 10.0.1 build v10.0.1rc0 (win64)

CPU model: Intel(R) Core(TM) i7-9700 CPU @ 3.00GHz, instruction set [SSE2|AVX|AVX2]
Thread count: 8 physical cores, 8 logical processors, using up to 8 threads

Optimize a model with 723 rows, 1812 columns and 17613 nonzeros
Model fingerprint: 0x1adcb9a3
Model has 18785 quadratic constraints
Variable types: 148 continuous, 1664 integer (1664 binary)
Coefficient statistics:
  Matrix range     [1e+00, 5e+02]
  QMatrix range    [1e+00, 5e+02]
  QLMatrix range   [1e+00, 1e+00]
  Objective range  [9e-02, 2e+00]
  Bounds range     [1e+00, 1e+00]
  RHS range        [1e+00, 5e+02]
  QRHS range       [5e+02, 5e+02]
Presolve removed 144 rows and 33 columns
Presolve time: 11.74s
Presolved: 37974 rows, 23469 columns, 123648 nonzeros
Presolved model has 3040 SOS constraint(s)
Variable types: 3152 continuous, 20317 integer (20317 binary)
Deterministic concurrent LP optimizer: primal and dual simplex
Showing first log only...


Root simplex log...

Iteration    Objective       Primal Inf.    Dual Inf.      Time
       0    3.2791511e+00   1.396250e+02   1.926268e+08     15s
Concurrent spin time: 0.05s

Solved with dual simplex

Root simplex log...

Iteration    Objective       Primal Inf.    Dual Inf.      Time
     861    2.1882171e+01   0.000000e+00   0.000000e+00     15s

Root relaxation: objective 2.188217e+01, 861 iterations, 0.36 seconds (0.27 work units)
Total elapsed time = 14.77s

    Nodes    |    Current Node    |     Objective Bounds      |     Work
 Expl Unexpl |  Obj  Depth IntInf | Incumbent    BestBd   Gap | It/Node Time

     0     0   21.88217    0  291          -   21.88217      -     -   15s
     0     0   24.24971    0  446          -   24.24971      -     -   20s
     0     0   24.24971    0  375          -   24.24971      -     -   20s
     0     0   26.34852    0  441          -   26.34852      -     -   25s
     0     0   26.45741    0  333          -   26.45741      -     -   25s
     0     0   26.45741    0  334          -   26.45741      -     -   25s
     0     0   28.37331    0  370          -   28.37331      -     -   27s
     0     0   28.49262    0  295          -   28.49262      -     -   28s
     0     0   28.49360    0  357          -   28.49360      -     -   28s
     0     0   28.70607    0  465          -   28.70607      -     -   31s
     0     0   28.76685    0  429          -   28.76685      -     -   31s
     0     0   28.78496    0  399          -   28.78496      -     -   31s
     0     0   28.81518    0  352          -   28.81518      -     -   33s
     0     0   28.81527    0  340          -   28.81527      -     -   33s
     0     0   28.90783    0  380          -   28.90783      -     -   34s
     0     0   28.90783    0  389          -   28.90783      -     -   35s
     0     0   28.91694    0  437          -   28.91694      -     -   36s
     0     0   28.91694    0  293          -   28.91694      -     -   36s
     0     2   28.91694    0  292          -   28.91694      -     -   38s
    15    22   29.87994    4  298          -   29.56704      -   279   40s
   181   195   29.98089   26  263          -   29.56705      -  55.3   45s
   372   370   32.68656   45  149          -   29.56705      -  50.8   50s
   533   534   35.41023   63  193          -   29.56705      -  52.0   55s
   813   740   45.95625   97  127          -   29.56705      -  43.5   60s
H  959   808                     103.9368146   29.56705  71.6%  41.0   62s
H  983   831                     103.8100371   29.56705  71.5%  40.7   63s
H 1002   854                     103.3643141   29.56705  71.4%  41.2   64s
  1046   876   30.60472   16  227  103.36431   29.56705  71.4%  41.1   66s
H 1142   929                     101.5705655   29.56705  70.9%  41.3   68s
* 1153   925             142      95.8507667   29.56705  69.2%  41.0   68s
H 1204   979                      95.6480896   29.56705  69.1%  40.5   71s
  1288  1028   29.83046   40  234   95.64809   29.56705  69.1%  40.3   75s
  1372  1087   29.83602   46  249   95.64809   29.56705  69.1%  40.7   80s
H 1393  1079                      93.9452885   29.56705  68.5%  40.6   80s
H 1397  1042                      90.5879299   29.56705  67.4%  40.5   80s
H 1471  1113                      90.5709151   29.56705  67.4%  41.5   84s
  1524  1114   35.41023   57 9281   90.57092   29.56705  67.4%  40.8   94s
  1526  1115   44.99539   39   95   90.57092   44.98543  50.3%  40.7  108s
  1527  1116   56.66914    7  128   90.57092   45.17342  50.1%  40.7  110s
  1528  1117   45.25195   60  155   90.57092   45.25195  50.0%  40.7  120s
  1530  1118   46.26575   47  177   90.57092   46.26575  48.9%  40.6  137s
  1531  1119   56.66914    7  156   90.57092   46.42122  48.7%  40.6  140s
  1532  1119   46.45287   76  203   90.57092   46.45287  48.7%  40.5  161s
  1533  1120   48.46275    8  341   90.57092   47.12873  48.0%  40.5  166s
  1534  1121   47.73360   44  496   90.57092   47.73360  47.3%  40.5  198s
  1535  1121   59.30625   92  646   90.57092   48.24835  46.7%  40.5  210s
  1536  1122   48.59272   26  166   90.57092   48.59272  46.3%  40.4  224s
  1537  1123   48.59272  116  210   90.57092   48.59272  46.3%  40.4  226s
  1538  1123   48.66957   14  226   90.57092   48.66957  46.3%  40.4  235s
  1540  1125   48.79482   53  229   90.57092   48.79482  46.1%  40.3  245s
  1542  1126   48.81163   78  235   90.57092   48.81163  46.1%  40.3  257s
  1543  1127   48.81163   46  261   90.57092   48.81163  46.1%  40.3  261s
  1544  1127   87.72820  119  221   90.57092   48.91008  46.0%  40.2  270s
  1546  1129   48.98410   42  246   90.57092   48.98410  45.9%  40.2  278s
  1547  1129   49.76152   63  241   90.57092   48.98410  45.9%  40.2  283s
  1548  1130   53.65446   14  235   90.57092   49.00258  45.9%  40.1  289s
  1549  1131   49.00258  115  237   90.57092   49.00258  45.9%  40.1  290s
  1550  1131   49.17017   19  226   90.57092   49.17017  45.7%  40.1  295s
  1552  1133   49.19431   32  238   90.57092   49.19431  45.7%  40.0  303s
  1554  1134   49.19744   14  282   90.57092   49.19744  45.7%  40.0  307s
  1555  1135   49.19744   97  261   90.57092   49.19744  45.7%  39.9  310s
  1556  1135   59.30009   73  234   90.57092   49.19744  45.7%  39.9  317s
  1558  1137   49.19744   13  253   90.57092   49.19744  45.7%  39.9  323s
H 1559  1079                      89.9872643   49.19744  45.3%  39.8  325s
H 1559  1024                      84.5361865   49.19744  41.8%  39.8  327s
  1562  1026   49.30499   25  248   84.53619   49.30499  41.7%  39.8  337s
  1564  1028   57.45741   90  252   84.53619   49.30499  41.7%  39.7  341s
  1567  1030   61.47708   87  287   84.53619   49.34278  41.6%  39.6  347s
  1568  1030   49.52227   81  270   84.53619   49.52227  41.4%  39.6  351s
  1571  1032   49.52227   19  277   84.53619   49.52227  41.4%  39.5  355s
  1574  1034   49.52227   48  254   84.53619   49.52227  41.4%  39.5  362s
  1576  1036   49.52227   29  268   84.53619   49.52227  41.4%  39.4  365s
  1579  1038   49.88718   59  261   84.53619   49.88718  41.0%  39.3  371s
  1582  1040   56.67525   55  280   84.53619   49.88718  41.0%  39.3  376s
  1584  1041   49.88718  121  325   84.53619   49.88718  41.0%  39.2  380s
  1590  1046   78.98968   70 8782   84.53619   49.89909  41.0%  59.1  387s
  1592  1047   49.89909   22  107   84.53619   49.89909  41.0%  59.0  401s
  1594  1049   49.89909   25  149   84.53619   49.89909  41.0%  58.9  409s
  1595  1049   51.27184   27  152   84.53619   51.27184  39.3%  58.9  410s
  1596  1050   51.27413  109  163   84.53619   51.27413  39.3%  58.8  417s
  1598  1051   53.78383    4  178   84.53619   53.78383  36.4%  58.8  425s
  1600  1053   56.12921   91  203   84.53619   56.12921  33.6%  58.7  433s
  1601  1053   57.75772   86  179   84.53619   57.75772  31.7%  58.7  435s
  1609  1059   58.55696   75  265   84.53619   58.55696  30.7%  58.4  440s
  1611  1060   58.96960  113  153   84.53619   58.96960  30.2%  58.3  445s
  1615  1063   59.42500   14  158   84.53619   59.42500  29.7%  58.1  452s
  1619  1065   60.04850   35  170   84.53619   60.04850  29.0%  58.0  457s
  1621  1067   61.44607   10  138   84.53619   61.44607  27.3%  57.9  460s
  1624  1069   61.73255   57  152   84.53619   61.73255  27.0%  57.8  465s
  1628  1071   63.09234   60  158   84.53619   63.09234  25.4%  57.7  470s
  1631  1073   63.73264    7  133   84.53619   63.73264  24.6%  57.6  475s
  1635  1076   64.07312   92  159   84.53619   64.07312  24.2%  57.4  482s
  1637  1077   64.16354  116  174   84.53619   64.16354  24.1%  57.4  485s
  1639  1079   64.16687   70  164   84.53619   64.16687  24.1%  57.3  491s
  1641  1080   64.23133   27  187   84.53619   64.23133  24.0%  57.2  496s
  1643  1081   64.23429   46  219   84.53619   64.23429  24.0%  57.2  500s
  1647  1084   64.29685   63  180   84.53619   64.29685  23.9%  57.0  505s
  1652  1087   64.35517   32  152   84.53619   64.35517  23.9%  56.8  510s
  1656  1090   64.41903   73  194   84.53619   64.41903  23.8%  56.7  515s
  1662  1094   64.43911   25  233   84.53619   64.43911  23.8%  56.5  522s
  1665  1096   64.43926   35  341   84.53619   64.43926  23.8%  56.4  525s
  1670  1100   64.43926   51  132   84.53619   64.43926  23.8%  80.6  538s
  1671  1101   64.43926   19  133   84.53619   64.43926  23.8%  80.5  541s
  1672  1102   64.43926   40  139   84.53619   64.43926  23.8%  80.5  549s
  1673  1102   64.43926   81  138   84.53619   64.43926  23.8%  80.4  552s
  1674  1103   64.43926   48  160   84.53619   64.43926  23.8%  80.4  561s
  1676  1104   64.51025   29  217   84.53619   64.51025  23.7%  80.3  572s
  1678  1106   64.53610   73  244   84.53619   64.53610  23.7%  80.2  583s
  1680  1107   64.55657   15  278   84.53619   64.55657  23.6%  80.1  588s
  1682  1108   64.56244   55  246   84.53619   64.56244  23.6%  80.0  593s
  1683  1109   64.65558   45  259   84.53619   64.65558  23.5%  79.9  595s
  1684  1110   64.90315  121  267   84.53619   64.90315  23.2%  79.9  604s
  1685  1110   65.31587   81  250   84.53619   65.31587  22.7%  79.8  607s
  1686  1111   65.31590   44  253   84.53619   65.31590  22.7%  79.8  614s
  1687  1112   65.35681   56  201   84.53619   65.35681  22.7%  79.7  616s
  1688  1112   65.37821   58  200   84.53619   65.37821  22.7%  79.7  621s
  1691  1114   65.42234   56  221   84.53619   65.42234  22.6%  79.6  625s
  1694  1116   65.45083   25  243   84.53619   65.45083  22.6%  79.4  633s
  1696  1118   65.45590  109  243   84.53619   65.45590  22.6%  79.3  638s
  1698  1119   65.46262    4  268   84.53619   65.46262  22.6%  79.2  642s
  1700  1120   65.47520   91  243   84.53619   65.47520  22.5%  79.1  647s
  1702  1122   65.48581   66  223   84.53619   65.48581  22.5%  79.0  650s
  1706  1124   65.48653   13  281   84.53619   65.48653  22.5%  78.9  656s
  1709  1126   65.48853   75  256   84.53619   65.48853  22.5%  78.7  660s
  1713  1129   65.49068   81  229   84.53619   65.49068  22.5%  78.5  666s
  1716  1131   65.50989   34  305   84.53619   65.50989  22.5%  78.4  671s
H 1718  1074                      84.3913932   65.56762  22.3%  78.3  674s
  1720  1076   65.56769   16  271   84.39139   65.56769  22.3%  78.2  676s
  1724  1078   65.57911   57  256   84.39139   65.57911  22.3%  78.0  681s
  1728  1081   65.57911   60  257   84.39139   65.57911  22.3%  77.9  685s
  1734  1088   65.65582   39  208   84.39139   65.57911  22.3%  96.7  690s
  1762  1111   65.75732   42  178   84.39139   65.57911  22.3%  99.3  695s
H 1802  1073                      84.3521040   65.57911  22.3%   100  697s
  1832  1096   65.76217   46  145   84.35210   65.57911  22.3%   100  700s
H 1867  1058                      84.0177631   65.57911  21.9%   103  703s
  1886  1058     cutoff   49        84.01776   65.57911  21.9%   104  706s
H 1904  1013                      77.9129799   65.57911  15.8%   107  709s
  1915  1020   66.11967   51  108   77.91298   65.57911  15.8%   107  710s
  1953  1045   65.77829   53  135   77.91298   65.57911  15.8%   108  715s
H 1955   997                      77.8305746   65.57911  15.7%   108  715s
H 1987   961                      77.1563602   65.57911  15.0%   108  718s
  1997   967   66.26717   55  117   77.15636   65.57911  15.0%   108  721s
H 2000   923                      76.6937139   65.57911  14.5%   108  721s
H 2003   881                      76.5068349   65.57911  14.3%   108  721s
  2036   888   66.00619   57   92   76.50683   65.57911  14.3%   108  726s
  2062   908   65.85291   59  113   76.50683   65.57911  14.3%   109  730s
  2083   908   65.85291   60  115   76.50683   65.57911  14.3%   109  740s
H 2084   869                      76.4338593   65.57911  14.2%   109  740s
  2143   903   65.85972   63  101   76.43386   65.57911  14.2%   110  746s
  2197   932   65.87313   65   95   76.43386   65.57911  14.2%   109  752s
  2250   952   65.87325   67   98   76.43386   65.57911  14.2%   110  756s
  2311   966 infeasible   70        76.43386   65.57911  14.2%   111  762s
  2346   962   65.88472   72  154   76.43386   65.57911  14.2%   111  765s
H 2357   921                      76.3334578   65.57911  14.1%   112  766s
  2415   950   66.03598   75  120   76.33346   65.57911  14.1%   112  771s
  2487   987   65.96430   77  112   76.33346   65.57911  14.1%   113  777s
  2531   986   65.99296   79  106   76.33346   65.57911  14.1%   112  781s
  2593   988     cutoff   81        76.33346   65.57911  14.1%   113  785s
  2690  1042   66.02644   87   87   76.33346   65.57911  14.1%   113  792s
  2742  1075   66.02644   88   86   76.33346   65.57911  14.1%   113  796s
  2836  1052   66.02646   90   77   76.33346   65.57911  14.1%   113  803s
  2851  1099   66.28239   91   73   76.33346   65.57911  14.1%   113  807s
  2991  1119   74.02159  101   37   76.33346   65.57911  14.1%   112  814s
H 3053  1063                      76.2228611   65.57911  14.0%   113  814s
  3062  1117   74.02159  110   43   76.22286   65.57911  14.0%   113  818s
  3154  1150   74.05295  119   27   76.22286   65.57911  14.0%   112  825s
  3283  1157   74.19883  134   36   76.22286   65.57911  14.0%   110  830s
  3352  1308   74.35619  146   30   76.22286   65.58265  14.0%   111  836s
  3599  1241   65.90512   43  221   76.22286   65.58265  14.0%   108  841s
  3647  1238   65.90522   44  189   76.22286   65.58265  14.0%   110  852s
  3664  1303   65.90711   48  215   76.22286   65.58265  14.0%   111  860s
  3735  1344   65.91844   51  152   76.22286   65.58265  14.0%   111  865s
  3810  1467   65.92702   54  162   76.22286   65.58265  14.0%   112  871s
  3971  1495 infeasible   55        76.22286   65.58265  14.0%   111  877s
  4015  1605 infeasible   59        76.22286   65.58265  14.0%   111  883s
  4172  1611   66.34580   61  130   76.22286   65.58265  14.0%   111  906s
  4182  1684   67.26448   62  110   76.22286   65.58265  14.0%   112  912s
  4297  1721   66.66043   60  100   76.22286   65.58265  14.0%   112  918s
  4374  1796   67.06298   61   76   76.22286   65.58265  14.0%   113  924s
  4486  1955 infeasible   65        76.22286   65.59051  13.9%   114  933s
  4768  1961   65.68521   51  148   76.22286   65.59072  13.9%   113  944s
  4833  2057   72.74477   52   78   76.22286   65.59072  13.9%   116  951s
  4976  2159   68.75756   60   28   76.22286   65.59072  13.9%   117  959s
  5121  2454   67.51049   66   19   76.22286   65.59619  13.9%   117  970s
  5527  2473   65.68424   50  186   76.22286   65.61010  13.9%   114  978s
  5568  2531   66.32506   52   47   76.22286   65.61010  13.9%   117  986s
  5655  2596   67.74036   61   41   76.22286   65.61010  13.9%   119  996s
  5790  2651     cutoff   69        76.22286   65.61010  13.9%   122 1006s
  5952  2670   66.67419   77   78   76.22286   65.61010  13.9%   124 1015s
  6065  2707 infeasible   86        76.22286   65.61713  13.9%   127 1025s
  6134  2801   65.66668   54  129   76.22286   65.61713  13.9%   128 1044s
  6274  2905   65.97935   72  133   76.22286   65.61713  13.9%   128 1055s
  6474  3066   71.23740   85   52   76.22286   65.66435  13.9%   129 1069s
  6704  3185   65.80617   58   82   76.22286   65.66435  13.9%   127 1079s
  6877  3609   73.98935  104   39   76.22286   65.66849  13.8%   128 1093s
  7425  3667 infeasible   83        76.22286   65.67680  13.8%   125 1104s
  7550  3829   65.88794   59   69   76.22286   65.68424  13.8%   127 1117s
  7842  4167   66.33245   73   93   76.22286   65.68424  13.8%   127 1131s
  8313  4205 infeasible  137        76.22286   65.68858  13.8%   125 1143s
  8441  4263   65.71368   68  159   76.22286   65.68858  13.8%   128 1157s
  8579  4802   65.90831   78  133   76.22286   65.68903  13.8%   131 1177s
  9302  4892 infeasible   82        76.22286   65.69241  13.8%   126 1191s
  9467  5212   66.17494   71  136   76.22286   65.69393  13.8%   128 1208s
  9924  5322 infeasible   88        76.22286   65.69393  13.8%   130 1223s
 10095  5409   67.25807   94   66   76.22286   65.69393  13.8%   133 1238s
 10294  5886   67.02850  104   64   76.22286   65.70271  13.8%   136 1259s
 10426  5886   66.04865   60  215   76.22286   65.70316  13.8%   136 1260s
 11057  5973 infeasible   57        76.22286   65.70515  13.8%   134 1278s
 11272  6210   66.46140   93   84   76.22286   65.70755  13.8%   137 1297s
 11646  6938   74.48413   89   63   76.22286   65.70977  13.8%   139 1321s
 12682  7092   65.81808   60   78   76.22286   65.71355  13.8%   134 1340s
 13026  7368   65.93394   61  115   76.22286   65.71526  13.8%   135 1363s
 13435  8163   74.39521  115   43   76.22286   65.71747  13.8%   136 1391s
 14751  8164   65.95162   75 7265   76.22286   65.71990  13.8%   132 1435s
 14753  8165   71.09063   85   91   76.22286   65.71990  13.8%   132 1447s
 14754  8166   73.26994   75  130   76.22286   65.71990  13.8%   132 1451s
 14755  8167   67.27113   67  197   76.22286   65.71990  13.8%   132 1467s
 14757  8168   74.11255  147  198   76.22286   65.71990  13.8%   132 1478s
 14758  8169   66.59905   59  187   76.22286   65.81509  13.7%   132 1482s
 14759  8169   66.46674   83  175   76.22286   65.82608  13.6%   132 1494s
 14760  8170   69.13623   91  149   76.22286   65.96362  13.5%   132 1499s
 14761  8171   70.41251   77  217   76.22286   65.98383  13.4%   132 1509s
 14762  8171   65.99333   94  211   76.22286   65.99333  13.4%   132 1510s
 14763  8172   72.18755  109  147   76.22286   66.01084  13.4%   132 1517s
 14765  8173   66.08853   63  245   76.22286   66.08853  13.3%   132 1529s
 14766  8174   67.33360   64  263   76.22286   66.18085  13.2%   132 1533s
 14767  8175   66.22391   69  249   76.22286   66.18416  13.2%   132 1544s
 14768  8175   69.91346  146  201   76.22286   66.22557  13.1%   132 1548s
 14769  8176   66.29263   72  230   76.22286   66.22580  13.1%   132 1554s
 14770  8177   67.12751   93  180   76.22286   66.25333  13.1%   132 1555s
 14772  8178   66.27146   44  258   76.22286   66.27146  13.1%   132 1560s
 14773  8179   66.27195   65  316   76.22286   66.27195  13.1%   132 1565s
 14775  8180   66.64157   53  286   76.22286   66.30523  13.0%   132 1572s
 14777  8181   68.49981   57  279   76.22286   66.32945  13.0%   132 1579s
 14778  8182   66.44439   64  245   76.22286   66.34233  13.0%   132 1580s
 14780  8183   66.50805   65  265   76.22286   66.35479  12.9%   132 1585s
 14782  8185   68.49581  127  142   76.22286   66.42910  12.8%   132 1590s
 14784  8186   76.02068   75  218   76.22286   66.44311  12.8%   132 1595s
 14786  8187   66.66011   61  230   76.22286   66.45945  12.8%   132 1601s
 14788  8189   67.64136  110  175   76.22286   66.46859  12.8%   132 1605s
 14789  8189   69.06072  111  206   76.22286   66.46881  12.8%   132 1610s
 14791  8191   66.49240   70  262   76.22286   66.49240  12.8%   132 1616s
 14793  8192   66.54283   87  163   76.22286   66.49530  12.8%   132 1620s
 14795  8193   66.50549   72  270   76.22286   66.50549  12.7%   132 1625s
 14797  8195   66.69109   46  237   76.22286   66.50809  12.7%   132 1630s
 14799  8196   66.51362   83  224   76.22286   66.51362  12.7%   132 1635s
 14801  8197   68.74701   60  268   76.22286   66.54855  12.7%   132 1643s
 14802  8198   68.18074   94  177   76.22286   66.55336  12.7%   132 1645s
 14805  8200   74.03571   91  175   76.22286   66.59280  12.6%   132 1651s
 14807  8201   66.86746   79  169   76.22286   66.60368  12.6%   132 1655s
 14809  8203   66.66315   79  231   76.22286   66.62348  12.6%   132 1660s
 14811  8204   66.64017   72  245   76.22286   66.64017  12.6%   132 1665s
 14813  8205   66.67156   69  235   76.22286   66.67156  12.5%   132 1671s
 14815  8207   67.35429   79  244   76.22286   66.67715  12.5%   132 1676s
 14817  8208   68.92280   56  244   76.22286   66.67720  12.5%   132 1680s
 14819  8209   66.67779   70  253   76.22286   66.67779  12.5%   132 1685s
 14823  8212   66.67929   64  200   76.22286   66.67929  12.5%   132 1693s
 14825  8213   67.37136   71  221   76.22286   66.67965  12.5%   132 1696s
 14827  8215   75.96111  116  261   76.22286   66.68040  12.5%   132 1701s
 14829  8216   72.85550   97  252   76.22286   66.68082  12.5%   132 1705s
 14831  8217   66.68141   88  274   76.22286   66.68141  12.5%   132 1710s
 14834  8219   67.33509   71  256   76.22286   66.68617  12.5%   132 1715s
 14837  8221   66.68655   56  207   76.22286   66.68655  12.5%   132 1723s
 14839  8223   74.56511  134  168   76.22286   66.68808  12.5%   132 1727s
 14841  8224   66.68942   54  157   76.22286   66.68942  12.5%   132 1731s
 14844  8226   74.18433  125  156   76.22286   66.78553  12.4%   132 1735s
 14846  8227   69.66328  102  163   76.22286   66.79037  12.4%   132 1740s
 14849  8229   74.06366  115  269   76.22286   66.79385  12.4%   131 1748s
 14851  8231   66.79800   75  236   76.22286   66.79800  12.4%   131 1753s
 14853  8232   71.09063   85  255   76.22286   66.80709  12.4%   131 1758s
 14855  8233   67.27113   67  243   76.22286   66.81750  12.3%   131 1763s
 14857  8235   74.11255  147  275   76.22286   66.82814  12.3%   131 1768s
 14859  8236   66.82831   83  260   76.22286   66.82831  12.3%   131 1772s
 14861  8237   70.41251   77  270   76.22286   66.82863  12.3%   131 1778s
 14863  8239   72.18755  109  265   76.22286   66.82964  12.3%   131 1782s
 14865  8240   66.83004   63  247   76.22286   66.83004  12.3%   131 1787s
 14867  8241   66.83017   69  253   76.22286   66.83017  12.3%   131 1791s
 14869  8243   66.83028   72  259   76.22286   66.83028  12.3%   131 1795s
 14871  8244   66.83030   81  222   76.22286   66.83030  12.3%   131 1800s
 14877  8248   67.62088   53  133   76.22286   66.84143  12.3%   136 1805s
 14901  8252   67.71493   57   96   76.22286   66.94757  12.2%   137 1811s
 14925  8257   67.74792   59   94   76.22286   66.94757  12.2%   137 1815s
 14963  8272   67.82837   61   81   76.22286   66.94757  12.2%   137 1820s
 14973  8275   67.75796   62   94   76.22286   66.94757  12.2%   137 1834s
 14981  8278   68.72574   62   84   76.22286   66.94757  12.2%   137 1836s
 15011  8289   67.75836   64   94   76.22286   66.94757  12.2%   137 1842s
 15032  8304   67.75836   65   96   76.22286   66.94757  12.2%   137 1847s
 15048  8307   67.75890   66  106   76.22286   66.94757  12.2%   138 1851s
 15071  8328   67.79231   67   97   76.22286   66.94757  12.2%   138 1859s
 15091  8330   67.92834   68   94   76.22286   66.94757  12.2%   138 1863s
 15102  8345 infeasible   68        76.22286   66.94757  12.2%   138 1865s
 15126  8344   67.93063   70   84   76.22286   66.94757  12.2%   138 1874s
 15135  8354   73.29526   70   97   76.22286   66.94757  12.2%   138 1878s
 15149  8369   67.93109   71   94   76.22286   66.94757  12.2%   138 1880s
 15187  8388     cutoff   72        76.22286   66.94757  12.2%   138 1887s
 15217  8382   67.93713   74  101   76.22286   66.94757  12.2%   137 1908s
 15226  8390   67.93713   75  102   76.22286   66.94757  12.2%   138 1912s
 15256  8402   67.93762   76  101   76.22286   66.94757  12.2%   138 1915s
 15334  8411   68.69971   80   79   76.22286   66.94757  12.2%   138 1923s
 15375  8421   68.81599   82   73   76.22286   66.94757  12.2%   138 1928s
 15415  8433   71.72700   85   76   76.22286   66.94757  12.2%   138 1931s
 15450  8427     cutoff   87        76.22286   66.94757  12.2%   138 1938s
 15460  8446   73.56165   88   89   76.22286   66.94757  12.2%   138 1942s
 15491  8454 infeasible   90        76.22286   66.94915  12.2%   138 1948s
 15528  8463   68.10231   58  129   76.22286   66.94915  12.2%   138 1952s
 15567  8471   68.13189   62  184   76.22286   66.94915  12.2%   138 1957s
 15606  8476   69.49259   65   77   76.22286   66.94915  12.2%   139 1962s
 15650  8487   68.15391   67   83   76.22286   66.94915  12.2%   139 1970s
 15695  8503 infeasible   70        76.22286   66.94915  12.2%   139 1975s
 15739  8524   68.23691   73   74   76.22286   66.94915  12.2%   139 1980s
 15794  8528   68.26936   81   69   76.22286   66.94915  12.2%   139 1986s
 15867  8521   73.79950   58  104   76.22286   66.94915  12.2%   139 1995s
 15920  8530   73.91885   62   52   76.22286   66.94915  12.2%   140 2001s
 15978  8534   74.77235   73   50   76.22286   66.96538  12.1%   140 2009s
 16063  8535   67.97840   59  119   76.22286   66.96538  12.1%   141 2017s
 16120  8550   68.09923   64  106   76.22286   66.96538  12.1%   141 2024s
 16150  8540 infeasible   77        76.22286   66.96538  12.1%   141 2025s
 16184  8553   68.48198   74   66   76.22286   66.96538  12.1%   142 2034s
 16271  8584   68.64252   87   48   76.22286   66.96538  12.1%   143 2042s
 16363  8593     cutoff  103        76.22286   67.04527  12.0%   143 2053s
 16484  8593   68.36496   63  121   76.22286   67.04527  12.0%   143 2062s
 16562  8590 infeasible   65        76.22286   67.04527  12.0%   144 2071s
 16662  8606     cutoff   73        76.22286   67.04527  12.0%   144 2081s
 16766  8609   68.59176   83   72   76.22286   67.08834  12.0%   145 2090s
 16883  8606   68.90349   75   75   76.22286   67.08834  12.0%   145 2108s
 17007  8628   74.04550   87   52   76.22286   67.10790  12.0%   146 2119s
 17165  8643   69.43084   95   72   76.22286   67.20619  11.8%   146 2131s
 17305  8716   69.30972   85   76   76.22286   67.20630  11.8%   147 2144s
 17451  8789   69.62360  109   84   76.22286   67.20720  11.8%   147 2156s
 17649  8735   67.33244   69  172   76.22286   67.22691  11.8%   147 2169s
 17741  8747 infeasible   76        76.22286   67.23903  11.8%   149 2183s
 17833  8739   74.38199   71   41   76.22286   67.24146  11.8%   150 2196s
 17927  8776 infeasible   76        76.22286   67.24274  11.8%   152 2210s
 18064  8788     cutoff   85        76.22286   67.25852  11.8%   153 2225s
 18190  8798 infeasible   81        76.22286   67.26784  11.7%   154 2241s
 18374  8769   74.26894   93   43   76.22286   67.27799  11.7%   156 2256s
 18514  8790     cutoff   75        76.22286   67.31075  11.7%   158 2272s
 18714  8816   73.45077  111   48   76.22286   67.31438  11.7%   159 2288s
 18944  8748     cutoff   97        76.22286   67.33832  11.7%   160 2306s
 19088  8722   74.91586   76   30   76.22286   67.37426  11.6%   163 2323s
 19218  8721   68.15652   94   79   76.22286   67.38860  11.6%   165 2342s
 19431  8736   68.84837   90   58   76.22286   67.43830  11.5%   167 2362s
 19626  8769   71.69465   80  113   76.22286   67.47172  11.5%   168 2382s
 19831  8746   68.04110   62  118   76.22286   67.47511  11.5%   170 2402s
 20028  8718   69.64009   84  102   76.22286   67.47568  11.5%   172 2425s
 20270  8704 infeasible   86        76.22286   67.51161  11.4%   174 2448s
 20536  8697   70.01154  105   79   76.22286   67.53617  11.4%   175 2472s
 20822  8763   69.81558   82   59   76.22286   67.58603  11.3%   176 2497s
 21196  8694   69.52008   92   98   76.22286   67.68305  11.2%   177 2523s
 21491  8807   67.87294   94  118   76.22286   67.77999  11.1%   179 2551s
 21894  9605     cutoff   78        76.22286   67.79403  11.1%   179 2583s
 23114  9354   70.94216  243   56   76.22286   67.80153  11.0%   172 2610s
 23464  9447   67.83546   83  114   76.22286   67.80607  11.0%   173 2638s
 23837 10670   68.30256   72   82   76.22286   67.82006  11.0%   174 2670s
 25589 10137   75.67819  117   37   76.22286   67.83180  11.0%   166 2698s
 25882 10095   68.51945  107   60   76.22286   67.83737  11.0%   168 2726s
 26131 10248   68.73336   68   49   76.22286   67.84781  11.0%   170 2754s
 26528 11207   76.12865  122   40   76.22286   67.85245  11.0%   171 2788s
 28190 10648   70.19560  147   35   76.22286   67.87246  11.0%   166 2817s
 28434 10592   68.26539  101   81   76.22286   67.88905  10.9%   169 2845s
 28734 10603   68.17278   83   60   76.22286   67.89986  10.9%   172 2877s
 29077 10599   69.95177  119   46   76.22286   67.91528  10.9%   174 2911s
 29424 10484   68.89215  133 6357   76.22286   67.93412  10.9%   176 2971s
 29426 10485   69.79339  161   97   76.22286   67.93412  10.9%   176 2990s
 29427 10486   69.32470  155  146   76.22286   67.93412  10.9%   176 3000s
 29428 10487   68.16528   89  199   76.22286   67.93412  10.9%   176 3019s
 29429 10487   68.32189   92  138   76.22286   67.93412  10.9%   176 3025s
 29430 10488   70.20665  120  176   76.22286   67.93412  10.9%   176 3040s
 29432 10489   73.06379  179  230   76.22286   67.93412  10.9%   176 3062s
 29433 10490   73.53741  154  211   76.22286   67.93412  10.9%   176 3068s
 29434 10491   68.95454  119  235   76.22286   67.93412  10.9%   176 3078s
 29435 10491   69.74924   83  261   76.22286   67.93412  10.9%   176 3083s
 29436 10492   70.42548   88  292   76.22286   67.93412  10.9%   176 3100s
 29437 10493   68.31511  107  269   76.22286   67.93412  10.9%   176 3105s
 29438 10493   69.56322  116  290   76.22286   67.93412  10.9%   176 3125s
 29440 10495   68.05980  111  302   76.22286   67.93412  10.9%   176 3133s
 29442 10496   68.00722   92  317   76.22286   67.93412  10.9%   176 3145s
 29444 10497   68.52325   84  321   76.22286   67.93412  10.9%   176 3159s
 29445 10498   69.01590   92  322   76.22286   67.93412  10.9%   176 3166s
 29446 10499   68.96012  107  369   76.22286   67.93412  10.9%   176 3178s
 29447 10499   69.64413  213  334   76.22286   67.93412  10.9%   176 3180s
 29448 10500   73.77632   99  294   76.22286   67.93412  10.9%   176 3197s
 29450 10501   70.91010  133  365   76.22286   67.93412  10.9%   176 3211s
 29452 10503   68.83465  124  350   76.22286   67.93412  10.9%   176 3227s
 29453 10503   69.18142  110  274   76.22286   67.93412  10.9%   176 3234s
 29454 10504   70.30480  180  351   76.22286   67.93412  10.9%   176 3246s
 29456 10505   69.01464  128  339   76.22286   67.93412  10.9%   176 3254s
 29457 10506   68.52593  148  322   76.22286   67.93412  10.9%   176 3255s
 29458 10507   75.08609  100  349   76.22286   67.93412  10.9%   176 3262s
 29460 10508   68.83135   91  314   76.22286   67.93412  10.9%   176 3270s
 29462 10509   69.84167  173  278   76.22286   67.93412  10.9%   176 3280s
 29464 10511   67.99836  101  275   76.22286   67.93412  10.9%   176 3286s
 29466 10512   72.79913  139  320   76.22286   67.93412  10.9%   176 3293s
 29468 10513   69.00779  164  348   76.22286   67.93412  10.9%   176 3299s
 29469 10514   69.43110   99  338   76.22286   67.93412  10.9%   176 3300s
 29470 10515   70.06384   93  356   76.22286   67.93412  10.9%   176 3305s
 29472 10516   67.99553   85  342   76.22286   67.93412  10.9%   176 3312s
 29474 10517   74.03497  118  376   76.22286   67.93412  10.9%   176 3318s
 29476 10519   69.10884  190  379   76.22286   67.93412  10.9%   176 3324s
 29477 10519   68.41537  104  373   76.22286   67.93412  10.9%   176 3325s
 29478 10520   69.96928   88  354   76.22286   67.93412  10.9%   176 3330s
 29480 10521   75.72523  119  387   76.22286   67.93412  10.9%   176 3337s
 29482 10523   68.05866   96  334   76.22286   67.93412  10.9%   176 3343s
 29483 10523   69.25615  155  337   76.22286   67.93412  10.9%   176 3345s
 29485 10525   73.60268  162  290   76.22286   67.93412  10.9%   176 3351s
 29486 10525   70.08883  109  302   76.22286   67.93412  10.9%   176 3357s
 29488 10527   74.25886  130  252   76.22286   67.93412  10.9%   176 3363s
 29489 10527   69.98455  113  291   76.22286   67.93412  10.9%   176 3365s
 29490 10528   69.26376  148  326   76.22286   67.93412  10.9%   176 3370s
 29492 10529   68.17749  101  284   76.22286   67.93412  10.9%   176 3377s
 29494 10531   69.01337   65  260   76.22286   67.93412  10.9%   176 3385s
 29496 10532   73.06002  102  289   76.22286   67.93412  10.9%   176 3392s
 29498 10533   68.08445   83  289   76.22286   67.93412  10.9%   176 3400s
 29500 10535   75.96743  107  301   76.22286   67.93412  10.9%   176 3407s
 29502 10536   75.23902  111  302   76.22286   67.93412  10.9%   176 3413s
 29504 10537   68.06350   93  297   76.22286   67.93412  10.9%   176 3420s
 29506 10539   72.57924   88  308   76.22286   67.93412  10.9%   176 3426s
 29508 10540   69.85116  125  384   76.22286   67.93412  10.9%   176 3433s
 29510 10541   69.87534  134  372   76.22286   67.93412  10.9%   176 3440s
 29512 10543   74.23979   78  367   76.22286   67.93412  10.9%   176 3446s
 29514 10544   70.12707   74  373   76.22286   67.93412  10.9%   176 3454s
 29515 10545   69.10258  213  359   76.22286   67.93412  10.9%   176 3455s
 29516 10545   68.36885   89  373   76.22286   67.93412  10.9%   176 3460s
 29518 10547   69.59782   75  393   76.22286   67.93412  10.9%   176 3466s
 29520 10548   71.40620   77  382   76.22286   67.93412  10.9%   176 3474s
 29521 10549   73.23782  142  349   76.22286   67.93412  10.9%   176 3475s
 29522 10549   75.27320  160  323   76.22286   67.93412  10.9%   176 3480s
 29524 10551   68.89215  133  347   76.22286   67.93412  10.9%   176 3487s
 29526 10552   69.79339  161  341   76.22286   67.93412  10.9%   176 3494s
 29528 10553   68.16528   89  356   76.22286   67.93412  10.9%   176 3500s
 29530 10555   70.20665  120  330   76.22286   67.93412  10.9%   176 3506s
 29532 10556   73.06379  179  323   76.22286   67.93412  10.9%   176 3512s
 29534 10560   67.93412   62  212   76.22286   67.93412  10.9%   179 3517s
 29536 10564   67.93412   63  225   76.22286   67.93412  10.9%   179 3520s
 29540 10567   67.93412   64  125   76.22286   67.93412  10.9%   179 3526s
 29548 10572   67.93412   65  126   76.22286   67.93412  10.9%   179 3531s
 29564 10582   68.44481   66  114   76.22286   67.93412  10.9%   180 3535s
 29572 10588   67.93412   67  107   76.22286   67.93412  10.9%   180 3557s
 29606 10598   67.93412   68   86   76.22286   67.93412  10.9%   180 3562s
 29630 10606   67.93412   70  103   76.22286   67.93412  10.9%   180 3565s
 29645 10605   67.93412   71   96   76.22286   67.93412  10.9%   180 3573s
 29654 10612     cutoff   71        76.22286   67.93412  10.9%   180 3575s
 29702 10619   67.93412   75   99   76.22286   67.93412  10.9%   180 3581s
 29732 10619   67.93412   76  101   76.22286   67.93412  10.9%   180 3587s
 29767 10628   68.11196   78  103   76.22286   67.93412  10.9%   180 3593s
 29787 10636   68.11244   79   98   76.22286   67.93412  10.9%   180 3595s
 29808 10642   68.11254   80  102   76.22286   67.93412  10.9%   180 3606s
 29828 10647   68.14337   81   86   76.22286   67.93412  10.9%   180 3611s
 29852 10641   68.14337   82   87   76.22286   67.93412  10.9%   181 3616s
 29890 10645   70.67124   83   68   76.22286   67.93412  10.9%   181 3622s
 29901 10657   68.14344   84   85   76.22286   67.93412  10.9%   181 3626s
 29932 10650   68.16094   86   84   76.22286   67.93412  10.9%   181 3631s
 29967 10645   68.16389   88   90   76.22286   67.93412  10.9%   181 3635s
 30000 10639   72.06592   89   85   76.22286   67.93412  10.9%   181 3641s
 30010 10639   68.31830   90   89   76.22286   67.93412  10.9%   181 3646s
 30031 10643   71.54606   90   77   76.22286   67.93412  10.9%   181 3652s
 30051 10655   68.43211   91   75   76.22286   67.93412  10.9%   181 3659s
 30080 10659   68.67026   93   59   76.22286   67.93412  10.9%   181 3665s
 30110 10664   68.68639   94   67   76.22286   67.93412  10.9%   181 3671s
 30151 10658   68.68675   96   69   76.22286   67.93412  10.9%   181 3677s
 30166 10672   68.69326   97   68   76.22286   67.93412  10.9%   181 3683s
 30208 10672     cutoff   99        76.22286   67.93412  10.9%   181 3690s
 30249 10677 infeasible  101        76.22286   67.93412  10.9%   181 3696s
 30288 10673   69.20308  104   64   76.22286   67.93412  10.9%   181 3704s
 30297 10691   69.05476  105   67   76.22286   67.93412  10.9%   181 3710s
 30329 10709   74.39639  106   63   76.22286   67.93412  10.9%   181 3717s
 30381 10706   70.96199  108   55   76.22286   67.93412  10.9%   182 3724s
 30429 10718 infeasible  110        76.22286   67.93412  10.9%   182 3731s
 30483 10727   70.79812  117   56   76.22286   67.93412  10.9%   182 3738s
 30531 10731   67.93412   70  150   76.22286   67.93412  10.9%   182 3745s
 30564 10753   67.93412   74  132   76.22286   67.93412  10.9%   182 3753s
 30623 10764   68.02001   80   91   76.22286   67.93412  10.9%   182 3761s
 30674 10774   68.10848   86   98   76.22286   67.93412  10.9%   182 3770s
 30735 10760     cutoff   87        76.22286   67.93412  10.9%   182 3780s
 30777 10768   68.62587   92   70   76.22286   67.93412  10.9%   182 3791s
 30851 10759   68.65315   96   70   76.22286   67.93412  10.9%   183 3803s
 30945 10777   70.86278   98   59   76.22286   67.93412  10.9%   183 3815s
 31052 10781   70.39894  104   56   76.22286   67.93412  10.9%   183 3827s
 31151 10788 infeasible  121        76.22286   67.93412  10.9%   183 3838s
 31253 10794     cutoff   73        76.22286   67.93412  10.9%   183 3851s
 31364 10782   68.78674   79   81   76.22286   67.93412  10.9%   183 3883s
 31469 10774   68.88593   87   76   76.22286   67.93412  10.9%   183 3896s
 31619 10758 infeasible   92        76.22286   67.97458  10.8%   183 3910s
 31794 10733   68.61780   85  142   76.22286   68.03072  10.7%   184 3923s
 31915 10757     cutoff   93        76.22286   68.19434  10.5%   184 3937s
 32118 10755   68.79979   81   71   76.22286   68.22373  10.5%   184 3952s
 32304 10775   68.22381   70   92   76.22286   68.22373  10.5%   184 3966s
 32529 10711   68.30813   87   99   76.22286   68.22373  10.5%   184 4071s
 32562 10737   68.31055   88  106   76.22286   68.22381  10.5%   184 4086s
 32761 10708   69.53372   85   60   76.22286   68.27682  10.4%   185 4101s
 33000 10670   71.48670   92   43   76.22286   68.40210  10.3%   185 4117s
 33160 10751 infeasible   94        76.22286   68.49582  10.1%   185 4134s
 33399 10814   71.37436   82   90   76.22286   68.50599  10.1%   185 4152s
 33675 10848     cutoff   89        76.22286   68.54485  10.1%   185 4170s
 33893 10929     cutoff   82        76.22286   68.58253  10.0%   186 4189s
 34179 10984   74.42415   86   73   76.22286   68.60674  10.0%   186 4208s
 34449 11019   69.56371   78   92   76.22286   68.65340  9.93%   186 4229s
 34774 11009   74.45865   92   79   76.22286   68.67712  9.90%   186 4250s
 35111 10990   69.52291   76  114   76.22286   68.75905  9.79%   186 4271s
 35453 10967   74.53500   78   77   76.22286   68.84749  9.68%   187 4293s
 35819 10958     cutoff   95        76.22286   68.89969  9.61%   187 4317s
 36241 10943 infeasible   90        76.22286   68.96218  9.53%   187 4341s
 36629 10883   74.07829  113   83   76.22286   69.00273  9.47%   188 4368s
 37013 10840 infeasible   98        76.22286   69.07960  9.37%   188 4395s
 37417 10767     cutoff   96        76.22286   69.12189  9.32%   189 4423s
 37852 10815   69.92089   97   83   76.22286   69.19128  9.23%   190 4452s
 38385 10749   70.73924   84   47   76.22286   69.21005  9.20%   190 4483s
 38941 10631     cutoff   94        76.22286   69.28268  9.11%   190 4513s
 39454 10519   70.08691   88   87   76.22286   69.33329  9.04%   191 4544s
 39921 10466   70.27032  105   79   76.22286   69.43498  8.91%   192 4577s
 40464 10285 infeasible   98        76.22286   69.51828  8.80%   193 4611s
 40924 10143   74.56282  100   48   76.22286   69.62028  8.66%   195 4646s
 41464 10025   71.33154   79   92   76.22286   69.63784  8.64%   196 4682s
 42008  9958   70.94138   90   73   76.22286   69.76875  8.47%   197 4721s
 42687  9711     cutoff   78        76.22286   69.91406  8.28%   198 4760s
 43361  9417   75.43388  106   88   76.22286   70.02820  8.13%   199 4803s
 44242  9125   75.98138  114 5281   76.22286   70.12721  8.00%   199 4863s
 44244  9126   73.36847   94   85   76.22286   70.12721  8.00%   199 4880s
 44245  9127   73.83493   98  168   76.22286   70.12721  8.00%   199 4892s
 44246  9128   74.32626  139  150   76.22286   70.12721  8.00%   199 4914s
 44247  9128   72.81033   79  215   76.22286   70.12721  8.00%   199 4923s
 44248  9129   75.11504  101  245   76.22286   70.12721  8.00%   199 4942s
 44251  9132   74.26143  102 4788   76.22286   70.12721  8.00%   200 4959s
 44253  9133   74.61723   96  110   76.22286   70.12721  8.00%   200 4977s
 44254  9134   73.07371  111  140   76.22286   70.12721  8.00%   200 4982s
 44255  9135   74.75500  112  175   76.22286   70.12721  8.00%   200 5002s
 44257  9136   74.55701   93  236   76.22286   70.12721  8.00%   199 5021s
 44259  9137   74.49027  103  228   76.22286   70.12721  8.00%   199 5034s
 44260  9138   74.27194  125  244   76.22286   70.12721  8.00%   199 5036s
 44261  9139   70.18938  102  278   76.22286   70.12721  8.00%   199 5052s
 44262  9139   74.76728  165  259   76.22286   70.12721  8.00%   199 5059s
 44263  9140   70.28450  123  264   76.22286   70.12721  8.00%   199 5072s
 44264  9141   71.89578  121  219   76.22286   70.12721  8.00%   199 5076s
 44265  9141   72.64767  114  265   76.22286   70.12721  8.00%   199 5090s
 44266  9142   70.61115  117  187   76.22286   70.12721  8.00%   199 5102s
 44267  9143   70.48859  119  241   76.22286   70.12721  8.00%   199 5122s
 44269  9144   70.57256  117  234   76.22286   70.12721  8.00%   199 5129s
 44270  9145   70.35242   76  237   76.22286   70.12721  8.00%   199 5130s
 44271  9145   73.80170  120  263   76.22286   70.12721  8.00%   199 5137s
 44273  9147   74.52697  127  335   76.22286   70.12721  8.00%   199 5146s
 44275  9148   71.73439  113  311   76.22286   70.12721  8.00%   199 5154s
 44276  9149   72.82709   84  283   76.22286   70.12721  8.00%   199 5155s
 44277  9149   72.26178  100  265   76.22286   70.12721  8.00%   199 5163s
 44279  9151   70.44092  104  301   76.22286   70.12721  8.00%   199 5172s
 44281  9152   75.28527  129  318   76.22286   70.12721  8.00%   199 5180s
 44283  9153   75.48390  129  288   76.22286   70.12721  8.00%   199 5191s
 44285  9155   70.80840  111  257   76.22286   70.12721  8.00%   199 5203s
 44286  9155   70.36523   84  256   76.22286   70.12721  8.00%   199 5209s
 44287  9156   74.98534   84  309   76.22286   70.12721  8.00%   199 5223s
 44288  9157   73.48418   84  298   76.22286   70.12721  8.00%   199 5233s
 44289  9157   73.26584   99  266   76.22286   70.12721  8.00%   199 5240s
 44291  9159   76.10022  112  214   76.22286   70.12721  8.00%   199 5257s
 44293  9160   74.45707   68  144   76.22286   70.12721  8.00%   199 5266s
 44294  9161   71.08648   72  198   76.22286   70.12721  8.00%   199 5276s
 44295  9161   75.30227  168  183   76.22286   70.12721  8.00%   199 5282s
 44296  9162   71.19971   76  237   76.22286   70.12721  8.00%   199 5290s
 44298  9163   70.36943   97  255   76.22286   70.12721  8.00%   199 5302s
 44300  9165   74.04602   92  267   76.22286   70.12721  8.00%   199 5311s
 44302  9166   74.38694  105  237   76.22286   70.12721  8.00%   199 5319s
 44303  9167   75.83787  105  256   76.22286   70.14613  7.97%   199 5321s
 44304  9167   73.80296  124  306   76.22286   70.18755  7.92%   199 5330s
 44306  9169   73.85811  124  283   76.22286   70.24119  7.85%   199 5345s
 44308  9170   74.21667  125  261   76.22286   70.35124  7.70%   199 5361s
 44310  9171   71.79992   78  264   76.22286   70.39842  7.64%   199 5379s
 44311  9172   76.13108   87  249   76.22286   70.46250  7.56%   199 5394s
 44312  9173   70.60971   86  307   76.22286   70.48147  7.53%   199 5409s
 44313  9173   75.00147   86  254   76.22286   70.49093  7.52%   199 5414s
 44314  9174   72.83365  100  261   76.22286   70.51853  7.48%   199 5426s
 44315  9175   71.76972   92  277   76.22286   70.55167  7.44%   199 5434s
 44316  9175   72.92048  105  254   76.22286   70.56455  7.42%   199 5448s
 44317  9176   74.24669  107  302   76.22286   70.59197  7.39%   199 5456s
 44318  9177   71.13270   93  303   76.22286   70.59491  7.38%   199 5467s
 44319  9177   74.02717  152  332   76.22286   70.59612  7.38%   199 5472s
 44320  9178   72.27617   82  314   76.22286   70.59717  7.38%   199 5483s
 44322  9179   72.22422   97  280   76.22286   70.62220  7.35%   199 5490s
 44324  9181   72.80128   93  281   76.22286   70.63853  7.33%   199 5498s
 44326  9182   75.18843  123  265   76.22286   70.71316  7.23%   199 5507s
 44328  9183   72.44335   99  264   76.22286   70.72246  7.22%   199 5515s
 44330  9185   75.12388   95  275   76.22286   70.73015  7.21%   199 5522s
 44332  9186   71.56612  118  300   76.22286   70.73385  7.20%   199 5529s
 44334  9187   72.06592   90  320   76.22286   70.73433  7.20%   199 5535s
 44336  9189   70.73846  107  299   76.22286   70.73846  7.20%   199 5543s
 44338  9190   70.74101  143  250   76.22286   70.74101  7.19%   199 5549s
 44339  9191   75.51708  158  275   76.22286   70.74347  7.19%   199 5550s
 44340  9191   76.11833  115  261   76.22286   70.74436  7.19%   199 5556s
 44342  9193   75.98138  114  272   76.22286   70.74616  7.19%   199 5562s
 44344  9194   73.36847   94  282   76.22286   70.74658  7.18%   199 5569s
 44346  9195   74.32626  139  311   76.22286   70.74771  7.18%   199 5575s
 44348  9197   75.11504  101  309   76.22286   70.74771  7.18%   199 5582s
 44350  9198   71.57970   70  320   76.22286   70.74771  7.18%   199 5588s
 44351  9199   74.26143  102  265   76.22286   71.01221  6.84%   199 5601s
 44352  9199   73.02801  112  334   76.22286   71.45522  6.25%   199 5610s
 44354  9201   73.07371  111  301   76.22286   71.45522  6.25%   199 5617s
 44356  9202   74.25822   94  285   76.22286   71.86420  5.72%   199 5623s
 44358  9203   74.04602   92  301   76.22286   71.86420  5.72%   199 5630s
 44360  9205   74.27194  125  288   76.22286   71.98759  5.56%   199 5638s
 44362  9206   74.76728  165  325   76.22286   72.00300  5.54%   199 5644s
 44363  9207   72.00300  123  306   76.22286   72.00300  5.54%   199 5645s
 44364  9207   72.00300  121  339   76.22286   72.00300  5.54%   199 5652s
 44366  9209   72.00300  117  350   76.22286   72.00300  5.54%   199 5659s
 44367  9209   72.00300  119  331   76.22286   72.00300  5.54%   199 5661s
 44368  9210   73.15072  112  344   76.22286   72.12692  5.37%   199 5667s
 44370  9211   72.12692   76  323   76.22286   72.12692  5.37%   199 5672s
 44372  9213   72.12693  120  324   76.22286   72.12693  5.37%   199 5679s
 44373  9213   74.52697  127  347   76.22286   72.12693  5.37%   199 5680s
 44374  9214   74.81056  128  298   76.22286   72.12693  5.37%   199 5685s
 44378  9220   72.18342   84  133   76.22286   72.16944  5.32%   202 5690s
 44388  9222     cutoff   86        76.22286   72.18449  5.30%   202 5695s
 44404  9223   75.63439   88  149   76.22286   72.34059  5.09%   202 5702s
 44420  9223   75.64084   89  121   76.22286   72.73942  4.57%   202 5705s
 44438  9223     cutoff   89        76.22286   72.73942  4.57%   202 5714s
 44447  9219   75.65818   91  126   76.22286   72.73942  4.57%   202 5715s
 44482  9226   75.69541   94  116   76.22286   72.73942  4.57%   202 5720s
 44527  9242   75.71442   99  117   76.22286   72.73942  4.57%   202 5725s
 44573  9250   75.72808  103  130   76.22286   72.73942  4.57%   202 5730s
 44636  9242     cutoff  104        76.22286   72.73942  4.57%   202 5738s
 44657  9233   76.20693  107  142   76.22286   72.73942  4.57%   202 5740s
 44698  9219   76.20693  108  139   76.22286   72.73942  4.57%   202 5746s
 44736  9218     cutoff  111        76.22286   72.79920  4.49%   202 5750s
 44795  9208   73.02456   91   63   76.22286   72.80070  4.49%   202 5757s
 44822  9198   73.02494   92   86   76.22286   72.80070  4.49%   202 5760s
 44879  9196   73.16203   96   84   76.22286   72.80070  4.49%   202 5766s
 44935  9196   73.28733  101   76   76.22286   72.80070  4.49%   202 5773s
 44973  9187   73.61332  105   43   76.22286   72.80070  4.49%   202 5776s
 45017  9168   73.63933  108   40   76.22286   72.80070  4.49%   202 5780s
 45097  9150   72.91333   92  131   76.22286   72.90767  4.35%   202 5788s
 45141  9147   73.11742   95   53   76.22286   72.90767  4.35%   201 5793s
 45192  9134   73.19171   99   81   76.22286   72.90767  4.35%   201 5798s
 45203  9163   73.26773  100   70   76.22286   72.90767  4.35%   201 5802s
 45265  9165   73.65843  104   61   76.22286   72.90767  4.35%   201 5806s
 45327  9158   73.68460  109   52   76.22286   72.91367  4.34%   201 5811s
 45398  9166   73.42504   93  116   76.22286   72.91367  4.34%   201 5816s
 45457  9162   73.66369   97  100   76.22286   72.91367  4.34%   201 5820s
 45546  9150   73.99801  102   69   76.22286   72.91367  4.34%   201 5826s
 45641  9124   74.41806  108   48   76.22286   72.91367  4.34%   200 5840s
 45689  9121   74.41943  109   46   76.22286   73.19171  3.98%   200 5845s
 45777  9120   75.28632   92   95   76.22286   73.19171  3.98%   200 5852s
 45867  9124   75.76793   99   35   76.22286   73.19171  3.98%   200 5858s
 45990  9094   75.95899  112   50   76.22286   73.19171  3.98%   200 5864s
 46092  9060     cutoff  124        76.22286   73.21883  3.94%   199 5870s
 46190  9003   73.60884  109   62   76.22286   73.24643  3.90%   199 5878s
 46304  8985   74.37285  110  111   76.22286   73.35864  3.76%   199 5885s
 46470  8924   76.07436  118   61   76.22286   74.19536  2.66%   199 5892s
 46616  8960   75.61802   93   56   76.22286   74.38840  2.41%   199 5900s
 46828  9003   76.00731  118   63   76.22286   74.43077  2.35%   198 5909s
 47102  8999     cutoff  109        76.22286   75.44688  1.02%   198 5918s
 47359  9026   76.11590  100   24   76.22286   75.50737  0.94%   197 5926s
 47693  9018   75.60810   98   50   76.22286   75.57424  0.85%   196 5935s
 48015  9029   75.95256  111   33   76.22286   75.59834  0.82%   195 5943s
 48308  9006   75.87736  114   23   76.22286   75.64085  0.76%   195 5952s
 48604  8950   76.12738  117   17   76.22286   75.69598  0.69%   194 5961s
 48918  8911   76.16892  109   43   76.22286   75.70745  0.68%   194 5970s
 49284  8845     cutoff  125        76.22286   75.72663  0.65%   193 5980s
 49684  8753   76.06724  138   32   76.22286   75.75942  0.61%   192 5990s
 50147  8611     cutoff  102        76.22286   75.78373  0.58%   192 6001s
 50590  8506   75.98887  104   57   76.22286   75.83013  0.52%   191 6013s
 51112  8361   76.13688  135   18   76.22286   75.84404  0.50%   190 6025s
 51501  8299     cutoff  108        76.22286   75.86868  0.46%   189 6036s
 52024  8127   75.98952  108   25   76.22286   75.89605  0.43%   188 6048s
 52534  7953     cutoff  116        76.22286   75.91148  0.41%   187 6062s
 53025  7800     cutoff  117        76.22286   75.93532  0.38%   186 6076s
 53652  7636     cutoff  119        76.22286   75.95920  0.35%   185 6092s
 54439  7357     cutoff  113        76.22286   75.97794  0.32%   183 6107s
 55201  7007   76.13824  114   41   76.22286   75.99333  0.30%   181 6122s
 55949  6725   76.21551  117   13   76.22286   76.01625  0.27%   180 6141s
 56997  6083     cutoff  131        76.22286   76.03904  0.24%   178 6157s
 57940  5377   76.14889  122   38   76.22286   76.08123  0.19%   176 6175s
 59280  4407     cutoff  109        76.22286   76.13216  0.12%   173 6186s

Cutting planes:
  Gomory: 9
  Cover: 109
  Implied bound: 534
  Projected implied bound: 30
  Clique: 23
  MIR: 249
  StrongCG: 15
  Flow cover: 1965
  GUB cover: 11
  Inf proof: 1
  Zero half: 206
  RLT: 301
  Relax-and-lift: 112

Explored 60261 nodes (10295635 simplex iterations) in 6188.53 seconds (4674.85 work units)
Thread count was 8 (of 8 available processors)

Solution count 10: 76.2229 76.3335 76.4339 ... 84.3521

Optimal solution found (tolerance 1.00e-04)
Best objective 7.622286112497e+01, best bound 7.622286112497e+01, gap 0.0000%
