Start
Set parameter TimeLimit to value 7200
Set parameter CrossoverBasis to value 0
Set parameter NodefileDir to value ""
Set parameter NonConvex to value 2
Set parameter PreSOS2BigM to value 0
Set parameter TuneTrials to value 3
Gurobi Optimizer version 10.0.1 build v10.0.1rc0 (win64)

CPU model: Intel(R) Core(TM) i7-9700 CPU @ 3.00GHz, instruction set [SSE2|AVX|AVX2]
Thread count: 8 physical cores, 8 logical processors, using up to 8 threads

Optimize a model with 1326 rows, 5400 columns and 55977 nonzeros
Model fingerprint: 0xab2ca965
Model has 99307 quadratic constraints
Variable types: 267 continuous, 5133 integer (5133 binary)
Coefficient statistics:
  Matrix range     [1e+00, 5e+02]
  QMatrix range    [1e+00, 5e+02]
  QLMatrix range   [1e+00, 1e+00]
  Objective range  [9e-02, 2e+00]
  Bounds range     [1e+00, 1e+00]
  RHS range        [1e+00, 5e+02]
  QRHS range       [5e+02, 5e+02]
Presolve removed 5282 rows and 131 columns (presolve time = 17s) ...
Presolve removed 268 rows and 73 columns
Presolve time: 17.08s
Presolved: 198823 rows, 113352 columns, 623126 nonzeros
Presolved model has 9222 SOS constraint(s)
Variable types: 9411 continuous, 103941 integer (103941 binary)

Deterministic concurrent LP optimizer: primal simplex, dual simplex, and barrier
Showing barrier log only...

Root barrier log...

Ordering time: 2.73s

Barrier performed 0 iterations in 34.72 seconds (15.52 work units)
Barrier solve interrupted - model solved by another algorithm

Concurrent spin time: 2.22s (can be avoided by choosing Method=3)

Solved with dual simplex

Root relaxation: objective 2.926876e+01, 1408 iterations, 4.61 seconds (1.95 work units)
Total elapsed time = 34.83s
Total elapsed time = 35.50s

    Nodes    |    Current Node    |     Objective Bounds      |     Work
 Expl Unexpl |  Obj  Depth IntInf | Incumbent    BestBd   Gap | It/Node Time

     0     0   29.26876    0  788          -   29.26876      -     -   40s
     0     0   29.26876    0  581          -   29.26876      -     -   41s
     0     0   32.89314    0  674          -   32.89314      -     -   50s
     0     0   32.89314    0  657          -   32.89314      -     -   52s
     0     0   35.45545    0  690          -   35.45545      -     -   56s
     0     0   35.51091    0  725          -   35.51091      -     -   57s
     0     0   35.51091    0  758          -   35.51091      -     -   58s
     0     0   36.18384    0  747          -   36.18384      -     -   62s
     0     0   36.18384    0  823          -   36.18384      -     -   64s
     0     0   36.74960    0  859          -   36.74960      -     -   68s
     0     0   36.81751    0  803          -   36.81751      -     -   70s
     0     0   36.81751    0  723          -   36.81751      -     -   70s
     0     0   36.89081    0  864          -   36.89081      -     -   72s
     0     0   36.94137    0  767          -   36.94137      -     -   74s
     0     0   36.94137    0  930          -   36.94137      -     -   75s
     0     0   36.97003    0  828          -   36.97003      -     -   77s
     0     0   36.97003    0  766          -   36.97003      -     -   79s
     0     0   37.03609    0  857          -   37.03609      -     -   82s
     0     0   37.03609    0  858          -   37.03609      -     -   83s
     0     0   37.12433    0  823          -   37.12433      -     -   85s
     0     0   37.13768    0  782          -   37.13768      -     -   86s
     0     0   37.13768    0  873          -   37.13768      -     -   88s
     0     0   37.13768    0  873          -   37.13768      -     -   92s
     0     2   37.17438    0  606          -   37.17438      -     -  103s
     1     5   39.61407    1  726          -   37.19445      -  3206  105s
     7    16   39.70181    3  516          -   37.31917      -   680  113s
    15    24   39.70181    4  528          -   37.33933      -   443  118s
    23    32   39.70181    5  525          -   37.33933      -   316  120s
    39    48   39.70181    7  478          -   37.33933      -   201  127s
    47    56   39.74060    8  551          -   37.33933      -   177  130s
    63    72   39.74060   10  548          -   37.34023      -   137  135s
    80    89   39.74060   12  497          -   37.34031      -   111  141s
    96   107   39.74060   14  493          -   37.34035      -  95.1  147s
   106   115   39.74060   15  487          -   37.34040      -  87.5  150s
   123   135   39.74060   17  487          -   37.34040      -  77.2  157s
   134   146   39.74060   18  517          -   37.34046      -  71.8  160s
   145   159   39.74060   20  514          -   37.34046      -  66.9  165s
   169   184   39.74060   22  510          -   37.34128      -  59.2  173s
   183   200   39.74060   24  510          -   37.34128      -  55.5  177s
   199   215   39.74060   26  510          -   37.34128      -  51.3  182s
   214   228   39.74060   28  511          -   37.34128      -  49.8  186s
   229   243   39.74060   30  506          -   37.34128      -  54.5  190s
   246   261   39.74060   33  504          -   37.34128      -  63.6  196s
   264   281   39.74060   36  504          -   37.34128      -  77.3  202s
   284   301   39.74060   39  504          -   37.34128      -  81.9  208s
   304   319   39.74060   41  505          -   37.34128      -  83.8  214s
   322   338   39.74060   44  503          -   37.34128      -  81.4  219s
   341   355   39.74060   47  502          -   37.34128      -  84.0  226s
   358   369   39.74060   49  574          -   37.34128      -  85.2  232s
   378   384   39.74060   52  542          -   37.34128      -  95.5  239s
   397   391   39.74060   54  504          -   37.34128      -   105  251s
   406   406   39.74060   55  467          -   37.34128      -   108  258s
   425   429   39.74060   58  467          -   37.34128      -   123  266s
   448   445   39.74060   60  458          -   37.34128      -   119  273s
   467   470   39.74060   62  443          -   37.34128      -   121  281s
   495   489   39.74060   66  451          -   37.34128      -   125  290s
   516   518   45.06718   67  478          -   37.34128      -   140  299s
   545   542   39.74060   67  451          -   37.34128      -   140  309s
   575   568   39.74060   71  460          -   37.34128      -   149  319s
   603   590   39.74060   76  457          -   37.34128      -   163  328s
   630   608   39.74060   78  488          -   37.34128      -   168  338s
   654   638   61.01108   79  429          -   37.34128      -   182  350s
   688   646   55.93722   80  468          -   37.34128      -   186  386s
   696   678   54.89397   81  464          -   37.34128      -   187  397s
   728   705   57.59111   82  513          -   37.34128      -   190  409s
   756   742   54.89397   84  465          -   37.34128      -   194  422s
   797   787   56.19999   85  588          -   37.34128      -   195  435s
   846   821   54.89397   87  465          -   37.34128      -   195  450s
   891   869   54.89397   88  500          -   37.34128      -   199  465s
   943   931   56.19784   91  630          -   37.34128      -   200  482s
  1016   985   54.89397   92  494          -   37.34128      -   199  497s
  1096  1065   54.89397   97  504          -   37.34128      -   199  514s
  1188  1109   54.89397  103  500          -   37.34128      -   194  530s
  1256  1179   54.89420  109  503          -   37.34128      -   199  548s
  1343  1280   54.89593  120  481          -   37.34128      -   199  569s
  1463  1352   54.89593  123  477          -   37.34128      -   193  588s
  1574  1421   54.89593  126  456          -   37.34128      -   189  607s
  1661  1483   54.89593  129  450          -   37.34128      -   188  627s
  1764  1575   54.89593  131  460          -   37.34128      -   187  647s
  1878  1661   54.89593  136  470          -   37.34128      -   184  668s
  2004  1774   54.89593  140  471          -   37.34128      -   182  689s
  2156  1889   54.89593  147  448          -   37.34128      -   180  712s
  2310  2051   54.89593  152  443          -   37.34128      -   175  738s
  2497  2172   54.89593  157  446          -   37.34128      -   167  764s
  2680  2300   54.89593  162  422          -   37.34128      -   163  790s
  2884  2403 infeasible  172               -   37.34128      -   160  816s
  3058  2548   55.14165  172  435          -   37.34128      -   158  843s
  3229  2549  111.01741   87 46641          -   37.34128      -   155  928s
  3231  2550   50.99898   99  397          -   37.34128      -   155  969s
  3232  2551   46.00957   54  461          -   39.07236      -   155  975s
  3233  2552   41.35627   31  445          -   41.35627      -   155 1000s
  3234  2552   57.53239  114  448          -   41.37671      -   155 1006s
  3235  2553   43.19644   77  421          -   42.72369      -   155 1021s
  3236  2554   42.72369   62  508          -   42.72369      -   155 1026s
  3237  2554   51.89645  204  373          -   42.81693      -   155 1046s
  3238  2555   97.28761  163  446          -   43.11263      -   155 1073s
  3239  2556   55.65710   70  474          -   43.11263      -   155 1085s
  3240  2556   43.21236   90  486          -   43.21236      -   155 1092s
  3241  2557   65.41255  280  417          -   43.22068      -   155 1101s
  3242  2558   43.24542   57  489          -   43.24542      -   155 1107s
  3243  2558   43.27034   91  459          -   43.27034      -   155 1116s
  3244  2559 2312.69823  276  527          -   43.33410      -   154 1120s
  3245  2560   44.45183  137  491          -   43.37044      -   154 1128s
  3246  2560   54.08108  129  495          -   43.60282      -   154 1132s
  3247  2561   56.21000  172  482          -   43.67149      -   154 1139s
  3248  2562   49.69098   73  477          -   43.81969      -   154 1145s
  3249  2562   43.82227   23  489          -   43.82227      -   154 1152s
  3250  2563   58.82100  213  444          -   44.57418      -   154 1156s
  3251  2564   62.40963  107  413          -   44.83005      -   154 1165s
  3252  2564   62.78692  125  450          -   45.18048      -   154 1176s
  3253  2565   65.06761  134  395          -   45.19266      -   154 1184s
  3254  2566   52.94364  140  467          -   45.21814      -   154 1189s
  3255  2566   58.14036  203  462          -   45.31808      -   154 1199s
  3256  2567   51.81596   38  452          -   45.47022      -   154 1206s
  3257  2568   53.15647   19  493          -   45.48597      -   154 1222s
  3258  2568   45.50659   13  527          -   45.50659      -   154 1232s
  3259  2569 3454.75709  221  451          -   45.50796      -   154 1239s
  3260  2570   45.50808   61  515          -   45.50808      -   154 1244s
  3261  2570 1785.30226  167  437          -   45.51009      -   154 1253s
  3262  2571   45.85913   44  434          -   45.55923      -   154 1258s
  3263  2572   46.27085   56  491          -   45.56263      -   154 1270s
  3265  2573   62.03916   97  506          -   45.57711      -   153 1283s
  3266  2574 1091.41469  197  472          -   45.58522      -   153 1286s
  3267  2574   55.12028  207  506          -   45.58633      -   153 1293s
  3268  2575   45.58633   72  546          -   45.58633      -   153 1296s
  3269  2576   49.69098  131  495          -   45.58961      -   153 1304s
  3270  2576   57.92976  176  548          -   45.58961      -   153 1307s
  3271  2577   45.58961   78  534          -   45.58961      -   153 1315s
  3273  2578   96.41784  164  518          -   45.59100      -   153 1325s
  3274  2579   45.59285   57  812          -   45.59285      -   153 1344s
  3275  2580   54.89593  119  364          -   45.59407      -   153 1355s
  3277  2581   97.61241  120  478          -   45.59910      -   153 1365s
  3279  2582   55.38908  107  484          -   45.60446      -   153 1376s
  3281  2584   45.60680  121  507          -   45.60680      -   153 1387s
  3282  2584   54.55937  108  557          -   45.60683      -   153 1390s
  3283  2585   46.00957   42  547          -   45.60931      -   153 1399s
  3284  2586   45.61116   66  505          -   45.61116      -   153 1402s
  3285  2586   45.61279   40  509          -   45.61279      -   153 1408s
  3286  2587   45.61324   29  543          -   45.61324      -   152 1411s
  3287  2588   45.95030   35 1541          -   45.61387      -   152 1418s
  3288  2588   45.61421   87 1465          -   45.61421      -   152 1420s
  3289  2589   49.69098   78  510          -   45.61432      -   152 1426s
  3290  2590   54.55937   90  475          -   45.62035      -   152 1430s
  3291  2590   45.62035   10  471          -   45.62035      -   152 1437s
  3292  2591   45.62074   62  515          -   45.62074      -   152 1440s
  3293  2592   52.13417  143  508          -   45.62097      -   152 1449s
  3294  2592   45.62213   41  467          -   45.62213      -   152 1452s
  3295  2593   61.85429  131 1527          -   45.62360      -   152 1459s
  3296  2594   45.62622   69  512          -   45.62622      -   152 1463s
  3297  2594   45.63294   38  506          -   45.63294      -   152 1469s
  3298  2595   45.63728   45  500          -   45.63728      -   152 1473s
  3299  2596   58.26576  123  476          -   45.65115      -   152 1479s
  3300  2596   45.66093    7  497          -   45.66093      -   152 1483s
  3301  2597   62.64182  113  446          -   45.68274      -   152 1489s
  3302  2598   55.60512  124  482          -   45.73682      -   152 1494s
  3303  2598   53.95009   65  476          -   45.73765      -   152 1502s
  3304  2599   66.99632  350  559          -   45.78347      -   152 1506s
  3305  2600   56.79189  162  541          -   45.79954      -   152 1518s
  3306  2600   45.81667   79  541          -   45.81667      -   152 1522s
  3307  2601   55.99477  150  508          -   45.82244      -   152 1532s
  3308  2602  100.48463  222  491          -   45.83558      -   151 1535s
  3309  2602   55.22263  253  488          -   45.84284      -   151 1543s
  3310  2603   45.94758   26  527          -   45.84671      -   151 1548s
  3311  2604   55.93722  149  517          -   45.85380      -   151 1556s
  3312  2604   51.90700  265  502          -   45.85987      -   151 1560s
  3313  2605   55.12028  197  520          -   45.86686      -   151 1567s
  3314  2606 6160.04521  246  579          -   45.90646      -   151 1571s
  3315  2606   45.91804   14  591          -   45.91804      -   151 1579s
  3316  2607   45.92112   83  517          -   45.92112      -   151 1583s
  3317  2608   52.10776  114  569          -   45.92281      -   151 1591s
  3319  2609  111.24356  151  517          -   45.92904      -   151 1602s
  3320  2610   45.93352   81  534          -   45.93352      -   151 1607s
  3321  2610   52.13417  152  561          -   45.93513      -   151 1615s
  3323  2612   81.10595   78  584          -   45.93806      -   151 1625s
  3324  2612  147.43252   78  563          -   45.95616      -   151 1630s
  3325  2613   56.77152  122  543          -   45.95884      -   151 1637s
  3326  2614   47.16025   19  558          -   45.96512      -   151 1641s
  3327  2614   45.96854   59  546          -   45.96854      -   151 1649s
  3328  2615   48.11983   61  548          -   45.97505      -   151 1653s
  3329  2616  111.01741   87  594          -   45.97840      -   151 1661s
  3330  2616   55.38908  103  542          -   45.97840      -   150 1666s
  3331  2617   50.99898   99  585          -   45.97849      -   150 1675s
  3333  2618   45.97849   31  610          -   45.97849      -   150 1687s
  3337  2622   51.89645  204 46625          -   45.97852      -   179 1735s
  3339  2623   55.65710   70  393          -   48.68817      -   179 1778s
  3340  2624   49.32765   90  486          -   49.32765      -   179 1785s
  3341  2625   65.41255  280  396          -   49.83504      -   179 1808s
  3342  2625   50.40410   57  458          -   50.40410      -   179 1814s
  3343  2626   52.50183   91  362          -   52.50183      -   179 1828s
  3344  2627 2312.69823  276  476          -   52.70112      -   179 1833s
  3345  2627   52.80768  137  345          -   52.80768      -   179 1842s
  3346  2628   54.29611  129  384          -   54.29611      -   179 1847s
  3347  2629   56.21000  172  419          -   54.32958      -   178 1858s
  3348  2629   54.42851   73  346          -   54.42851      -   178 1862s
  3349  2630   54.63731   23  320          -   54.63731      -   178 1870s
  3351  2631   62.40963  107  273          -   54.78668      -   178 1882s
  3353  2633   65.06761  134  235          -   54.87810      -   178 1890s
  3355  2634   58.14036  203  313          -   54.87810      -   178 1896s
  3356  2635   54.87916   38  273          -   54.87916      -   178 1913s
  3357  2635   54.87916   19  203          -   54.87916      -   178 1922s
  3358  2636   55.02101   13  375          -   55.02101      -   178 1927s
  3359  2637 3454.75709  221  361          -   55.02161      -   178 1933s
  3360  2637   55.03754   61  428          -   55.03754      -   178 1937s
  3361  2638 1785.30226  167  420          -   55.03827      -   178 1943s
  3362  2639   55.04862   44  319          -   55.04862      -   178 1948s
  3363  2639   55.04891   56  315          -   55.04891      -   178 1952s
  3364  2640   55.04891  107  377          -   55.04891      -   178 1955s
  3365  2641   62.03916   97  361          -   55.04891      -   178 1960s
  3367  2642   55.12028  207  398          -   55.04891      -   177 1968s
  3368  2643   55.04891   72  437          -   55.04891      -   177 1983s
  3369  2643   55.04973  131  462          -   55.04973      -   177 1991s
  3370  2644   57.92976  176  451          -   55.15681      -   177 2009s
  3371  2645   55.17022   78  461          -   55.17022      -   177 2023s
  3372  2645   56.00490  131  425          -   55.22151      -   177 2026s
  3373  2646   96.41784  164  396          -   55.22572      -   177 2033s
  3374  2647   55.26012   57  425          -   55.26012      -   177 2037s
  3375  2647   55.26823  119  376          -   55.26823      -   177 2044s
  3376  2648   56.95182  170  457          -   55.28039      -   177 2048s
  3377  2649   97.61241  120  371          -   55.28046      -   177 2055s
  3379  2650   55.38908  107  363          -   55.31285      -   177 2063s
  3380  2651   55.31286   65  381          -   55.31286      -   177 2066s
  3381  2651   55.31286  121  369          -   55.31286      -   177 2072s
  3383  2653   55.31286   42  392          -   55.31286      -   177 2080s
  3384  2653   55.31286   66  328          -   55.31286      -   177 2096s
  3385  2654   55.31286   40  297          -   55.31286      -   176 2105s
  3386  2655   55.31378   29  296          -   55.31378      -   176 2113s
  3387  2655   55.31378   35  307          -   55.31378      -   176 2120s
  3389  2657   55.31378   78  317          -   55.31378      -   176 2127s
  3390  2657   55.31378   90  347          -   55.31378      -   176 2133s
  3391  2658   55.31378   10  305          -   55.31378      -   176 2140s
  3392  2659   55.31378   62  313          -   55.31378      -   176 2154s
  3393  2659   55.31378  143  367          -   55.31378      -   176 2163s
  3394  2660   55.31656   41  400          -   55.31656      -   176 2178s
  3395  2661   61.85429  131  410          -   55.32125      -   176 2186s
  3397  2662   55.32887   38  452          -   55.32887      -   176 2195s
  3399  2663   58.26576  123  429          -   55.32887      -   176 2203s
  3400  2664   55.32887    7  494          -   55.32887      -   176 2208s
  3401  2665   62.64182  113  461          -   55.32887      -   176 2214s
  3402  2665   55.60512  124  473          -   55.33109      -   176 2220s
  3403  2666   55.33109   65  480          -   55.33109      -   176 2227s
  3404  2667   66.99632  350  522          -   55.33109      -   175 2231s
  3405  2667   56.79189  162  503          -   55.33109      -   175 2237s
  3406  2668   55.34261   79  382          -   55.34261      -   175 2258s
  3407  2669   55.99477  150  371          -   55.34509      -   175 2266s
  3408  2669  100.48463  222  402          -   55.36092      -   175 2271s
  3409  2670   55.36517  253  484          -   55.36517      -   175 2280s
  3410  2671   55.36713   26  499          -   55.36713      -   175 2285s
  3412  2672   55.37214  265  410          -   55.37214      -   175 2291s
  3414  2673 6160.04521  246  435          -   55.37214      -   175 2297s
  3415  2674   55.37214   14  426          -   55.37214      -   175 2300s
  3416  2675   55.37214   83  408          -   55.37214      -   175 2313s
  3417  2675   55.37214  114  333          -   55.37214      -   175 2319s
  3418  2676   55.37214   16  382          -   55.37214      -   175 2325s
  3421  2679   55.37214  152 45890          -   55.37214      -   203 2371s
  3423  2680   81.10595   78  371          -   55.37214      -   203 2401s
  3424  2681  147.43252   78  452          -   55.37214      -   203 2406s
  3425  2682   56.77152  122  412          -   55.37214      -   203 2419s
  3426  2682   55.45915   19  450          -   55.45915      -   202 2423s
  3427  2683   55.45915   59  431          -   55.45915      -   202 2435s
  3428  2684   55.48585   61  482          -   55.48585      -   202 2441s
  3429  2684  111.01741   87  413          -   55.48916      -   202 2454s
  3430  2685   55.51196  103  536          -   55.51196      -   202 2459s
  3431  2686   55.51636   99  441          -   55.51636      -   202 2470s
  3433  2687   55.66817   31  417          -   55.66817      -   202 2483s
  3434  2688   57.53239  114  488          -   55.71936      -   202 2490s
  3435  2688   55.72360   77  435          -   55.72360      -   202 2501s
  3437  2690   55.72360  204  570          -   55.72360      -   202 2512s
  3438  2690   97.28761  163  565          -   55.72444      -   202 2515s
  3439  2691   55.72444   70  576          -   55.72444      -   202 2522s
  3440  2692   55.72444   90  543          -   55.72444      -   202 2525s
  3441  2692   65.41255  280  536          -   55.72444      -   202 2532s
  3442  2693   55.72445   57  545          -   55.72445      -   202 2536s
  3443  2694   55.72445   91  548          -   55.72445      -   201 2545s
  3445  2695   55.72448  137  505          -   55.72448      -   201 2555s
  3446  2696   55.72449  129  503          -   55.72449      -   201 2560s
  3447  2696   56.21000  172  463          -   55.72449      -   201 2566s
  3448  2697   55.72450   73  514          -   55.72450      -   201 2571s
  3449  2698   55.73919   23  434          -   55.73919      -   201 2580s
  3451  2699   62.40963  107  539          -   55.74090      -   201 2595s
  3452  2700   62.78692  125  536          -   55.74090      -   201 2601s
  3453  2700   65.06761  134  428          -   55.74090      -   201 2610s
  3454  2701   55.78445  140  460          -   55.78445      -   201 2616s
  3455  2702   58.14036  203  476          -   55.78451      -   201 2625s
  3456  2702   55.80327   38  419          -   55.80327      -   201 2632s
  3457  2703   55.80330   19  512          -   55.80330      -   201 2642s
  3458  2704   55.80954   13  462          -   55.80954      -   201 2646s
  3459  2704 3454.75709  221  521          -   55.80954      -   201 2654s
  3460  2705   55.81050   61  499          -   55.81050      -   200 2659s
  3461  2706 1785.30226  167  524          -   55.81050      -   200 2668s
  3462  2706   55.81641   44  541          -   55.81641      -   200 2672s
  3463  2707   55.82077   56  509          -   55.82077      -   200 2679s
  3464  2708   55.89691  107  559          -   55.89691      -   200 2684s
  3465  2708   62.03916   97  565          -   55.89729      -   200 2692s
  3466  2709 1091.41469  197  509          -   55.96667      -   200 2695s
  3467  2710   55.96669  207  501          -   55.96669      -   200 2703s
  3468  2710   55.97176   72  505          -   55.97176      -   200 2707s
  3469  2711   55.97176  131  503          -   55.97176      -   200 2715s
  3471  2712   55.97176   78  580          -   55.97176      -   200 2725s
  3472  2713   56.00490  131  318          -   55.97176      -   200 2741s
  3473  2714   96.41784  164  409          -   55.97176      -   200 2749s
  3474  2714   55.97176   57  360          -   55.97176      -   200 2762s
  3475  2715   55.97176  119  487          -   55.97176      -   200 2771s
  3476  2716   56.95182  170  327          -   55.97176      -   200 2779s
  3477  2716   97.61241  120  502          -   55.97176      -   199 2784s
  3478  2717   55.97176   82  393          -   55.97176      -   199 2794s
  3479  2718   55.97176  107  359          -   55.97176      -   199 2797s
  3480  2718   55.97176   65  359          -   55.97176      -   199 2812s
  3481  2722   57.26876   41  867          -   55.97227      -   222 2818s
  3483  2725   57.76897   42  721          -   55.98353      -   223 2822s
  3487  2732   58.03650   43  613          -   56.44472      -   223 2827s
  3495  2737   58.03650   44  613          -   56.44880      -   224 2831s
  3503  2743   62.80831   44  494          -   56.44880      -   223 2835s
  3519  2753   62.55127   45  579          -   56.44880      -   223 2849s
  3527  2759   58.03650   46  673          -   56.44880      -   223 2861s
  3535  2767   61.72271   46  585          -   56.44880      -   222 2865s
  3557  2779   58.03650   48  673          -   56.44880      -   222 2872s
  3567  2785 infeasible   48               -   56.44880      -   224 2876s
  3579  2793   58.03650   49  675          -   56.44880      -   223 2880s
  3602  2810   58.03650   50  675          -   56.44880      -   222 2887s
  3615  2815   58.03650   51  672          -   56.44880      -   222 2891s
  3627  2817   58.03650   52  653          -   56.44880      -   222 2895s
  3639  2826   58.03650   53  646          -   56.44880      -   222 2901s
  3655  2833   58.03650   54  654          -   56.44880      -   222 2907s
  3669  2843   58.14830   54  639          -   56.44880      -   223 2913s
  3686  2854   58.03650   55  660          -   56.44880      -   223 2917s
  3702  2864   58.03650   56  661          -   56.44880      -   222 2922s
  3719  2869   58.03650   57  635          -   56.44880      -   222 2927s
  3734  2874   58.03650   58  635          -   56.44880      -   222 2933s
  3752  2876   58.03650   59  620          -   56.44880      -   225 2940s
  3768  2888   58.03650   60  617          -   56.44880      -   229 2948s
  3788  2898   58.03650   61  616          -   56.44880      -   230 2955s
  3808  2902   58.03650   62  612          -   56.44880      -   233 2961s
  3825  2911   58.03650   63  612          -   56.44880      -   234 2969s
  3842  2933   58.03650   64  564          -   56.44880      -   237 2977s
  3869  2934   58.03650   65  559          -   56.44880      -   238 2986s
  3885  2947   58.03650   66  549          -   56.44880      -   241 2995s
  3908  2958   58.03650   67  542          -   56.44880      -   244 3003s
  3929  2966   58.03650   68  514          -   56.44880      -   247 3012s
  3950  2974   63.51689   69  581          -   56.44880      -   250 3025s
  3970  2988   58.03650   70  525          -   56.44880      -   252 3035s
  3998  3006   62.55127   71  636          -   56.44880      -   255 3044s
  4028  3020   62.72212   73  455          -   56.44880      -   256 3055s
  4056  3035   58.03650   74  525          -   56.44880      -   259 3066s
  4082  3053   62.84923   76  527          -   56.44880      -   264 3077s
  4111  3075   58.03650   76  525          -   56.44880      -   265 3091s
  4150  3093   58.03650   79  481          -   56.44880      -   268 3104s
  4183  3109   58.03650   80  480          -   56.44880      -   272 3116s
  4216  3117   58.03650   81  466          -   56.44880      -   274 3163s
  4239  3136   64.62669   83  383          -   56.44880      -   276 3176s
  4271  3148   58.03650   84  501          -   56.44880      -   279 3189s
  4309  3168   58.03650   86  481          -   56.44880      -   283 3202s
  4346  3192   58.03650   89  480          -   56.44880      -   285 3218s
  4397  3216   58.05457   91  443          -   56.44880      -   289 3236s
  4453  3247   60.27532   94  429          -   56.45399      -   297 3253s
  4510  3290   58.03650   98  454          -   56.45399      -   299 3271s
  4577  3325   58.08950  101  472          -   56.45399      -   300 3288s
  4649  3356   58.03650  104  536          -   56.45399      -   301 3308s
  4721  3416   58.03650  110  486          -   56.45399      -   307 3328s
  4816  3476   58.03650  115  466          -   56.45399      -   309 3349s
  4915  3533   58.03650  120  486          -   56.45399      -   310 3370s
  5017  3577   58.03650  125  487          -   56.45399      -   310 3390s
  5120  3618   58.03650  130  487          -   56.45399      -   313 3412s
  5219  3663   58.03650  136  483          -   56.45399      -   317 3434s
  5325  3735   58.03650  140  481          -   56.45399      -   321 3459s
  5446  3801   58.10132  146  466          -   56.45399      -   321 3483s
  5569  3902   58.10132  152  469          -   56.45399      -   321 3510s
  5734  3997   58.21994  158  449          -   56.45399      -   321 3538s
  5919  4083   58.21994  166  404          -   56.45399      -   320 3566s
  6079  4209   58.21994  173  404          -   56.45399      -   321 3595s
  6302  4310   58.21994  181  391          -   56.45399      -   317 3624s
  6511  4446   58.75769  189  420          -   56.45399      -   315 3656s
  6743  4397   59.88879  199  406          -   56.45399      -   311 3753s
  6779  4582   58.22554  201  425          -   56.45399      -   310 3787s
  7091  4646   58.24264  211  400          -   56.45399      -   303 3821s
  7341  4748   58.24278  218  395          -   56.45399      -   299 3856s
  7571  4888   58.24290  225  547          -   56.45399      -   295 3892s
  7828  4975   58.24290  230  533          -   56.45399      -   292 3931s
  8093  5112   58.24936  238  479          -   56.45399      -   292 3970s
  8354  5313   58.24956  248  484          -   56.45399      -   291 4009s
  8682  5438   58.43000  256  464          -   56.45399      -   287 4047s
  8963  5589   58.43060  265  455          -   56.45399      -   284 4094s
  9276  5761   58.48513  276  464          -   56.45399      -   280 4136s
  9649  6002   58.48560  286  408          -   56.45399      -   275 4179s
 10128  6204   58.49117  298  387          -   56.45399      -   271 4226s
 10568  6418   58.49117  313  381          -   56.45399      -   266 4275s
 11043  6665   58.51369  327  369          -   56.45399      -   264 4325s
 11554  7092   58.61718  340  373          -   56.45399      -   258 4382s
 12249  7514   58.68422  353  355          -   56.45399      -   250 4441s
 12830  7843   58.69399  367  377          -   56.45399      -   245 4497s
 13327  8276   58.81126  382  372          -   56.45399      -   240 4552s
 13852  8868   58.82830  398  343          -   56.45399      -   235 4611s
 14645  9326   59.22887  424  312          -   56.45875      -   228 4676s
 15251  9867   57.51842   64  517          -   56.45875      -   224 4742s
 16073 10494   60.21280  153  229          -   56.45875      -   217 4805s
 16869 11090   81.05597  187  171          -   56.46401      -   212 4869s
 17712 11811   57.74675  114  422          -   56.46401      -   206 4929s
 18624 12410   58.05462  216  370          -   56.46401      -   200 4992s
 19391 13117   58.42321  262  299          -   56.46401      -   197 5060s
 20280 13730  121.68086  340  194          -   56.46691      -   192 5126s
 21121 14362   57.96463  147  396          -   56.47251      -   188 5193s
 21985 14963   63.44827  208  319          -   56.47251      -   185 5261s
 22865 15094   96.79184  274  144          -   56.47251      -   180 5443s
 23050 15794  120.90172  280  127          -   56.47407      -   180 5515s
 23918 16426   59.28817  109  372          -   56.47582      -   177 5577s
 24830 17179   63.38568  204  303          -   56.47582      -   174 5641s
 25735 17842   57.28152  120  464          -   56.47582      -   171 5705s
 26576 18461   58.45359  210  326          -   56.47582      -   169 5769s
 27384 19151   58.67705  263  340          -   56.48015      -   167 5822s
 28296 19879   65.54420   66  435          -   56.48817      -   164 5886s
 29171 20492   71.87229  154  315          -   56.48817      -   162 5943s
 30083 21183   65.27824   68  330          -   56.49190      -   159 5996s
 30995 21834 infeasible  159               -   56.49190      -   157 6050s
 31857 22554   57.19484  139  485          -   56.49742      -   155 6108s
 32759 22958   77.19072  232  267          -   56.50514      -   153 6164s
 33309 23618   59.45108  161  408          -   56.50958      -   153 6216s
 34199 24241   62.60954   99  355          -   56.51234      -   151 6271s
 35036 24967   61.44670  157  452          -   56.51767      -   150 6327s
 35947 25643  151.13145  230  119          -   56.51832      -   148 6384s
 36816 26356   57.96621  158  477          -   56.51914      -   147 6439s
 37709 27051   59.93812  252  308          -   56.51914      -   145 6497s
 38570 27639   56.73890  100  469          -   56.51914      -   144 6551s
 39352 28226   79.88958  149  311          -   56.52165      -   144 6609s
 40222 28844   57.78569  121  372          -   56.53671      -   143 6665s
 41095 29481  144.62397  199  128          -   56.55036      -   142 6716s
 41997 30104   80.70618  145  250          -   56.55301      -   141 6769s
 42725 30104   97.76446  195  104          -   56.55302      -   140 6770s
 42814 30709   68.86984  120  275          -   56.55302      -   140 6823s
 43605 31187   56.79149  150  326          -   56.55884      -   139 6881s
 44281 31840   62.31279  213  281          -   56.55884      -   139 6934s
 44395 31840  109.51476  191  102          -   56.55884      -   138 6935s
 45167 32484 infeasible  272               -   56.55933      -   137 6993s
 46008 32624   61.36980  136  240          -   56.55933      -   137 7049s
 46207 32676   66.82157  158  382          -   56.55933      -   137 7202s

Cutting planes:
  Learned: 1
  Gomory: 7
  Cover: 3
  Implied bound: 1411
  MIR: 36
  Flow cover: 264
  Zero half: 57
  RLT: 43

Explored 46263 nodes (6331645 simplex iterations) in 7203.63 seconds (4753.06 work units)
Thread count was 8 (of 8 available processors)

Solution count 0

Time limit reached
Best objective -, best bound 5.655933438423e+01, gap -