Start
Set parameter TimeLimit to value 7200
Set parameter CrossoverBasis to value 0
Set parameter NodefileDir to value ""
Set parameter NonConvex to value 2
Set parameter PreSOS2BigM to value 0
Set parameter TuneTrials to value 3
Gurobi Optimizer version 10.0.1 build v10.0.1rc0 (win64)

CPU model: Intel(R) Core(TM) i7-9700 CPU @ 3.00GHz, instruction set [SSE2|AVX|AVX2]
Thread count: 8 physical cores, 8 logical processors, using up to 8 threads

Optimize a model with 1020 rows, 5167 columns and 55439 nonzeros
Model fingerprint: 0xe15896cd
Model has 99148 quadratic constraints
Variable types: 34 continuous, 5133 integer (5133 binary)
Coefficient statistics:
  Matrix range     [1e+00, 1e+02]
  QMatrix range    [1e+02, 1e+02]
  QLMatrix range   [1e+00, 1e+00]
  Objective range  [1e+00, 1e+00]
  Bounds range     [1e+00, 1e+00]
  RHS range        [1e+00, 1e+02]
  QRHS range       [1e+02, 1e+02]
Presolve removed 5134 rows and 57 columns (presolve time = 20s) ...
Presolve added 0 rows and 1 columns
Presolve removed 120 rows and 0 columns
Presolve time: 20.50s
Presolved: 189284 rows, 99360 columns, 594985 nonzeros
Variable types: 30 continuous, 99330 integer (99330 binary)

Deterministic concurrent LP optimizer: primal simplex, dual simplex, and barrier
Showing barrier log only...

Root barrier log...

Ordering time: 5.87s
Elapsed ordering time = 6s
Ordering time: 8.00s

Barrier performed 0 iterations in 35.72 seconds (4.06 work units)
Barrier solve interrupted - model solved by another algorithm

Concurrent spin time: 9.21s (can be avoided by choosing Method=3)

Solved with dual simplex

Root relaxation: objective 0.000000e+00, 1303 iterations, 12.43 seconds (2.01 work units)
Total elapsed time = 35.81s

    Nodes    |    Current Node    |     Objective Bounds      |     Work
 Expl Unexpl |  Obj  Depth IntInf | Incumbent    BestBd   Gap | It/Node Time

     0     0    0.00000    0  191          -    0.00000      -     -   44s
     0     0    0.00000    0  212          -    0.00000      -     -   52s
     0     0    0.00000    0  145          -    0.00000      -     -   55s
     0     0    3.50056    0  185          -    3.50056      -     -   65s
     0     0    3.50056    0  168          -    3.50056      -     -   67s
     0     0    4.82539    0  375          -    4.82539      -     -   70s
     0     0    4.82539    0  241          -    4.82539      -     -   72s
     0     0    4.82539    0  224          -    4.82539      -     -   74s
     0     0    4.82539    0  193          -    4.82539      -     -   76s
     0     0    4.82539    0  207          -    4.82539      -     -   79s
     0     0    4.82539    0  172          -    4.82539      -     -   81s
     0     0    4.82539    0  205          -    4.82539      -     -   91s
     0     0    4.82539    0  319          -    4.82539      -     -   93s
     0     0    4.82539    0  232          -    4.82539      -     -   98s
     0     0    4.82539    0  129          -    4.82539      -     -  100s
     0     0    4.82539    0  152          -    4.82539      -     -  102s
     0     0    4.82539    0  142          -    4.82539      -     -  104s
     0     0    4.82539    0  223          -    4.82539      -     -  110s
     0     0    4.82539    0  215          -    4.82539      -     -  112s
     0     0    4.82539    0  216          -    4.82539      -     -  116s
     0     0    4.82539    0  215          -    4.82539      -     -  122s
     0     2    4.82539    0  165          -    4.82539      -     -  137s
     3     8    4.82539    2  163          -    4.82539      -   694  141s
     7    16    4.82539    3  181          -    4.82539      -   641  148s
    15    24    4.82539    4  344          -    4.82539      -   946  155s
    23    32    4.82539    5  257          -    4.82539      -   960  160s
    39    47    4.82539    7  228          -    4.82539      -   739  168s
    47    55    4.82539    8  232          -    4.82539      -   661  172s
    55    63    4.82539    9  247          -    4.82539      -   583  175s
    72    81    4.82539   11  223          -    4.82539      -   489  182s
    81    89    4.82539   12  230          -    4.82539      -   442  186s
    89    99    4.82539   13  240          -    4.82539      -   424  190s
   111   122    4.82539   16  219          -    4.82539      -   356  198s
   124   135    4.82539   17  220          -    4.82539      -   337  203s
   137   146    4.82539   18  221          -    4.82539      -   318  208s
   152   159    4.82539   20  223          -    4.82539      -   303  212s
   165   175    4.82539   21  211          -    4.82539      -   280  217s
   182   190    4.82539   23  222          -    4.82539      -   255  223s
   199   208    4.82539   25  217          -    4.82539      -   236  240s
   217   226    4.82539   26  216          -    4.82539      -   218  245s
   235   244    4.82539   28  220          -    4.82539      -   207  252s
   255   262    4.82539   30  211          -    4.82539      -   193  257s
   273   280    4.82539   32  208          -    4.82539      -   182  263s
   293   299    4.82539   33  208          -    4.82539      -   175  270s
   312   314    4.82539   35  217          -    4.82539      -   166  277s
   330   332    4.82539   36  216          -    4.82539      -   163  284s
   352   358    4.82539   38  215          -    4.82539      -   162  291s
   381   378    4.82539   41  207          -    4.82539      -   154  299s
   404   410    4.82539   43  215          -    4.82539      -   149  308s
   438   432    4.82539   46  209          -    4.82539      -   141  317s
   467   459    4.82539   48  236          -    4.82539      -   135  327s
   507   493    4.82539   50  223          -    4.82539      -   126  336s
   550   529    4.82539   51  207          -    4.82539      -   119  347s
   590   543    4.82539   53  180          -    4.82539      -   114  403s
   605   586    4.82539   54  182          -    4.82539      -   112  413s
   654   627    4.82539   56  180          -    4.82539      -   106  425s
   716   656    4.82539   58  177          -    4.82539      -   101  435s
   748   687    4.82539   60  173          -    4.82539      -   101  445s
   788   713    4.82539   62  171          -    4.82539      -   101  455s
   818   729    4.82539   64  176          -    4.82539      -   102  467s
   876   771    4.82539   66  173          -    4.82539      -  98.4  479s
   934   803    4.82539   70  183          -    4.82539      -  96.2  492s
   986   824    4.82539   73  198          -    4.82539      -  97.6  505s
  1025   835    4.82539   75  344          -    4.82539      -   101  518s
  1050   865    4.82539   76  341          -    4.82539      -   107  531s
  1086   878    4.82539   78  223          -    4.82539      -   107  546s
  1112   900    4.82539   80  189          -    4.82539      -   110  559s
  1136   929    4.82539   83  205          -    4.82539      -   110  573s
  1167   956    4.82539   85  214          -    4.82539      -   109  586s
  1195   993    4.82539   88  201          -    4.82539      -   110  600s
  1233  1047    4.82539   90  216          -    4.82539      -   109  615s
  1301  1077    4.82539   92  211          -    4.82539      -   106  631s
  1333  1130    4.82539   95  204          -    4.82539      -   109  647s
  1394  1178    4.82539   98  174          -    4.82539      -   108  665s
  1455  1179   22.00000  117 48513          -    4.82539      -   108  729s
  1456  1180    4.82539   64 48513          -    4.82539      -   108  730s
  1457  1180   24.60000   23  216          -   12.10000      -   108  799s
  1458  1181   22.00000  131  206          -   12.69828      -   108  807s
  1459  1182   31.90000   31  182          -   14.55220      -   108  825s
  1460  1182   24.60000   44  251          -   15.21786      -   108  831s
  1461  1183   16.11076   63  222          -   16.11076      -   108  847s
  1462  1184   16.68519   11  200          -   16.68519      -   108  854s
  1463  1184   31.90000   31  228          -   16.69529      -   108  864s
  1464  1185   22.00000   68  218          -   16.99524      -   107  882s
  1465  1186   31.90000   33  203          -   17.00343      -   107  897s
  1466  1186   21.20000   24  253          -   17.00343      -   107  905s
  1467  1187   31.90000   83  238          -   17.05980      -   107  921s
  1468  1188   22.00000  153  286          -   17.25191      -   107  931s
  1469  1188   22.00000   24  212          -   17.25642      -   107  940s
  1470  1189   31.90000    5  252          -   19.35816      -   107  949s
  1471  1190   31.90000   10  234          -   19.37573      -   107  960s
  1472  1190   22.00000   83  195          -   21.15206      -   107  968s
  1473  1191   31.90000   70  229          -   21.16698      -   107  979s
  1474  1192   21.28410   59  225          -   21.28410      -   107  984s
  1475  1192   21.28410   32  192          -   21.28410      -   107  994s
  1476  1193   25.30000   26  220          -   21.28410      -   107 1000s
  1477  1194   22.00000   52  192          -   21.30598      -   107 1008s
  1478  1194   39.85000  109  203          -   21.33020      -   106 1027s
  1479  1195   21.33020   80  132          -   21.33020      -   106 1036s
  1480  1196   22.00000  112  223          -   21.56083      -   106 1040s
  1481  1196   61.35000   36  225          -   21.56210      -   106 1052s
  1482  1197   21.94155   51  210          -   21.94155      -   106 1056s
  1483  1198   21.94155   91  246          -   21.94155      -   106 1062s
  1484  1198   23.10000   79  270          -   21.99423      -   106 1068s
  1485  1199   21.99423   67  238          -   21.99423      -   106 1074s
  1486  1200   22.02174   89  259          -   22.02174      -   106 1081s
  1487  1200   22.02174   65  253          -   22.02174      -   106 1091s
  1488  1201   22.53849   91  224          -   22.53849      -   106 1097s
  1489  1202  373.24476   43  192          -   22.95000      -   106 1108s
  1490  1202  437.50072   73  230          -   22.97162      -   106 1115s
  1491  1203   22.98220   95  227          -   22.98220      -   106 1123s
  1492  1204   23.02157   36 1507          -   23.02157      -   105 1141s
  1493  1204   23.02157   41 1357          -   23.02157      -   105 1155s
  1495  1206   31.90000    8  263          -   23.11525      -   105 1172s
  1496  1206   23.45793  110  231          -   23.45793      -   105 1187s
  1497  1207   23.45793   26  585          -   23.45793      -   105 1200s
  1498  1208   23.50231   78  218          -   23.50231      -   105 1205s
  1499  1208   23.55508  103  196          -   23.55508      -   105 1213s
  1500  1209   56.40000  118  229          -   24.08261      -   105 1218s
  1501  1210   24.43719   19  241          -   24.43719      -   105 1226s
  1502  1210  742.65174   33  231          -   24.56921      -   105 1231s
  1503  1211   31.90000   36  214          -   24.56921      -   105 1237s
  1504  1212   24.85000   81  200          -   24.85000      -   105 1242s
  1505  1212   24.86581   42  245          -   24.86581      -   105 1255s
  1506  1213   24.87909  109  212          -   24.87909      -   104 1261s
  1507  1214   24.92740   99  206          -   24.92740      -   104 1269s
  1508  1214   31.90000   46  214          -   24.95300      -   104 1275s
  1509  1215   24.95300   31  244          -   24.95300      -   104 1283s
  1510  1216 1872.45000   68  231          -   24.95300      -   104 1289s
  1511  1216   24.95300  103  239          -   24.95300      -   104 1300s
  1512  1217   24.95300   98  232          -   24.95300      -   104 1319s
  1513  1218   31.90000    5  170          -   24.97426      -   104 1329s
  1514  1218   24.97426   27  160          -   24.97426      -   104 1344s
  1515  1219   24.97426  100  153          -   24.97426      -   104 1351s
  1516  1220   56.40000  110  146          -   24.97426      -   104 1356s
  1517  1220  742.65174   33  220          -   24.97426      -   104 1365s
  1518  1221   24.97426   78  166          -   24.97426      -   104 1386s
  1519  1222   24.97426   26  147          -   24.97426      -   104 1393s
  1520  1222   24.97426  150  193          -   24.97426      -   104 1425s
  1523  1226   56.40000   94 41918          -   24.97426      -   170 1457s
  1525  1227   31.90000   30  153          -   24.97426      -   170 1503s
  1526  1228   31.90000   67  178          -   24.97426      -   170 1511s
  1527  1229   24.97426   52  178          -   24.97426      -   170 1522s
  1528  1229   25.03179   68  225          -   25.03179      -   170 1530s
  1529  1230   25.03179   81  170          -   25.03179      -   169 1540s
  1530  1231   25.04014   73  242          -   25.04014      -   169 1547s
  1531  1231   56.40000  118  196          -   25.04014      -   169 1552s
  1532  1232   25.04014   18  210          -   25.04014      -   169 1559s
  1533  1233   25.04014   45  173          -   25.04014      -   169 1566s
  1534  1233   25.04187   77  214          -   25.04187      -   169 1578s
  1535  1234   31.90000   15  198          -   25.04187      -   169 1589s
  1536  1235   25.04187   91  233          -   25.04187      -   169 1593s
  1537  1235   25.04187   15  228          -   25.04187      -   169 1602s
  1538  1236   25.06251   57  212          -   25.06251      -   169 1624s
  1539  1237   25.06251   36  158          -   25.06251      -   168 1635s
  1540  1237   25.06251   51  227          -   25.06251      -   168 1641s
  1541  1238   56.40000   87  204          -   25.06251      -   168 1650s
  1542  1239   25.30000   39  162          -   25.06251      -   168 1675s
  1543  1239  317.85043   76  151          -   25.06251      -   168 1682s
  1544  1240   25.06251   67  196          -   25.06251      -   168 1694s
  1545  1241   31.90000   35  192          -   25.06251      -   168 1700s
  1546  1241   35.60000   12  221          -   25.06251      -   168 1716s
  1547  1242   25.06251   24  204          -   25.06251      -   168 1725s
  1548  1243   25.07633   30  162          -   25.07633      -   167 1764s
  1549  1243   31.90000   10  152          -   25.07633      -   167 1770s
  1550  1244   25.07633  135  227          -   25.07633      -   167 1778s
  1551  1245   31.90000   31  193          -   25.07633      -   167 1789s
  1552  1245   25.07633  100  159          -   25.07633      -   167 1823s
  1553  1246   31.90000   15  218          -   25.07633      -   167 1830s
  1554  1247   25.07633   69  209          -   25.07633      -   167 1846s
  1555  1247   25.07633  117  210          -   25.07633      -   167 1854s
  1556  1248   25.17173   64  169          -   25.17173      -   167 1887s
  1557  1249   25.17173   23  133          -   25.17173      -   166 1892s
  1558  1249   25.17173  131  165          -   25.17173      -   166 1896s
  1559  1250   31.90000   31  162          -   25.17173      -   166 1901s
  1560  1251   25.17173   44  171          -   25.17173      -   166 1923s
  1561  1251   25.17173   63  191          -   25.17173      -   166 1930s
  1562  1252   25.17173   11  184          -   25.17173      -   166 1955s
  1563  1253   31.90000   31  191          -   25.17173      -   166 1962s
  1564  1253   25.17173   68  158          -   25.17173      -   166 1986s
  1567  1257   31.90000   83 41918          -   25.17173      -   229 2015s
  1569  1258   25.17173   24  154          -   25.17173      -   229 2059s
  1570  1259   31.90000    5  225          -   25.17173      -   228 2069s
  1571  1260   31.90000   10  170          -   25.17173      -   228 2078s
  1572  1260   25.17173   83  218          -   25.17173      -   228 2085s
  1573  1261   31.90000   70  180          -   25.17173      -   228 2093s
  1574  1262   25.17173   59  229          -   25.17173      -   228 2102s
  1575  1262   25.17173   32  193          -   25.17173      -   228 2111s
  1576  1263   25.30000   26  215          -   25.17173      -   228 2128s
  1577  1264   25.17173   52  198          -   25.17173      -   227 2139s
  1578  1264   39.85000  109  208          -   25.17173      -   227 2154s
  1579  1265   25.17173   80  145          -   25.17173      -   227 2163s
  1580  1266   25.18040  112  172          -   25.18040      -   227 2176s
  1581  1266   61.35000   36  187          -   25.18040      -   227 2183s
  1582  1267   25.26530   51  193          -   25.26530      -   227 2189s
  1583  1268   25.26879   91  188          -   25.26879      -   227 2195s
  1584  1268   25.28743   79  216          -   25.28743      -   226 2200s
  1585  1269   25.28743   67  222          -   25.28743      -   226 2206s
  1586  1270   25.28743   89  203          -   25.28743      -   226 2211s
  1587  1270   25.28743   65  184          -   25.28743      -   226 2218s
  1588  1271   25.28765   91  252          -   25.28765      -   226 2236s
  1589  1272  373.24476   43  165          -   25.29068      -   226 2245s
  1590  1272  437.50072   73  191          -   25.29068      -   226 2250s
  1591  1273   25.29068   95  191          -   25.29068      -   225 2255s
  1593  1274   25.29068   41  183          -   25.29068      -   225 2265s
  1594  1275   25.29068   86  158          -   25.29068      -   225 2281s
  1595  1276   31.90000    8  138          -   25.29068      -   225 2288s
  1596  1276   25.29068  110  156          -   25.29068      -   225 2301s
  1597  1277   25.29068   26  111          -   25.29068      -   225 2306s
  1598  1278   25.29068   78  147          -   25.29068      -   224 2320s
  1599  1278   25.29068  103  132          -   25.29068      -   224 2325s
  1600  1279   56.40000  118  164          -   25.29068      -   224 2336s
  1601  1280   25.29068   19  141          -   25.29068      -   224 2344s
  1602  1280  742.65174   33  178          -   25.29605      -   224 2356s
  1603  1281   31.90000   36  133          -   25.29605      -   224 2363s
  1604  1282   25.29605   81  165          -   25.29605      -   224 2368s
  1605  1282   25.29605   42  139          -   25.29605      -   224 2373s
  1606  1283   25.30302  109  160          -   25.30302      -   223 2385s
  1607  1284   25.30405   99  197          -   25.30405      -   223 2393s
  1608  1284   31.90000   46  219          -   25.32453      -   223 2398s
  1609  1285   25.39607   31  168          -   25.39607      -   223 2405s
  1610  1286 1872.45000   68  179          -   25.39607      -   223 2410s
  1611  1286   25.39607  103  177          -   25.39607      -   223 2415s
  1612  1287   25.39607   98  218          -   25.39607      -   223 2421s
  1613  1288   31.90000    5  194          -   25.39607      -   222 2427s
  1614  1288   25.39607   27  232          -   25.39607      -   222 2440s
  1615  1289   25.39607  100  201          -   25.39607      -   222 2447s
  1616  1290   56.40000  110  192          -   25.39607      -   222 2473s
  1617  1290  742.65174   33  182          -   25.39607      -   222 2481s
  1618  1291   25.50433   78  163          -   25.50433      -   222 2502s
  1619  1292   25.50433   26  107          -   25.50433      -   222 2508s
  1620  1292   25.75073  150  114          -   25.75073      -   221 2514s
  1621  1293   31.90000   33  175          -   25.75073      -   221 2523s
  1622  1294   25.75073   39  127          -   25.75073      -   221 2530s
  1623  1294   56.40000   94  378          -   25.75871      -   221 2538s
  1624  1295   25.76435   35  308          -   25.76435      -   221 2552s
  1625  1296   31.90000   30  300          -   25.76435      -   221 2560s
  1626  1296   31.90000   67 1053          -   25.78337      -   221 2567s
  1627  1297   25.78337   52  953          -   25.78337      -   220 2574s
  1628  1298   25.78390   68  975          -   25.78390      -   220 2579s
  1629  1298   25.78504   81  343          -   25.78504      -   220 2585s
  1630  1299   25.78934   73  360          -   25.78934      -   220 2590s
  1631  1300   56.40000  118  354          -   25.78934      -   220 2597s
  1632  1300   25.79403   18  377          -   25.79403      -   220 2602s
  1633  1301   25.79403   45  369          -   25.79403      -   220 2609s
  1634  1302   25.79403   77  353          -   25.79403      -   220 2614s
  1635  1302   31.90000   15  357          -   25.79403      -   219 2620s
  1636  1303   25.79403   91  304          -   25.79403      -   219 2639s
  1637  1304   25.79403   15  248          -   25.79403      -   219 2644s
  1638  1304   25.79403   57  329          -   25.79403      -   219 2674s
  1639  1305   25.79403   36  300          -   25.79403      -   219 2683s
  1640  1306   25.79864   51  316          -   25.79864      -   219 2698s
  1641  1306   56.40000   87  282          -   25.79864      -   219 2707s
  1642  1307   25.79864   39  356          -   25.79864      -   218 2712s
  1643  1308  317.85043   76  252          -   25.79864      -   218 2719s
  1644  1308   25.79864   67  240          -   25.79864      -   218 2737s
  1645  1309   31.90000   35  271          -   25.79864      -   218 2744s
  1646  1310   35.60000   12  285          -   25.79864      -   218 2757s
  1647  1310   25.79864   24  275          -   25.79864      -   218 2763s
  1648  1311   25.79864   30  255          -   25.79864      -   218 2775s
  1651  1314   31.90000   31 40153          -   25.79864      -   300 2803s
  1653  1315   31.90000   15  158          -   25.79864      -   300 2853s
  1654  1316   25.79864   69  195          -   25.79864      -   300 2861s
  1655  1317   25.80900  117  161          -   25.80900      -   300 2874s
  1656  1317   25.81409   64  187          -   25.81409      -   300 2878s
  1657  1318   25.81409   23  137          -   25.81409      -   299 2884s
  1658  1319   25.81409  131  159          -   25.81409      -   299 2887s
  1659  1319   31.90000   31  143          -   25.81574      -   299 2892s
  1660  1320   25.81574   44  166          -   25.81574      -   299 2902s
  1661  1321   25.82043   63  150          -   25.82043      -   299 2915s
  1663  1322   31.90000   31  205          -   25.82043      -   298 2929s
  1664  1323   25.82043   68  176          -   25.82043      -   298 2935s
  1665  1323   31.90000   33  179          -   25.82043      -   298 2940s
  1666  1324   25.82043   24  146          -   25.82043      -   298 2954s
  1667  1325   31.90000   83  100          -   25.82043      -   298 2961s
  1668  1325   25.82043  153  151          -   25.82043      -   297 2974s
  1669  1326   25.82043   24  143          -   25.82043      -   297 2981s
  1670  1327   31.90000    5  180          -   25.82043      -   297 2999s
  1671  1327   31.90000   10  160          -   25.82043      -   297 3005s
  1672  1328   25.82043   83  207          -   25.82043      -   297 3021s
  1673  1329   31.90000   70  198          -   25.82043      -   296 3028s
  1674  1329   25.82043   59  165          -   25.82043      -   296 3044s
  1675  1330   25.82043   32  206          -   25.82043      -   296 3055s
  1676  1331   26.07212   26 1280          -   26.07212      -   296 3104s
  1677  1331   26.20406   52 1162          -   26.20406      -   296 3115s
  1678  1332   39.85000  109  198          -   26.31340      -   296 3121s
  1679  1333   26.32139   80  206          -   26.32139      -   295 3128s
  1680  1333   26.61616  112  199          -   26.61616      -   295 3136s
  1681  1334   61.35000   36  192          -   26.61616      -   295 3142s
  1682  1335   26.62077   51  226          -   26.62077      -   295 3149s
  1683  1335   26.62077   91  193          -   26.62077      -   295 3155s
  1684  1336   26.63612   79  200          -   26.63612      -   295 3160s
  1685  1337   26.63612   67  190          -   26.63612      -   294 3167s
  1686  1337   26.63612   89  165          -   26.63612      -   294 3172s
  1687  1338   26.63612   65  164          -   26.63612      -   294 3179s
  1688  1339   26.63712   91  232          -   26.63712      -   294 3216s
  1689  1339  373.24476   43  192          -   26.63712      -   294 3222s
  1690  1340  437.50072   73  175          -   26.63857      -   293 3226s
  1691  1341   26.63857   95  171          -   26.63857      -   293 3232s
  1692  1341   26.63976   36  176          -   26.63976      -   293 3235s
  1694  1343   26.63976   86  231          -   26.63976      -   293 3244s
  1695  1343   31.90000    8  208          -   26.63976      -   293 3252s
  1696  1344   26.64695  110  222          -   26.64695      -   292 3265s
  1697  1345   26.64783   26  199          -   26.64783      -   292 3272s
  1698  1345   26.64783   78  208          -   26.64783      -   292 3278s
  1699  1346   26.64783  103  220          -   26.64783      -   292 3283s
  1700  1347   56.40000  118  204          -   26.64783      -   292 3288s
  1701  1347   26.64783   19  197          -   26.64783      -   292 3293s
  1702  1348  742.65174   33  216          -   26.64783      -   291 3305s
  1703  1349   31.90000   36  218          -   26.64783      -   291 3311s
  1704  1349   26.64816   81  206          -   26.64816      -   291 3321s
  1705  1350   26.64816   42  211          -   26.64816      -   291 3326s
  1706  1351   26.64816  109  228          -   26.64816      -   291 3330s
  1707  1351   26.64816   99  203          -   26.64816      -   291 3336s
  1708  1352   31.90000   46  224          -   26.64816      -   290 3350s
  1709  1353   26.64816   31  192          -   26.64816      -   290 3356s
  1710  1353 1872.45000   68  240          -   26.65079      -   290 3369s
  1711  1354   26.65079  103  214          -   26.65079      -   290 3376s
  1712  1355   26.65079   98  258          -   26.65079      -   290 3382s
  1713  1355   31.90000    5  182          -   26.65079      -   290 3388s
  1714  1356   26.65079   27  137          -   26.65079      -   289 3422s
  1715  1357   26.65079  100  150          -   26.65079      -   289 3429s
  1716  1357   56.40000  110  135          -   26.65079      -   289 3442s
  1717  1358  742.65174   33  160          -   26.65079      -   289 3449s
  1718  1359   26.65220   78  172          -   26.65220      -   289 3463s
  1719  1359   26.65220   26  168          -   26.65220      -   289 3469s
  1720  1360   26.68282  150  169          -   26.68282      -   288 3476s
  1721  1361   31.90000   33  178          -   26.68357      -   288 3483s
  1722  1361   26.68357   39  178          -   26.68357      -   288 3486s
  1723  1362   56.40000   94  189          -   26.68443      -   288 3493s
  1724  1363   26.68585   35  172          -   26.68585      -   288 3497s
  1725  1363   31.90000   30  155          -   26.68585      -   288 3503s
  1726  1364   31.90000   67  154          -   26.68585      -   287 3506s
  1727  1365   26.68585   52  169          -   26.68585      -   287 3510s
  1728  1365   26.68585   68  180          -   26.68585      -   287 3527s
  1729  1366   26.68585   81  161          -   26.68585      -   287 3532s
  1730  1367   26.68585   73  169          -   26.68585      -   287 3564s
  1731  1367   56.40000  118  123          -   26.68585      -   287 3568s
  1732  1368   26.68585   18  145          -   26.68585      -   286 3578s
  1735  1371   31.90000   15 39436          -   26.68585      -   369 3605s
  1737  1372   26.68585   15  182          -   26.68585      -   369 3660s
  1738  1373   26.68585   57  174          -   26.68585      -   369 3671s
  1739  1374   26.68585   36  151          -   26.68585      -   369 3690s
  1740  1374   26.68585   51  196          -   26.68585      -   368 3695s
  1741  1375   56.40000   87  186          -   26.68585      -   368 3711s
  1742  1376   26.70142   39  201          -   26.70142      -   368 3715s
  1743  1376  317.85043   76  169          -   26.70142      -   368 3724s
  1744  1377   26.70142   67  207          -   26.70142      -   367 3729s
  1745  1378   31.90000   35  189          -   26.70142      -   367 3737s
  1746  1378   35.60000   12  130          -   26.73315      -   367 3750s
  1747  1379   26.73315   24   97          -   26.73315      -   367 3758s
  1748  1380   26.73420   30  109          -   26.73420      -   367 3760s
  1749  1380   31.90000   10  119          -   26.73420      -   366 3765s
  1751  1382   31.90000   31  149          -   26.73420      -   366 3775s
  1752  1382   26.73420  100  114          -   26.73420      -   366 3794s
  1753  1383   31.90000   15  105          -   26.73420      -   366 3800s
  1754  1384   26.74936   69  159          -   26.74936      -   365 3825s
  1755  1384   26.74991  117  129          -   26.74991      -   365 3833s
  1756  1385   26.86802   64  185          -   26.86802      -   365 3839s
  1757  1386   26.86878   23  155          -   26.86878      -   365 3844s
  1758  1386   26.89398  131  216          -   26.89398      -   365 3849s
  1759  1387   31.90000   31  200          -   26.89398      -   364 3855s
  1760  1388   26.91067   44  176          -   26.91067      -   364 3860s
  1761  1388   26.91458   63  160          -   26.91458      -   364 3866s
  1763  1390   31.90000   31  214          -   26.91581      -   364 3874s
  1764  1390   26.92626   68  216          -   26.92626      -   363 3878s
  1765  1391   31.90000   33  213          -   26.92636      -   363 3884s
  1766  1392   26.92805   24  937          -   26.92805      -   363 3892s
  1767  1392   31.90000   83  829          -   26.92805      -   363 3898s
  1768  1393   26.94033  153  263          -   26.94033      -   362 3904s
  1769  1394   26.94083   24  262          -   26.94083      -   362 3911s
  1770  1394   31.90000    5  208          -   27.60909      -   362 3917s
  1771  1395   31.90000   10  196          -   27.64850      -   362 3923s
  1772  1396   27.65615   83  232          -   27.65615      -   362 3930s
  1773  1396   31.90000   70  191          -   27.65615      -   361 3938s
  1774  1397   27.65615   59  205          -   27.65615      -   361 3943s
  1775  1398   27.65615   32  174          -   27.65615      -   361 3949s
  1776  1398   27.68251   26  196          -   27.68251      -   361 3963s
  1777  1399   27.88671   52  198          -   27.88671      -   361 3970s
  1778  1400   39.85000  109  213          -   27.88671      -   360 3975s
  1779  1400   27.88671   80  220          -   27.88671      -   360 3980s
  1781  1402   61.35000   36  183          -   27.88671      -   360 3989s
  1782  1402   27.96907   51  137          -   27.96907      -   360 4001s
  1783  1403   28.01640   91  111          -   28.01640      -   359 4006s
  1784  1404   28.30095   79  174          -   28.30095      -   359 4010s
  1785  1404   28.57014   67  150          -   28.57014      -   359 4016s
  1786  1405   28.85000   89  179          -   28.85000      -   359 4021s
  1787  1406   28.85000   65  174          -   28.85000      -   359 4028s
  1788  1406   28.85000   91  161          -   28.85000      -   358 4034s
  1789  1407  373.24476   43  147          -   28.85000      -   358 4040s
  1790  1408  437.50072   73  208          -   28.85003      -   358 4053s
  1791  1408   28.85003   95  172          -   28.85003      -   358 4058s
  1792  1409   28.85003   36  219          -   28.85003      -   358 4063s
  1793  1410   28.85003   41  222          -   28.85003      -   357 4070s
  1794  1410   28.85003   86  196          -   28.85003      -   357 4088s
  1797  1414   28.85003   26 39436          -   28.85003      -   400 4114s
  1799  1415   28.85003  103  175          -   28.85003      -   400 4160s
  1800  1416   56.40000  118  131          -   28.85003      -   400 4169s
  1801  1417   28.85003   19  109          -   28.85003      -   399 4180s
  1802  1417  742.65174   33  223          -   28.85004      -   399 4188s
  1803  1418   31.90000   36  170          -   28.85004      -   399 4203s
  1804  1419   28.85004   81  219          -   28.85004      -   399 4210s
  1805  1419   28.85004   42  207          -   28.85004      -   398 4220s
  1806  1420   28.85004  109  193          -   28.85004      -   398 4236s
  1807  1421   28.85004   99  154          -   28.85004      -   398 4246s
  1808  1421   31.90000   46  188          -   28.85007      -   398 4259s
  1809  1422   28.85007   31  177          -   28.85007      -   398 4268s
  1810  1423 1872.45000   68  239          -   28.85008      -   397 4273s
  1811  1423   28.85008  103  193          -   28.85008      -   397 4278s
  1812  1424   28.85008   98  177          -   28.85008      -   397 4281s
  1813  1425   31.90000    5  177          -   28.85008      -   397 4285s
  1815  1426   28.85008  100  184          -   28.85008      -   396 4294s
  1816  1427   56.40000  110  208          -   28.85008      -   396 4306s
  1817  1427  742.65174   33  194          -   28.85008      -   396 4311s
  1819  1429   28.85008   26  199          -   28.85008      -   395 4319s
  1820  1429   28.85008  150  199          -   28.85008      -   395 4328s
  1821  1433   30.60000   69  137          -   28.85008      -   449 4335s
  1823  1436   30.60000   70  128          -   28.85018      -   449 4340s
  1827  1441   30.60000   71  123          -   28.85018      -   449 4348s
  1835  1446   30.60000   72  119          -   28.85018      -   450 4356s
  1843  1450   30.60000   73  117          -   28.85018      -   449 4369s
  1851  1455   40.25000   73   97          -   28.85018      -   449 4372s
  1859  1460   30.60000   74  140          -   28.85018      -   448 4377s
  1867  1467   34.75000   74  156          -   28.85018      -   448 4382s
  1876  1473   30.60000   75  139          -   28.85018      -   447 4387s
  1885  1478 infeasible   75               -   28.85018      -   447 4390s
  1895  1483   30.60000   76   87          -   28.85018      -   445 4398s
  1904  1490   40.25000   76  126          -   28.85018      -   448 4403s
  1917  1496   30.60000   77  159          -   28.85018      -   447 4409s
  1928  1506   34.75000   77   82          -   28.85018      -   446 4415s
  1942  1513   30.60000   78  121          -   28.85018      -   445 4420s
  1953  1520   83.20000   78  139          -   28.85018      -   444 4425s
  1964  1525   30.60000   79  110          -   28.85018      -   442 4431s
  1976  1537   30.60000   79  173          -   28.85018      -   442 4437s
  1992  1547   30.60000   80  118          -   28.85018      -   441 4444s
  2007  1555   30.60000   80  144          -   28.85018      -   442 4452s
  2020  1569   30.60000   81  120          -   28.85018      -   440 4460s
  2040  1576   30.60000   81  166          -   28.85018      -   440 4467s
  2058  1589   30.60000   82   83          -   28.85018      -   439 4474s
  2077  1603   30.60000   83   85          -   28.85018      -   437 4483s
  2098  1617   30.60000   84   87          -   28.85018      -   436 4490s
  2119  1630   34.75000   85   76          -   28.85018      -   435 4499s
  2144  1644   30.60000   87   90          -   28.85018      -   432 4507s
  2167  1664   30.60000   89   88          -   28.85018      -   429 4517s
  2195  1674   30.60000   91   90          -   28.85018      -   427 4554s
  2216  1691   30.60000   93  132          -   28.85018      -   425 4565s
  2249  1706   30.60000   94  129          -   28.85018      -   422 4575s
  2285  1724   30.60000   95  127          -   28.85018      -   418 4586s
  2323  1745   30.60000   96  131          -   28.85018      -   414 4599s
  2366  1748   30.60000   99  132          -   28.85018      -   408 4612s
  2400  1770   30.60000  100  136          -   28.85018      -   405 4624s
  2439  1788   40.25000  101  128          -   28.85018      -   401 4636s
  2485  1800 infeasible  103               -   28.85018      -   396 4650s
  2531  1819 infeasible  105               -   28.85018      -   393 4663s
  2586  1849   30.60000  108  122          -   28.85018      -   386 4677s
  2647  1865   40.25000  111  127          -   28.85018      -   380 4692s
  2707  1888   40.25000  115  132          -   28.85018      -   374 4709s
  2769  1907   40.25000  118  116          -   28.85018      -   369 4728s
  2841  1919 infeasible  121               -   28.85018      -   364 4747s
  2909  1946   40.25000  125   88          -   28.85018      -   360 4768s
  2999  1974 infeasible  129               -   28.85018      -   352 4789s
  3087  2060 infeasible  135               -   28.85018      -   346 4813s
  3242  2237   28.85021  109  128          -   28.85018      -   333 4832s
  3487  2375   28.85251  155  128          -   28.85018      -   312 4856s
  3773  2471   28.93862  212  121          -   28.85018      -   293 4877s
  3980  2652   29.74040  223  139          -   28.85018      -   282 4903s
  4254  2771   29.74040  234  111          -   28.85018      -   268 4930s
  4547  2861   33.45003  261  130          -   28.85018      -   256 4959s
  4815  2960   58.60000  276   87          -   28.85018      -   246 4986s
  5028  3027   58.60000  295   95          -   28.85018      -   241 5018s
  5251  3142   44.90000  110  132          -   28.85018      -   237 5053s
  5495  3280   44.90000  135  107          -   28.85018      -   231 5088s
  5775  3527   44.90000  164   94          -   28.85018      -   226 5130s
  6190  3764   62.00000  223   73          -   28.85021      -   218 5173s
  6639  3816   94.49671  163   78          -   28.85021      -   210 5288s
  6708  4204   94.49671  164   77          -   28.85021      -   209 5332s
  7154  4566   45.05000  108  112          -   28.85021      -   202 5379s
  7579  4991   29.23839  130  129          -   28.85021      -   198 5431s
  8140  5305   29.23839  150  119          -   28.85021      -   190 5484s
  8608  5856   29.69209  184  114          -   28.85021      -   187 5543s
  9281  6309   30.04873  234  101          -   28.85021      -   180 5599s
  9871  6942   65.40000  236  117          -   28.85021      -   175 5654s
 10583  7512   56.90000  270   82          -   28.85021      -   169 5714s
 11327  8263   28.86011  192  102          -   28.85021      -   165 5775s
 12249  9021   28.85251  169  132          -   28.85021      -   158 5832s
 13249  9868   35.65000  290  103          -   28.85021      -   151 5884s
 14249 10600   28.89199  219  120          -   28.85021      -   144 5946s
 15225 11444   28.87201  126  132          -   28.85021      -   140 6038s
 16313 12066   28.85817  165  127          -   28.85021      -   135 6087s
 17164 12808   33.15000  181  113          -   28.85021      -   132 6138s
 18133 13598 infeasible  126               -   28.85021      -   128 6190s
 19189 14442  105.70000  170   89          -   28.85021      -   125 6236s
 20277 14636   28.86583  122  100          -   28.85021      -   121 6285s
 20604 15420   36.05865  176   56          -   28.85021      -   120 6332s
 21669 16242   28.87458  181  111          -   28.85021      -   117 6380s
 22753 17070   29.41593  137   84          -   28.85021      -   115 6425s
 23776 17593   28.88556  142   90          -   28.85021      -   112 6477s
 24530 18347   28.85120  137   95          -   28.85021      -   110 6528s
 25499 18712   37.75865  207   62          -   28.85021      -   108 6577s
 26034 19460   29.02200  176   71          -   28.85021      -   107 6624s
 27060 19937   30.24104  167  109          -   28.85021      -   105 6676s
 27707 20599   94.15000  222   73          -   28.85021      -   104 6731s
 28568 21135   34.47642  230   95          -   28.85021      -   103 6783s
 29325 21767   29.02630  182   96          -   28.85021      -   102 6839s

Cutting planes:
  Learned: 4
  Gomory: 4
  Cover: 10
  Implied bound: 88
  Clique: 7
  MIR: 60
  StrongCG: 2
  Flow cover: 361
  Inf proof: 1
  Zero half: 49
  RLT: 35

Explored 29325 nodes (21388252 simplex iterations) in 7201.40 seconds (3536.49 work units)
Thread count was 8 (of 8 available processors)

Solution count 0

Time limit reached
Best objective -, best bound 3.526088278520e+01, gap -