Start
Set parameter TimeLimit to value 7200
Set parameter CrossoverBasis to value 0
Set parameter NodefileDir to value ""
Set parameter NonConvex to value 2
Set parameter PreSOS2BigM to value 0
Set parameter TuneTrials to value 3
Gurobi Optimizer version 10.0.1 build v10.0.1rc0 (win64)

CPU model: Intel(R) Core(TM) i7-9700 CPU @ 3.00GHz, instruction set [SSE2|AVX|AVX2]
Thread count: 8 physical cores, 8 logical processors, using up to 8 threads

Optimize a model with 1316 rows, 5395 columns and 55958 nonzeros
Model fingerprint: 0x9868eea3
Model has 99307 quadratic constraints
Variable types: 262 continuous, 5133 integer (5133 binary)
Coefficient statistics:
  Matrix range     [1e+00, 5e+02]
  QMatrix range    [1e+00, 5e+02]
  QLMatrix range   [1e+00, 1e+00]
  Objective range  [2e+01, 3e+02]
  Bounds range     [1e+00, 1e+00]
  RHS range        [1e+00, 5e+02]
  QRHS range       [5e+02, 5e+02]
Presolve removed 5277 rows and 127 columns (presolve time = 32s) ...
Presolve removed 263 rows and 69 columns
Presolve time: 32.35s
Presolved: 198818 rows, 113351 columns, 623116 nonzeros
Presolved model has 9222 SOS constraint(s)
Variable types: 9410 continuous, 103941 integer (103941 binary)

Deterministic concurrent LP optimizer: primal simplex, dual simplex, and barrier
Showing barrier log only...

Root barrier log...

Ordering time: 2.94s

Barrier performed 0 iterations in 50.07 seconds (15.20 work units)
Barrier solve interrupted - model solved by another algorithm

Concurrent spin time: 2.42s (can be avoided by choosing Method=3)

Solved with dual simplex

Root relaxation: objective 3.636881e+03, 1084 iterations, 4.67 seconds (2.01 work units)
Total elapsed time = 50.15s

    Nodes    |    Current Node    |     Objective Bounds      |     Work
 Expl Unexpl |  Obj  Depth IntInf | Incumbent    BestBd   Gap | It/Node Time

     0     0 3636.88145    0  726          - 3636.88145      -     -   54s
     0     0 3636.88145    0  538          - 3636.88145      -     -   56s
     0     0 3636.88145    0  417          - 3636.88145      -     -   56s
     0     0 3675.00498    0  579          - 3675.00498      -     -   62s
     0     0 3675.00498    0  559          - 3675.00498      -     -   64s
     0     0 3677.88809    0  500          - 3677.88809      -     -   68s
     0     0 3677.88809    0  471          - 3677.88809      -     -   69s
     0     0 3678.01914    0  662          - 3678.01914      -     -   72s
     0     0 3678.01914    0  578          - 3678.01914      -     -   73s
     0     0 3689.20054    0  538          - 3689.20054      -     -   75s
     0     0 3689.20054    0  642          - 3689.20054      -     -   77s
     0     0 3690.16529    0  556          - 3690.16529      -     -   78s
     0     0 3690.16529    0  615          - 3690.16529      -     -   79s
     0     0 3690.16529    0  492          - 3690.16529      -     -   80s
     0     0 3690.16529    0  525          - 3690.16529      -     -   81s
     0     0 3690.16529    0  412          - 3690.16529      -     -   83s
     0     0 3690.16529    0  417          - 3690.16529      -     -   84s
     0     0 3690.16529    0  431          - 3690.16529      -     -   86s
     0     0 3690.92225    0  471          - 3690.92225      -     -   87s
     0     0 3690.92225    0  421          - 3690.92225      -     -   88s
     0     0 3690.92225    0  408          - 3690.92225      -     -   90s
     0     0 3690.92225    0  364          - 3690.92225      -     -   91s
     0     0 3716.33005    0  469          - 3716.33005      -     -   93s
     0     0 3723.96518    0  510          - 3723.96518      -     -   94s
     0     0 3723.96518    0  497          - 3723.96518      -     -   94s
     0     0 3723.96518    0  477          - 3723.96518      -     -   95s
     0     0 3725.34972    0  452          - 3725.34972      -     -   96s
     0     0 3725.34972    0  415          - 3725.34972      -     -   97s
     0     0 3725.62884    0  343          - 3725.62884      -     -   98s
     0     0 3725.62884    0  450          - 3725.62884      -     -   98s
     0     0 3725.62884    0  365          - 3725.62884      -     -   99s
     0     0 3725.62884    0  410          - 3725.62884      -     -  100s
     0     0 3725.62884    0  393          - 3725.62884      -     -  103s
     0     0 3725.62884    0  476          - 3725.62884      -     -  103s
     0     0 3725.62884    0  310          - 3725.62884      -     -  106s
     0     0 3725.62884    0  310          - 3725.62884      -     -  109s
     0     2 3725.62884    0  310          - 3725.62884      -     -  118s
     3     8 3725.62884    2  302          - 3725.62884      -   455  122s
     7    16 3725.62884    3  304          - 3725.62884      -   335  127s
    15    24 3725.62884    4  361          - 3725.62884      -   405  131s
    31    39 3725.62884    6  348          - 3725.62884      -   245  137s
    39    47 3725.62884    7  340          - 3725.62884      -   195  140s
    56    64 3725.62884    9  293          - 3725.62884      -   141  146s
    64    71 3887.07286   10  600          - 3725.62884      -   140  150s
    81    89 3876.96585   11  302          - 3725.62884      -   118  157s
    90    96 3725.62884   11  294          - 3725.62884      -   115  160s
   106   112 3725.62884   12  351          - 3725.62884      -   111  168s
   115   124 3725.62884   13  350          - 3725.62884      -   104  172s
   127   137 3876.96585   14  452          - 3725.62884      -   111  176s
   140   153 3725.62884   14  345          - 3725.62884      -   110  180s
   168   174 3725.62884   17  331          - 3725.62884      -   103  189s
   182   184 3725.62884   18  336          - 3725.62884      -   101  193s
   193   196 3725.62884   19  327          - 3725.62884      -   107  201s
   207   210 3725.62884   20  335          - 3725.62884      -   109  206s
   223   225 3725.62884   21  305          - 3725.62884      -   113  212s
   240   241 3725.62884   22  284          - 3725.62884      -   118  217s
   256   257 3725.62884   24  303          - 3725.62884      -   111  224s
   277   276 3725.62884   25  284          - 3725.62884      -   122  230s
   299   291 3725.62884   26  284          - 3725.62884      -   127  279s
   314   310 3725.62884   27  284          - 3725.62884      -   126  285s
   335   333 3725.62884   28  267          - 3725.62884      -   125  293s
   365   356 3725.62884   30  261          - 3725.62884      -   126  301s
   395   386 3946.51835   33  567          - 3725.62884      -   134  308s
   436   419 3725.62884   33  275          - 3725.62884      -   132  316s
   477   451 3725.62884   36  258          - 3725.62884      -   129  324s
   513   488 3725.62884   37  259          - 3725.62884      -   129  333s
   559   530 3725.62884   38  228          - 3725.62884      -   130  342s
   613   558 3725.62884   39  227          - 3725.62884      -   132  351s
   651   590 3725.62884   40  245          - 3725.62884      -   130  361s
   704   618 3725.62884   41  244          - 3725.62884      -   131  371s
   737   662 3749.70631   43  362          - 3725.62884      -   134  382s
   789   703 3725.62884   44  244          - 3725.62884      -   135  392s
   850   766 3725.62884   51  233          - 3725.62884      -   139  405s
   919   816 3725.62884   55  286          - 3725.62884      -   138  418s
   975   869 3725.62884   58  250          - 3725.62884      -   137  432s
  1036   958 3725.62884   60  242          - 3725.62884      -   136  447s
  1137  1026 3725.62884   63  271          - 3725.62884      -   132  463s
  1212  1081 3725.62884   66  231          - 3725.62884      -   133  478s
  1284  1160 3725.62884   70  240          - 3725.62884      -   136  495s
  1381  1258 3725.62884   76  298          - 3725.62884      -   133  512s
  1497  1385 3725.62884   79  240          - 3725.62884      -   131  532s
  1637  1478 3725.62884   83  234          - 3725.62884      -   125  552s
  1742  1667 3752.22709   87  482          - 3725.62884      -   122  574s
  1944  1813 3752.23647   94  421          - 3725.62884      -   116  609s
  2104  1968 3752.40706  102  375          - 3725.62884      -   112  634s
  2287  2102 3753.61022  112  393          - 3725.62884      -   109  660s
  2447  2231 3753.61022  116  391          - 3725.62884      -   106  686s
  2631  2316 3871.23420  124  304          - 3725.62884      -   103  712s
  2801  2425 3944.52125  130  349          - 3725.62884      -   101  740s
  2933  2558 3944.93994  139  315          - 3725.62884      -   100  775s
  3091  2676 4039.53797  160  361          - 3725.62884      -  97.6  804s
  3268  2905 4040.10700  176  254          - 3725.62884      -  98.1  835s
  3597  3148 4069.04858  217  254          - 3725.62884      -  94.8  868s
  3904  3383 4069.54919  244  281          - 3725.62884      -  91.9  931s
  4178  3577 4070.71892  280  347          - 3725.62884      -  89.6  965s
  4449  3851 5201.22197  316  227          - 3725.62884      -  88.7  998s
  4816  3852 4029.23522   73 48033          - 3725.62884      -  86.2 1092s
  4818  3853 4311.72041  230  420          - 3765.69505      -  86.2 1129s
  4819  3854 3822.97086   50  357          - 3822.97086      -  86.1 1134s
  4820  3855 4306.38968   95  296          - 3824.56941      -  86.1 1147s
  4821  3855 4105.34012  263  463          - 3851.31342      -  86.1 1154s
  4822  3856 4192.04436   83  309          - 3851.57234      -  86.1 1158s
  4823  3857 4228.15464  157  348          - 3857.55326      -  86.1 1172s
  4824  3857 4305.76938  291  401          - 3859.22617      -  86.1 1177s
  4825  3858 4120.72994   28  312          - 3863.95860      -  86.0 1181s
  4826  3859 3880.31313  112  335          - 3863.95860      -  86.0 1193s
  4827  3859 4267.64444  126  389          - 3869.51359      -  86.0 1200s
  4830  3861 3959.77096  127  396          - 3870.27921      -  85.9 1211s
  4831  3862 4167.83982   10  415          - 3870.27921      -  85.9 1215s
  4832  3863 4224.89152   39  402          - 3870.27921      -  85.9 1223s
  4833  3863 4056.58243   96  442          - 3878.15896      -  85.9 1227s
  4834  3864 4169.22593  152  350          - 3878.15896      -  85.9 1235s
H 4835  3671                    6965.7033875 3890.93235  44.1%  85.9 1250s
  4836  3671 3944.28537   53  346 6965.70339 3895.19628  44.1%  85.8 1318s
  4837  3672 4188.62491   71  412 6965.70339 3895.42921  44.1%  85.8 1375s
  4838  3673 6965.70339  423  366 6965.70339 3895.53899  44.1%  85.8 1401s
  4839  3673 4349.71697  289  389 6965.70339 3895.53899  44.1%  85.8 1445s
  4840  3674 4189.44789  254  482 6965.70339 3896.23090  44.1%  85.8 1579s
  4841  3675 5900.24717  398  385 6965.70339 3898.27963  44.0%  85.7 1671s
  4842  3675 4357.42216  190  328 6965.70339 3899.20761  44.0%  85.7 1703s
  4843  3676 4146.05755  305  406 6965.70339 3899.26100  44.0%  85.7 1735s
  4844  3677 3962.23000  100  393 6965.70339 3899.26100  44.0%  85.7 1771s
  4845  3677 3900.56745   84  460 6965.70339 3900.56745  44.0%  85.7 1868s
  4846  3678 3998.97419   78  446 6965.70339 3903.14279  44.0%  85.7 1918s
  4847  3679 5727.04409   67  455 6965.70339 3903.29132  44.0%  85.6 1977s
  4848  3679 4525.55429  217  472 6965.70339 3903.38126  44.0%  85.6 2006s
  4849  3680 4192.04436   68  445 6965.70339 3903.38126  44.0%  85.6 2053s
  4850  3681 4885.75110  231  428 6965.70339 3910.16987  43.9%  85.6 2132s
  4851  3681 4106.04628   96  338 6965.70339 3911.06135  43.9%  85.6 2175s
  4852  3682 3957.23296  216  345 6965.70339 3911.53555  43.8%  85.6 2199s
  4853  3683 3911.53555  100  354 6965.70339 3911.53555  43.8%  85.5 2233s
  4854  3683 4560.93642  164  403 6965.70339 3914.32660  43.8%  85.5 2332s
  4855  3684 4149.90950   98  338 6965.70339 3914.89747  43.8%  85.5 2373s
  4856  3685 3962.23000   85  436 6965.70339 3915.08995  43.8%  85.5 2393s
  4857  3685 4283.85947   25  435 6965.70339 3915.08995  43.8%  85.5 2443s
  4858  3686 6965.70339  293  510 6965.70339 3915.08995  43.8%  85.4 2524s
H 4858  3501                    6932.4743375 3915.08995  43.5%  85.4 2577s
H 4858  3325                    6752.3168375 3915.08995  42.0%  85.4 2577s
  4860  3326 3915.96348   44  513 6752.31684 3915.96348  42.0%  85.4 2690s
H 4860  3159                    6744.9770875 3915.96348  41.9%  85.4 2691s
H 4860  3000                    6455.3120875 3915.96348  39.3%  85.4 2691s
  4861  3001 4250.03978  111  435 6455.31209 3916.01888  39.3%  85.4 2707s
  4862  3002 4189.44789  275  341 6455.31209 3916.29946  39.3%  85.4 2720s
  4863  3002 4308.59398  262  339 6455.31209 3916.47585  39.3%  85.4 2742s
  4864  3003 4305.76938  236  367 6455.31209 3916.51617  39.3%  85.3 2771s
  4865  3004 3916.58806   68  328 6455.31209 3916.58806  39.3%  85.3 2776s
  4866  3004 3998.86155   26  341 6455.31209 3916.58806  39.3%  85.3 2792s
  4867  3005 4179.68627   54  330 6455.31209 3918.33956  39.3%  85.3 2839s
  4868  3006 4306.38968  121  321 6455.31209 3918.65726  39.3%  85.3 2861s
  4869  3006 4357.61586  336  393 6455.31209 3918.66465  39.3%  85.3 2908s
  4870  3007 4003.86257   79  352 6455.31209 3918.66465  39.3%  85.2 2938s
  4871  3008 4105.07120  298  473 6455.31209 3918.66465  39.3%  85.2 2989s
H 4871  2857                    6429.9899500 3918.66465  39.1%  85.2 2990s
H 4871  2713                    6294.8718250 3918.66465  37.7%  85.2 2990s
H 4871  2577                    5937.3239500 3918.66465  34.0%  85.2 3058s
  4872  2577 4210.75066  200  465 5937.32395 3918.66465  34.0%  85.2 3062s
  4873  2578 3918.78275  113  434 5937.32395 3918.78275  34.0%  85.2 3166s
H 4873  2448                    5864.4131500 3918.78275  33.2%  85.2 3168s
  4874  2449 4109.49938  295  470 5864.41315 3919.14498  33.2%  85.2 3228s
  4875  2449 3919.20993   85  512 5864.41315 3919.20993  33.2%  85.2 3255s
H 4875  2325                    5799.8900750 3919.20993  32.4%  85.2 3297s
  4876  2326 4017.80784  109  512 5799.89007 3919.20993  32.4%  85.1 3309s
  4877  2327 4241.50215  202  319 5799.89007 3920.47757  32.4%  85.1 3348s
  4878  2327 4069.54919  245  419 5799.89007 3921.21343  32.4%  85.1 3374s
  4879  2328 4031.61694  273  382 5799.89007 3921.21573  32.4%  85.1 3379s
  4880  2329 4355.64708  257  404 5799.89007 3921.21573  32.4%  85.1 3407s
  4881  2329 4189.44789  262  401 5799.89007 3923.12015  32.4%  85.0 3426s
  4882  2330 4210.75066  202  362 5799.89007 3923.58054  32.4%  85.0 3430s
  4885  2332 4167.47559  177  300 5799.89007 3923.74150  32.3%  85.0 3454s
H 4885  2215                    5757.0683250 3923.74150  31.8%  85.0 3480s
  4887  2216 4225.41305   86  368 5757.06832 3923.74150  31.8%  84.9 3510s
  4888  2217 3923.79133   56  391 5757.06832 3923.79133  31.8%  84.9 3536s
  4889  2218 4223.26353  222  348 5757.06832 3923.79133  31.8%  84.9 3558s
  4890  2218 4916.29214  449  378 5757.06832 3926.93923  31.8%  84.9 3587s
  4891  2219 4167.47559  168  397 5757.06832 3927.87123  31.8%  84.9 3601s
  4892  2220 4305.76938  281  350 5757.06832 3927.87997  31.8%  84.9 3608s
H 4892  2107                    5681.6416000 3927.87997  30.9%  84.9 3637s
  4894  2108 3928.02955   85  409 5681.64160 3928.02955  30.9%  84.8 3675s
  4895  2109 4084.02049   62  448 5681.64160 3928.04743  30.9%  84.8 3693s
  4896  2109 5375.55717  195  418 5681.64160 3928.04743  30.9%  84.8 3720s
  4897  2110 4001.91509  129  396 5681.64160 3928.06247  30.9%  84.8 3740s
  4898  2111 5648.77589  367  445 5681.64160 3928.18509  30.9%  84.8 3766s
  4899  2111 4976.02253  195  396 5681.64160 3928.18509  30.9%  84.7 3783s
  4900  2112 3995.11031   23  460 5681.64160 3928.18509  30.9%  84.7 3799s
  4901  2113 4704.21322  167  429 5681.64160 3928.18509  30.9%  84.7 3823s
  4902  2113 4436.78240  101  449 5681.64160 3930.35485  30.8%  84.7 3870s
H 4902  2006                    5677.8206125 3930.35485  30.8%  84.7 3871s
  4903  2007 4164.56384   34  387 5677.82061 3930.48747  30.8%  84.7 3884s
  4904  2008 4333.91458  237  372 5677.82061 3930.51968  30.8%  84.6 3904s
  4905  2008 4224.89152   33  467 5677.82061 3930.61897  30.8%  84.6 3928s
  4906  2009 4029.23522   73  398 5677.82061 3930.61897  30.8%  84.6 3962s
  4907  2010 4023.37424   34  353 5677.82061 3930.61897  30.8%  84.6 3981s
  4908  2010 4305.76938  269  409 5677.82061 3930.61897  30.8%  84.6 4015s
  4909  2011 4247.91811   76  441 5677.82061 3930.66951  30.8%  84.6 4090s
H 4909  1909                    5590.8936375 3930.66951  29.7%  84.6 4092s
  4910  1910 4235.38944  184  362 5590.89364 3930.67339  29.7%  84.5 4101s
H 4910  1813                    5501.3172875 3930.67339  28.6%  84.5 4138s
  4911  1813 5205.58888  355  390 5501.31729 3930.67339  28.6%  84.5 4142s
  4912  1814 4599.27905  214  358 5501.31729 3931.88259  28.5%  84.5 4159s
  4913  1815 4148.67591  292  324 5501.31729 3931.95400  28.5%  84.5 4172s
H 4913  1723                    5489.2675375 3931.95400  28.4%  84.5 4209s
  4914  1723 3944.06597   74  315 5489.26754 3931.95400  28.4%  84.5 4212s
H 4914  1635                    5473.8226625 3934.33953  28.1%  84.5 4244s
  4916  1637 4029.23522   73  341 5473.82266 3934.54157  28.1%  84.4 4253s
H 4916  1553                    5394.4689750 3934.54157  27.1%  84.4 4253s
  4918  1554 4311.72041  230  225 5394.46897 3935.16550  27.1%  84.4 4273s
  4919  1555 3935.16550   50  414 5394.46897 3935.16550  27.1%  84.4 4325s
  4920  1555 4306.38968   95  474 5394.46897 3935.16550  27.1%  84.4 4377s
H 4920  1476                    5379.9072250 3935.16550  26.9%  84.4 4399s
  4922  1478 4192.04436   83  351 5379.90722 3935.16550  26.9%  84.3 4446s
  4923  1478 4228.15464  157  223 5379.90722 3935.16550  26.9%  84.3 4518s
  4924  1479 4305.76938  291  299 5379.90722 3935.16550  26.9%  84.3 4578s
  4925  1480 4120.72994   28  255 5379.90722 3935.16550  26.9%  84.3 4655s
  4926  1480 3935.16550  112  260 5379.90722 3935.16550  26.9%  84.3 4698s
  4927  1481 4267.64444  126  157 5379.90722 3936.00987  26.8%  84.3 4747s
  4928  1482 3998.92411    5  341 5379.90722 3936.41141  26.8%  84.2 4757s
  4929  1482 4219.14593  209  289 5379.90722 3936.53925  26.8%  84.2 4760s
  4931  1484 4167.83982   10  319 5379.90722 3936.68751  26.8%  84.2 4801s
  4932  1484 4224.89152   39  329 5379.90722 3936.68751  26.8%  84.2 4819s
  4933  1485 4056.58243   96  381 5379.90722 3936.68751  26.8%  84.2 4856s
  4934  1486 4169.22593  152  388 5379.90722 3936.68751  26.8%  84.1 4866s
  4935  1486 3986.58494  244  379 5379.90722 3936.68751  26.8%  84.1 4894s
  4936  1487 3944.28537   53  250 5379.90722 3937.74877  26.8%  84.1 4971s
H 4936  1410                    5347.7712875 3937.74877  26.4%  84.1 4973s
  4937  1411 4188.62491   71  335 5347.77129 3938.87078  26.3%  84.1 4979s
  4938  1411 5347.77129  423  341 5347.77129 3939.33821  26.3%  84.1 4987s
  4939  1412 4349.71697  289  351 5347.77129 3939.33821  26.3%  84.0 5029s
  4940  1413 4189.44789  254  456 5347.77129 3939.33821  26.3%  84.0 5055s
  4941  1413 5347.77129  398  313 5347.77129 3939.33821  26.3%  84.0 5075s
H 4941  1341                    5334.6931875 3939.33821  26.2%  84.0 5086s
  4943  1343 4146.05755  305  344 5334.69319 3939.33821  26.2%  84.0 5105s
  4944  1343 3962.23000  100  268 5334.69319 3939.33821  26.2%  84.0 5155s
  4945  1344 3939.33821   84  336 5334.69319 3939.33821  26.2%  83.9 5210s
  4946  1345 3998.97419   78  250 5334.69319 3939.33821  26.2%  83.9 5298s
  4947  1345 5334.69319   67  317 5334.69319 3939.33821  26.2%  83.9 5337s
  4948  1346 4525.55429  217  228 5334.69319 3939.33821  26.2%  83.9 5436s
  4949  1347 4192.04436   68  330 5334.69319 3939.33821  26.2%  83.9 5511s
  4950  1347 4885.75110  231  223 5334.69319 3939.33821  26.2%  83.9 5569s
  4953  1351 3939.33821  100 43029 5334.69319 3939.33821  26.2%   107 5641s
  4955  1352 4149.90950   98  198 5334.69319 3939.33821  26.2%   107 5695s
  4956  1353 3962.23000   85  182 5334.69319 3939.33821  26.2%   107 5715s
  4957  1354 4283.85947   25  184 5334.69319 3939.33821  26.2%   107 5733s
  4958  1354 5334.69319  293  199 5334.69319 3939.33821  26.2%   107 5753s
  4959  1355 4325.30424   23  203 5334.69319 3939.33821  26.2%   107 5771s
  4960  1356 3939.33821   44  217 5334.69319 3939.33821  26.2%   107 5788s
  4961  1356 4250.03978  111  236 5334.69319 3939.33821  26.2%   107 5811s
  4962  1357 4189.44789  275  214 5334.69319 3939.33821  26.2%   107 5834s
  4963  1358 4308.59398  262  225 5334.69319 3939.33821  26.2%   107 5868s
  4964  1358 4305.76938  236  251 5334.69319 3939.33821  26.2%   107 5924s
  4965  1359 3939.33821   68  259 5334.69319 3939.33821  26.2%   106 5948s
  4966  1360 3998.86155   26  261 5334.69319 3939.33821  26.2%   106 5973s
  4967  1360 4179.68627   54  270 5334.69319 3939.33821  26.2%   106 6001s
  4968  1361 4306.38968  121  256 5334.69319 3939.33821  26.2%   106 6058s
  4969  1362 4357.61586  336  217 5334.69319 3939.33821  26.2%   106 6091s
  4970  1362 4003.86257   79  244 5334.69319 3942.27517  26.1%   106 6118s
  4971  1363 4105.07120  298  224 5334.69319 3942.27517  26.1%   106 6196s
  4972  1364 4210.75066  200  243 5334.69319 3975.26313  25.5%   106 6263s
  4973  1364 3978.62102  113  236 5334.69319 3978.62102  25.4%   106 6326s
  4974  1365 4109.49938  295  260 5334.69319 3978.62102  25.4%   106 6396s
  4975  1366 3994.07003   85  309 5334.69319 3994.07003  25.1%   106 6490s
  4976  1366 4017.80784  109  283 5334.69319 3996.86563  25.1%   106 6528s
  4977  1367 4241.50215  202  249 5334.69319 3996.98216  25.1%   106 6551s
  4978  1368 4069.54919  245  271 5334.69319 3996.98216  25.1%   106 6586s
  4979  1368 4031.61694  273  321 5334.69319 4006.41286  24.9%   106 6669s
  4980  1369 4355.64708  257  222 5334.69319 4006.69319  24.9%   106 6709s
  4981  1370 4189.44789  262  222 5334.69319 4007.45392  24.9%   106 6729s
  4982  1370 4210.75066  202  228 5334.69319 4007.46524  24.9%   106 6740s
  4983  1371 4169.22593  146  229 5334.69319 4007.46524  24.9%   106 6764s
  4984  1372 4327.83468  363  249 5334.69319 4007.95786  24.9%   106 6800s
  4985  1372 4167.47559  177  229 5334.69319 4007.95907  24.9%   106 6827s
  4986  1373 4037.24529  262  230 5334.69319 4007.98088  24.9%   106 6842s
  4987  1374 4225.41305   86  232 5334.69319 4007.98088  24.9%   106 6857s
  4988  1374 4008.99080   56  255 5334.69319 4008.99080  24.9%   106 6891s
  4989  1375 4223.26353  222  268 5334.69319 4009.46093  24.8%   106 6927s
  4990  1376 4916.29214  449  266 5334.69319 4009.76795  24.8%   106 6944s
  4991  1376 4167.47559  168  251 5334.69319 4009.80155  24.8%   106 6951s
  4992  1377 4305.76938  281  267 5334.69319 4009.80155  24.8%   106 6966s
  4993  1378 4318.52020  139  315 5334.69319 4015.54743  24.7%   106 7012s
  4994  1378 4017.77705   85  229 5334.69319 4017.77705  24.7%   106 7036s
  4995  1379 4084.02049   62  270 5334.69319 4017.85095  24.7%   106 7053s
  4996  1380 5334.69319  195  239 5334.69319 4017.85095  24.7%   106 7071s
  4997  1380 4017.91820  129  324 5334.69319 4017.91820  24.7%   106 7121s
H 4997  1310                    5322.9751000 4017.91820  24.5%   106 7122s
  4998  1311 5322.97510  367  337 5322.97510 4017.95662  24.5%   106 7148s
H 4998  1244                    5312.6719750 4017.95662  24.4%   106 7148s
  4999  1245 4976.02253  195  385 5312.67197 4017.95662  24.4%   106 7174s

Cutting planes:
  Learned: 2
  Gomory: 4
  Implied bound: 935
  Projected implied bound: 10
  Clique: 2
  MIR: 17
  StrongCG: 2
  Flow cover: 283
  Zero half: 19
  RLT: 30
  Relax-and-lift: 52

Explored 4999 nodes (605440 simplex iterations) in 7200.78 seconds (3535.47 work units)
Thread count was 8 (of 8 available processors)

Solution count 10: 5312.67 5322.98 5334.69 ... 5590.89

Time limit reached
Best objective 5.312671974999e+03, best bound 4.018274962822e+03, gap 24.3643%